2020-10-30 13:45:21,394 [1] INFO INFOropert{BotName} - Starting bot...
2020-10-30 13:45:21,414 [1] INFO INFOropert{BotName} - Loading from database...
2020-10-30 13:45:35,213 [1] INFO INFOropert{BotName} - Loading from database completed
2020-10-30 13:45:35,218 [1] INFO INFOropert{BotName} - Loaded
2020-10-30 13:45:35,226 [1] INFO INFOropert{BotName} - Adding all commands...
2020-10-30 13:45:35,243 [1] INFO INFOropert{BotName} - Commands added
2020-10-30 13:45:35,248 [1] INFO INFOropert{BotName} - Update DB timer
2020-10-30 13:45:35,255 [1] INFO INFOropert{BotName} - Update DB timer end
2020-10-30 13:45:35,281 [1] INFO INFOropert{BotName} - In HMNotificationTimer
2020-10-30 13:45:35,286 [1] INFO INFOropert{BotName} - Get next lesson
2020-10-30 13:45:35,292 [1] INFO INFOropert{BotName} - Get next lesson end
2020-10-30 13:45:35,292 [1] INFO INFOropert{BotName} - No lesson found. HMNotification end
2020-10-30 13:45:35,292 [1] INFO INFOropert{BotName} - In WebinarNotificationTimer
2020-10-30 13:45:35,293 [1] INFO INFOropert{BotName} - Get next lesson
2020-10-30 13:45:35,298 [1] INFO INFOropert{BotName} - Get next lesson end
2020-10-30 13:45:35,298 [1] INFO INFOropert{BotName} - No lesson found. WebinarNotification end
2020-10-30 13:45:35,305 [1] INFO INFOropert{BotName} - In InitializeTestTimer
2020-10-30 13:45:35,307 [1] INFO INFOropert{BotName} - Get next lesson(hour)
2020-10-30 13:45:35,309 [1] INFO INFOropert{BotName} - Get next lesson(hour) end
2020-10-30 13:45:35,311 [1] INFO INFOropert{BotName} - No lesson found. InitializeTimer end
2020-10-30 13:45:35,312 [1] INFO INFOropert{BotName} - In LinkSenderTimer
2020-10-30 13:45:35,312 [1] INFO INFOropert{BotName} - Get next lesson
2020-10-30 13:45:35,312 [1] INFO INFOropert{BotName} - Get next lesson end
2020-10-30 13:45:35,312 [1] INFO INFOropert{BotName} - No lesson found. LinkSender end
2020-10-30 13:45:36,060 [1] INFO INFOropert{BotName} - Creating menu...
2020-10-30 13:45:36,061 [1] INFO INFOropert{BotName} - Menu created
2020-10-30 13:45:36,061 [1] INFO INFOropert{BotName} - Bot started
2020-10-30 13:46:35,260 [9] INFO INFOropert{BotName} - Checking for updates...
2020-10-30 13:46:35,575 [9] INFO INFOropert{BotName} - Updating users...
2020-10-30 13:46:35,879 [9] INFO INFOropert{BotName} - Users updated
2020-10-30 13:46:35,881 [9] INFO INFOropert{BotName} - Updating lessons...
2020-10-30 13:46:48,964 [9] INFO INFOropert{BotName} - In HMNotificationTimer
2020-10-30 13:46:48,964 [9] INFO INFOropert{BotName} - Get next lesson
2020-10-30 13:46:48,965 [9] INFO INFOropert{BotName} - Get next lesson end
2020-10-30 13:46:48,965 [9] INFO INFOropert{BotName} - No lesson found. HMNotification end
2020-10-30 13:46:48,966 [9] INFO INFOropert{BotName} - In WebinarNotificationTimer
2020-10-30 13:46:48,966 [9] INFO INFOropert{BotName} - Get next lesson
2020-10-30 13:46:48,966 [9] INFO INFOropert{BotName} - Get next lesson end
2020-10-30 13:46:48,966 [9] INFO INFOropert{BotName} - No lesson found. WebinarNotification end
2020-10-30 13:46:48,966 [9] INFO INFOropert{BotName} - In InitializeTestTimer
2020-10-30 13:46:48,966 [9] INFO INFOropert{BotName} - Get next lesson(hour)
2020-10-30 13:46:48,967 [9] INFO INFOropert{BotName} - Get next lesson(hour) end
2020-10-30 13:46:48,967 [9] INFO INFOropert{BotName} - No lesson found. InitializeTimer end
2020-10-30 13:46:48,968 [9] INFO INFOropert{BotName} - In InitializeStopTimer
2020-10-30 13:46:48,969 [9] INFO INFOropert{BotName} - Get next lesson(min,hour)
2020-10-30 13:46:48,969 [9] INFO INFOropert{BotName} - Get next lesson(min,hour) end
2020-10-30 13:46:48,970 [9] INFO INFOropert{BotName} - No lesson found. StopTimer end
2020-10-30 13:46:48,970 [9] INFO INFOropert{BotName} - In LinkSenderTimer
2020-10-30 13:46:48,970 [9] INFO INFOropert{BotName} - Get next lesson
2020-10-30 13:46:48,970 [9] INFO INFOropert{BotName} - Get next lesson end
2020-10-30 13:46:48,970 [9] INFO INFOropert{BotName} - No lesson found. LinkSender end
2020-10-30 13:46:48,970 [9] INFO INFOropert{BotName} - Lessons updated
2020-10-30 13:46:48,970 [9] INFO INFOropert{BotName} - Updates checked
2020-10-30 13:47:35,259 [8] INFO INFOropert{BotName} - Checking for updates...
2020-10-30 13:47:35,337 [8] INFO INFOropert{BotName} - Updating users...
2020-10-30 13:47:35,573 [8] INFO INFOropert{BotName} - Users updated
2020-10-30 13:47:35,573 [8] INFO INFOropert{BotName} - Updates checked
2020-10-30 13:48:35,258 [11] INFO INFOropert{BotName} - Checking for updates...
2020-10-30 13:48:35,337 [11] INFO INFOropert{BotName} - Updating users...
2020-10-30 13:48:35,470 [11] INFO INFOropert{BotName} - Users updated
2020-10-30 13:48:35,470 [11] INFO INFOropert{BotName} - Updates checked
2020-10-30 13:49:35,255 [12] INFO INFOropert{BotName} - Checking for updates...
2020-10-30 13:49:35,336 [12] INFO INFOropert{BotName} - Updating users...
2020-10-30 13:49:35,547 [12] INFO INFOropert{BotName} - Users updated
2020-10-30 13:49:35,547 [12] INFO INFOropert{BotName} - Updates checked
2020-10-30 13:50:35,255 [13] INFO INFOropert{BotName} - Checking for updates...
2020-10-30 13:50:35,334 [13] INFO INFOropert{BotName} - Updating users...
2020-10-30 13:50:35,464 [13] INFO INFOropert{BotName} - Users updated
2020-10-30 13:50:35,465 [13] INFO INFOropert{BotName} - Updates checked
2020-10-30 13:51:35,254 [4] INFO INFOropert{BotName} - Checking for updates...
2020-10-30 13:51:35,331 [4] INFO INFOropert{BotName} - Updating users...
2020-10-30 13:51:35,514 [4] INFO INFOropert{BotName} - Users updated
2020-10-30 13:51:35,514 [4] INFO INFOropert{BotName} - Updates checked
2020-10-30 13:52:35,265 [11] INFO INFOropert{BotName} - Checking for updates...
2020-10-30 13:52:35,345 [11] INFO INFOropert{BotName} - Updating users...
2020-10-30 13:52:35,472 [11] INFO INFOropert{BotName} - Users updated
2020-10-30 13:52:35,473 [11] INFO INFOropert{BotName} - Updates checked
2020-10-30 13:53:35,258 [9] INFO INFOropert{BotName} - Checking for updates...
2020-10-30 13:53:35,334 [9] INFO INFOropert{BotName} - Updating users...
2020-10-30 13:53:35,516 [9] INFO INFOropert{BotName} - Users updated
2020-10-30 13:53:35,516 [9] INFO INFOropert{BotName} - Updates checked
2020-10-30 13:54:35,255 [10] INFO INFOropert{BotName} - Checking for updates...
2020-10-30 13:54:35,333 [10] INFO INFOropert{BotName} - Updating users...
2020-10-30 13:54:35,466 [10] INFO INFOropert{BotName} - Users updated
2020-10-30 13:54:35,466 [10] INFO INFOropert{BotName} - Updates checked
2020-10-30 13:55:35,255 [8] INFO INFOropert{BotName} - Checking for updates...
2020-10-30 13:55:35,330 [8] INFO INFOropert{BotName} - Updating users...
2020-10-30 13:55:35,487 [8] INFO INFOropert{BotName} - Users updated
2020-10-30 13:55:35,487 [8] INFO INFOropert{BotName} - Updates checked
2020-10-30 13:56:35,263 [7] INFO INFOropert{BotName} - Checking for updates...
2020-10-30 13:56:35,340 [7] INFO INFOropert{BotName} - Updating users...
2020-10-30 13:56:35,468 [7] INFO INFOropert{BotName} - Users updated
2020-10-30 13:56:35,468 [7] INFO INFOropert{BotName} - Updates checked
2020-10-30 13:57:35,255 [9] INFO INFOropert{BotName} - Checking for updates...
2020-10-30 13:57:35,329 [9] INFO INFOropert{BotName} - Updating users...
2020-10-30 13:57:35,485 [9] INFO INFOropert{BotName} - Users updated
2020-10-30 13:57:35,485 [9] INFO INFOropert{BotName} - Updating lessons...
2020-10-30 13:57:49,299 [9] INFO INFOropert{BotName} - In HMNotificationTimer
2020-10-30 13:57:49,299 [9] INFO INFOropert{BotName} - Get next lesson
2020-10-30 13:57:49,300 [9] INFO INFOropert{BotName} - Get next lesson end
2020-10-30 13:57:49,300 [9] INFO INFOropert{BotName} - No lesson found. HMNotification end
2020-10-30 13:57:49,300 [9] INFO INFOropert{BotName} - In WebinarNotificationTimer
2020-10-30 13:57:49,300 [9] INFO INFOropert{BotName} - Get next lesson
2020-10-30 13:57:49,300 [9] INFO INFOropert{BotName} - Get next lesson end
2020-10-30 13:57:49,300 [9] INFO INFOropert{BotName} - No lesson found. WebinarNotification end
2020-10-30 13:57:49,300 [9] INFO INFOropert{BotName} - In InitializeTestTimer
2020-10-30 13:57:49,300 [9] INFO INFOropert{BotName} - Get next lesson(hour)
2020-10-30 13:57:49,300 [9] INFO INFOropert{BotName} - Get next lesson(hour) end
2020-10-30 13:57:49,300 [9] INFO INFOropert{BotName} - No lesson found. InitializeTimer end
2020-10-30 13:57:49,300 [9] INFO INFOropert{BotName} - In InitializeStopTimer
2020-10-30 13:57:49,300 [9] INFO INFOropert{BotName} - Get next lesson(min,hour)
2020-10-30 13:57:49,300 [9] INFO INFOropert{BotName} - Get next lesson(min,hour) end
2020-10-30 13:57:49,300 [9] INFO INFOropert{BotName} - No lesson found. StopTimer end
2020-10-30 13:57:49,300 [9] INFO INFOropert{BotName} - In LinkSenderTimer
2020-10-30 13:57:49,300 [9] INFO INFOropert{BotName} - Get next lesson
2020-10-30 13:57:49,300 [9] INFO INFOropert{BotName} - Get next lesson end
2020-10-30 13:57:49,300 [9] INFO INFOropert{BotName} - No lesson found. LinkSender end
2020-10-30 13:57:49,300 [9] INFO INFOropert{BotName} - Lessons updated
2020-10-30 13:57:49,300 [9] INFO INFOropert{BotName} - Updates checked
2020-10-30 13:58:35,265 [7] INFO INFOropert{BotName} - Checking for updates...
2020-10-30 13:58:35,341 [7] INFO INFOropert{BotName} - Updating users...
2020-10-30 13:58:35,471 [7] INFO INFOropert{BotName} - Users updated
2020-10-30 13:58:35,471 [7] INFO INFOropert{BotName} - Updates checked
2020-10-30 13:59:35,254 [11] INFO INFOropert{BotName} - Checking for updates...
2020-10-30 13:59:35,329 [11] INFO INFOropert{BotName} - Updating users...
2020-10-30 13:59:35,461 [11] INFO INFOropert{BotName} - Users updated
2020-10-30 13:59:35,461 [11] INFO INFOropert{BotName} - Updates checked
2020-10-30 14:00:35,255 [4] INFO INFOropert{BotName} - Checking for updates...
2020-10-30 14:00:35,333 [4] INFO INFOropert{BotName} - Updating users...
2020-10-30 14:00:35,462 [4] INFO INFOropert{BotName} - Users updated
2020-10-30 14:00:35,463 [4] INFO INFOropert{BotName} - Updates checked
2020-10-30 14:00:57,195 [6] INFO INFOropert{BotName} - On message recieved 'Повторити запитання з тесту 🔄' from 1271039837
2020-10-30 14:00:57,226 [6] INFO INFOropert{BotName} - Creating inline KB...
2020-10-30 14:00:57,226 [6] INFO INFOropert{BotName} - KB created
2020-10-30 14:00:57,310 [6] INFO INFOropert{BotName} - On message from 1271039837 end
2020-10-30 14:01:03,964 [6] INFO INFOropert{BotName} - On callback querry '3' from 1271039837
2020-10-30 14:01:04,140 [6] INFO INFOropert{BotName} - Answer '3' from 1271039837 on 202/6 was right!
2020-10-30 14:01:04,232 [6] INFO INFOropert{BotName} - Creating inline KB...
2020-10-30 14:01:04,232 [6] INFO INFOropert{BotName} - KB created
2020-10-30 14:01:04,233 [6] INFO INFOropert{BotName} - Saving state for 1271039837
2020-10-30 14:01:04,233 [6] INFO INFOropert{BotName} - In executing mysql
2020-10-30 14:01:04,310 [6] INFO INFOropert{BotName} - Executing mysql end
2020-10-30 14:01:04,310 [6] INFO INFOropert{BotName} - State saved
2020-10-30 14:01:04,311 [6] INFO INFOropert{BotName} - CallbackQuerry from 1271039837 end
2020-10-30 14:01:13,802 [6] INFO INFOropert{BotName} - On callback querry '2' from 1271039837
2020-10-30 14:01:13,802 [6] INFO INFOropert{BotName} - Answer '2' from 1271039837 on 202/7 was right!
2020-10-30 14:01:13,907 [6] INFO INFOropert{BotName} - Creating inline KB...
2020-10-30 14:01:13,907 [6] INFO INFOropert{BotName} - KB created
2020-10-30 14:01:13,910 [6] INFO INFOropert{BotName} - Saving state for 1271039837
2020-10-30 14:01:13,910 [6] INFO INFOropert{BotName} - In executing mysql
2020-10-30 14:01:13,989 [6] INFO INFOropert{BotName} - Executing mysql end
2020-10-30 14:01:13,989 [6] INFO INFOropert{BotName} - State saved
2020-10-30 14:01:13,989 [6] INFO INFOropert{BotName} - CallbackQuerry from 1271039837 end
2020-10-30 14:01:22,276 [6] INFO INFOropert{BotName} - On callback querry '2' from 1271039837
2020-10-30 14:01:22,276 [6] INFO INFOropert{BotName} - Answer '2' from 1271039837 on 202/8 was right!
2020-10-30 14:01:22,356 [6] INFO INFOropert{BotName} - Creating inline KB...
2020-10-30 14:01:22,356 [6] INFO INFOropert{BotName} - KB created
2020-10-30 14:01:22,357 [6] INFO INFOropert{BotName} - Saving state for 1271039837
2020-10-30 14:01:22,358 [6] INFO INFOropert{BotName} - In executing mysql
2020-10-30 14:01:22,433 [6] INFO INFOropert{BotName} - Executing mysql end
2020-10-30 14:01:22,433 [6] INFO INFOropert{BotName} - State saved
2020-10-30 14:01:22,433 [6] INFO INFOropert{BotName} - CallbackQuerry from 1271039837 end
2020-10-30 14:01:26,064 [6] INFO INFOropert{BotName} - On callback querry '4' from 1271039837
2020-10-30 14:01:26,064 [6] INFO INFOropert{BotName} - Answer '4' from 1271039837 on 202/9 was right!
2020-10-30 14:01:26,221 [6] INFO INFOropert{BotName} - Creating inline KB...
2020-10-30 14:01:26,222 [6] INFO INFOropert{BotName} - KB created
2020-10-30 14:01:26,223 [6] INFO INFOropert{BotName} - Saving state for 1271039837
2020-10-30 14:01:26,223 [6] INFO INFOropert{BotName} - In executing mysql
2020-10-30 14:01:26,301 [6] INFO INFOropert{BotName} - Executing mysql end
2020-10-30 14:01:26,302 [6] INFO INFOropert{BotName} - State saved
2020-10-30 14:01:26,302 [6] INFO INFOropert{BotName} - CallbackQuerry from 1271039837 end
2020-10-30 14:01:30,013 [6] INFO INFOropert{BotName} - On callback querry '1' from 1271039837
2020-10-30 14:01:30,013 [6] INFO INFOropert{BotName} - Answer '1' from 1271039837 on 202/10 was right!
2020-10-30 14:01:30,111 [6] INFO INFOropert{BotName} - Creating inline KB...
2020-10-30 14:01:30,111 [6] INFO INFOropert{BotName} - KB created
2020-10-30 14:01:30,112 [6] INFO INFOropert{BotName} - Saving state for 1271039837
2020-10-30 14:01:30,112 [6] INFO INFOropert{BotName} - In executing mysql
2020-10-30 14:01:30,188 [6] INFO INFOropert{BotName} - Executing mysql end
2020-10-30 14:01:30,188 [6] INFO INFOropert{BotName} - State saved
2020-10-30 14:01:30,188 [6] INFO INFOropert{BotName} - CallbackQuerry from 1271039837 end
2020-10-30 14:01:35,256 [13] INFO INFOropert{BotName} - Checking for updates...
2020-10-30 14:01:35,332 [13] INFO INFOropert{BotName} - Updating users...
2020-10-30 14:01:35,469 [13] INFO INFOropert{BotName} - Users updated
2020-10-30 14:01:35,469 [13] INFO INFOropert{BotName} - Updates checked
2020-10-30 14:01:42,260 [6] INFO INFOropert{BotName} - On callback querry '3' from 1271039837
2020-10-30 14:01:42,260 [6] INFO INFOropert{BotName} - Answer '3' from 1271039837 on 202/11 was right!
2020-10-30 14:01:42,340 [6] INFO INFOropert{BotName} - Creating inline KB...
2020-10-30 14:01:42,340 [6] INFO INFOropert{BotName} - KB created
2020-10-30 14:01:42,341 [6] INFO INFOropert{BotName} - Saving state for 1271039837
2020-10-30 14:01:42,341 [6] INFO INFOropert{BotName} - In executing mysql
2020-10-30 14:01:42,418 [6] INFO INFOropert{BotName} - Executing mysql end
2020-10-30 14:01:42,419 [6] INFO INFOropert{BotName} - State saved
2020-10-30 14:01:42,419 [6] INFO INFOropert{BotName} - CallbackQuerry from 1271039837 end
2020-10-30 14:01:50,915 [6] INFO INFOropert{BotName} - On callback querry '1' from 1271039837
2020-10-30 14:01:50,915 [6] INFO INFOropert{BotName} - Answer '1' from 1271039837 on 202/12 was right!
2020-10-30 14:01:50,995 [6] INFO INFOropert{BotName} - Creating inline KB...
2020-10-30 14:01:50,995 [6] INFO INFOropert{BotName} - KB created
2020-10-30 14:01:50,996 [6] INFO INFOropert{BotName} - Saving state for 1271039837
2020-10-30 14:01:50,996 [6] INFO INFOropert{BotName} - In executing mysql
2020-10-30 14:01:51,073 [6] INFO INFOropert{BotName} - Executing mysql end
2020-10-30 14:01:51,074 [6] INFO INFOropert{BotName} - State saved
2020-10-30 14:01:51,074 [6] INFO INFOropert{BotName} - CallbackQuerry from 1271039837 end
2020-10-30 14:01:58,184 [6] INFO INFOropert{BotName} - On callback querry '4' from 1271039837
2020-10-30 14:01:58,185 [6] INFO INFOropert{BotName} - Answer '4' from 1271039837 on 202/13 was right!
2020-10-30 14:01:58,270 [6] INFO INFOropert{BotName} - Creating inline KB...
2020-10-30 14:01:58,270 [6] INFO INFOropert{BotName} - KB created
2020-10-30 14:01:58,271 [6] INFO INFOropert{BotName} - Saving state for 1271039837
2020-10-30 14:01:58,271 [6] INFO INFOropert{BotName} - In executing mysql
2020-10-30 14:01:58,346 [6] INFO INFOropert{BotName} - Executing mysql end
2020-10-30 14:01:58,346 [6] INFO INFOropert{BotName} - State saved
2020-10-30 14:01:58,346 [6] INFO INFOropert{BotName} - CallbackQuerry from 1271039837 end
2020-10-30 14:02:04,459 [6] INFO INFOropert{BotName} - On callback querry '3' from 1271039837
2020-10-30 14:02:04,459 [6] INFO INFOropert{BotName} - Answer '3' from 1271039837 on 202/14 was wrong!
2020-10-30 14:02:04,601 [6] INFO INFOropert{BotName} - Creating inline KB...
2020-10-30 14:02:04,601 [6] INFO INFOropert{BotName} - KB created
2020-10-30 14:02:04,602 [6] INFO INFOropert{BotName} - Saving state for 1271039837
2020-10-30 14:02:04,602 [6] INFO INFOropert{BotName} - In executing mysql
2020-10-30 14:02:04,678 [6] INFO INFOropert{BotName} - Executing mysql end
2020-10-30 14:02:04,678 [6] INFO INFOropert{BotName} - State saved
2020-10-30 14:02:04,678 [6] INFO INFOropert{BotName} - CallbackQuerry from 1271039837 end
2020-10-30 14:02:14,891 [6] INFO INFOropert{BotName} - On callback querry '4' from 1271039837
2020-10-30 14:02:14,891 [6] INFO INFOropert{BotName} - Answer '4' from 1271039837 on 202/15 was wrong!
2020-10-30 14:02:15,127 [6] INFO INFOropert{BotName} - Saving state for 1271039837
2020-10-30 14:02:15,127 [6] INFO INFOropert{BotName} - In executing mysql
2020-10-30 14:02:15,203 [6] INFO INFOropert{BotName} - Executing mysql end
2020-10-30 14:02:15,203 [6] INFO INFOropert{BotName} - State saved
2020-10-30 14:02:15,203 [6] INFO INFOropert{BotName} - CallbackQuerry from 1271039837 end
2020-10-30 14:02:35,266 [13] INFO INFOropert{BotName} - Checking for updates...
2020-10-30 14:02:35,343 [13] INFO INFOropert{BotName} - Updating users...
2020-10-30 14:02:35,470 [13] INFO INFOropert{BotName} - Users updated
2020-10-30 14:02:35,470 [13] INFO INFOropert{BotName} - Updates checked
2020-10-30 14:03:35,255 [11] INFO INFOropert{BotName} - Checking for updates...
2020-10-30 14:03:35,331 [11] INFO INFOropert{BotName} - Updating users...
2020-10-30 14:03:35,464 [11] INFO INFOropert{BotName} - Users updated
2020-10-30 14:03:35,464 [11] INFO INFOropert{BotName} - Updates checked
2020-10-30 14:04:35,255 [9] INFO INFOropert{BotName} - Checking for updates...
2020-10-30 14:04:35,331 [9] INFO INFOropert{BotName} - Updating users...
2020-10-30 14:04:35,464 [9] INFO INFOropert{BotName} - Users updated
2020-10-30 14:04:35,464 [9] INFO INFOropert{BotName} - Updates checked
2020-10-30 14:05:35,255 [14] INFO INFOropert{BotName} - Checking for updates...
2020-10-30 14:05:35,330 [14] INFO INFOropert{BotName} - Updating users...
2020-10-30 14:05:35,463 [14] INFO INFOropert{BotName} - Users updated
2020-10-30 14:05:35,463 [14] INFO INFOropert{BotName} - Updates checked
2020-10-30 14:06:35,257 [16] INFO INFOropert{BotName} - Checking for updates...
2020-10-30 14:06:35,335 [16] INFO INFOropert{BotName} - Updating users...
2020-10-30 14:06:35,463 [16] INFO INFOropert{BotName} - Users updated
2020-10-30 14:06:35,463 [16] INFO INFOropert{BotName} - Updates checked
2020-10-30 14:07:35,257 [11] INFO INFOropert{BotName} - Checking for updates...
2020-10-30 14:07:35,332 [11] INFO INFOropert{BotName} - Updating users...
2020-10-30 14:07:35,471 [11] INFO INFOropert{BotName} - Users updated
2020-10-30 14:07:35,471 [11] INFO INFOropert{BotName} - Updates checked
2020-10-30 14:08:35,255 [10] INFO INFOropert{BotName} - Checking for updates...
2020-10-30 14:08:35,331 [10] INFO INFOropert{BotName} - Updating users...
2020-10-30 14:08:35,461 [10] INFO INFOropert{BotName} - Users updated
2020-10-30 14:08:35,461 [10] INFO INFOropert{BotName} - Updates checked
2020-10-30 14:09:06,958 [15] INFO INFOropert{BotName} - On message recieved '1- Д, 2- Б, 3- Г, 4- А' from 1271039837
2020-10-30 14:09:06,977 [15] INFO INFOropert{BotName} - Answer '1- Д, 2- Б, 3- Г, 4- А' from 1271039837 on 202/16 was right!
2020-10-30 14:09:07,064 [15] INFO INFOropert{BotName} - Creating inline KB...
2020-10-30 14:09:07,064 [15] INFO INFOropert{BotName} - KB created
2020-10-30 14:09:07,065 [15] INFO INFOropert{BotName} - Saving state for 1271039837
2020-10-30 14:09:07,065 [15] INFO INFOropert{BotName} - In executing mysql
2020-10-30 14:09:07,140 [15] INFO INFOropert{BotName} - Executing mysql end
2020-10-30 14:09:07,140 [15] INFO INFOropert{BotName} - State saved
2020-10-30 14:09:07,140 [15] INFO INFOropert{BotName} - On message from 1271039837 end
2020-10-30 14:09:23,355 [15] INFO INFOropert{BotName} - On callback querry '1' from 1271039837
2020-10-30 14:09:23,355 [15] INFO INFOropert{BotName} - Answer '1' from 1271039837 on 202/17 was right!
2020-10-30 14:09:23,487 [15] INFO INFOropert{BotName} - Creating inline KB...
2020-10-30 14:09:23,487 [15] INFO INFOropert{BotName} - KB created
2020-10-30 14:09:23,487 [15] INFO INFOropert{BotName} - Saving state for 1271039837
2020-10-30 14:09:23,488 [15] INFO INFOropert{BotName} - In executing mysql
2020-10-30 14:09:23,565 [15] INFO INFOropert{BotName} - Executing mysql end
2020-10-30 14:09:23,565 [15] INFO INFOropert{BotName} - State saved
2020-10-30 14:09:23,565 [15] INFO INFOropert{BotName} - CallbackQuerry from 1271039837 end
2020-10-30 14:09:32,225 [15] INFO INFOropert{BotName} - On callback querry '2' from 1271039837
2020-10-30 14:09:32,225 [15] INFO INFOropert{BotName} - Answer '2' from 1271039837 on 202/18 was right!
2020-10-30 14:09:32,305 [15] INFO INFOropert{BotName} - Creating inline KB...
2020-10-30 14:09:32,305 [15] INFO INFOropert{BotName} - KB created
2020-10-30 14:09:32,305 [15] INFO INFOropert{BotName} - Saving state for 1271039837
2020-10-30 14:09:32,305 [15] INFO INFOropert{BotName} - In executing mysql
2020-10-30 14:09:32,381 [15] INFO INFOropert{BotName} - Executing mysql end
2020-10-30 14:09:32,381 [15] INFO INFOropert{BotName} - State saved
2020-10-30 14:09:32,381 [15] INFO INFOropert{BotName} - CallbackQuerry from 1271039837 end
2020-10-30 14:09:35,254 [6] INFO INFOropert{BotName} - Checking for updates...
2020-10-30 14:09:35,332 [6] INFO INFOropert{BotName} - Updating users...
2020-10-30 14:09:35,462 [6] INFO INFOropert{BotName} - Users updated
2020-10-30 14:09:35,462 [6] INFO INFOropert{BotName} - Updates checked
2020-10-30 14:09:40,598 [15] INFO INFOropert{BotName} - On callback querry '4' from 1271039837
2020-10-30 14:09:40,598 [15] INFO INFOropert{BotName} - Answer '4' from 1271039837 on 202/19 was right!
2020-10-30 14:09:40,699 [15] INFO INFOropert{BotName} - Creating inline KB...
2020-10-30 14:09:40,699 [15] INFO INFOropert{BotName} - KB created
2020-10-30 14:09:40,700 [15] INFO INFOropert{BotName} - Saving state for 1271039837
2020-10-30 14:09:40,700 [15] INFO INFOropert{BotName} - In executing mysql
2020-10-30 14:09:40,779 [15] INFO INFOropert{BotName} - Executing mysql end
2020-10-30 14:09:40,779 [15] INFO INFOropert{BotName} - State saved
2020-10-30 14:09:40,779 [15] INFO INFOropert{BotName} - CallbackQuerry from 1271039837 end
2020-10-30 14:09:45,598 [15] INFO INFOropert{BotName} - On callback querry '2' from 1271039837
2020-10-30 14:09:45,598 [15] INFO INFOropert{BotName} - Answer '2' from 1271039837 on 202/20 was right!
2020-10-30 14:09:45,671 [15] INFO INFOropert{BotName} - Creating inline KB...
2020-10-30 14:09:45,671 [15] INFO INFOropert{BotName} - KB created
2020-10-30 14:09:45,671 [15] INFO INFOropert{BotName} - Saving state for 1271039837
2020-10-30 14:09:45,671 [15] INFO INFOropert{BotName} - In executing mysql
2020-10-30 14:09:45,748 [15] INFO INFOropert{BotName} - Executing mysql end
2020-10-30 14:09:45,748 [15] INFO INFOropert{BotName} - State saved
2020-10-30 14:09:45,748 [15] INFO INFOropert{BotName} - CallbackQuerry from 1271039837 end
2020-10-30 14:09:51,982 [15] INFO INFOropert{BotName} - On callback querry '2' from 1271039837
2020-10-30 14:09:51,982 [15] INFO INFOropert{BotName} - Answer '2' from 1271039837 on 202/21 was right!
2020-10-30 14:09:52,076 [15] INFO INFOropert{BotName} - Creating inline KB...
2020-10-30 14:09:52,076 [15] INFO INFOropert{BotName} - KB created
2020-10-30 14:09:52,077 [15] INFO INFOropert{BotName} - Saving state for 1271039837
2020-10-30 14:09:52,077 [15] INFO INFOropert{BotName} - In executing mysql
2020-10-30 14:09:52,154 [15] INFO INFOropert{BotName} - Executing mysql end
2020-10-30 14:09:52,154 [15] INFO INFOropert{BotName} - State saved
2020-10-30 14:09:52,154 [15] INFO INFOropert{BotName} - CallbackQuerry from 1271039837 end
2020-10-30 14:09:59,097 [15] INFO INFOropert{BotName} - On callback querry '4' from 1271039837
2020-10-30 14:09:59,097 [15] INFO INFOropert{BotName} - Answer '4' from 1271039837 on 202/22 was wrong!
2020-10-30 14:09:59,176 [15] INFO INFOropert{BotName} - Creating inline KB...
2020-10-30 14:09:59,176 [15] INFO INFOropert{BotName} - KB created
2020-10-30 14:09:59,176 [15] INFO INFOropert{BotName} - Saving state for 1271039837
2020-10-30 14:09:59,176 [15] INFO INFOropert{BotName} - In executing mysql
2020-10-30 14:09:59,254 [15] INFO INFOropert{BotName} - Executing mysql end
2020-10-30 14:09:59,254 [15] INFO INFOropert{BotName} - State saved
2020-10-30 14:09:59,254 [15] INFO INFOropert{BotName} - CallbackQuerry from 1271039837 end
2020-10-30 14:10:12,568 [15] INFO INFOropert{BotName} - On callback querry '4' from 1271039837
2020-10-30 14:10:12,568 [15] INFO INFOropert{BotName} - Answer '4' from 1271039837 on 202/23 was right!
2020-10-30 14:10:12,679 [15] INFO INFOropert{BotName} - Creating inline KB...
2020-10-30 14:10:12,679 [15] INFO INFOropert{BotName} - KB created
2020-10-30 14:10:12,679 [15] INFO INFOropert{BotName} - Saving state for 1271039837
2020-10-30 14:10:12,679 [15] INFO INFOropert{BotName} - In executing mysql
2020-10-30 14:10:12,755 [15] INFO INFOropert{BotName} - Executing mysql end
2020-10-30 14:10:12,755 [15] INFO INFOropert{BotName} - State saved
2020-10-30 14:10:12,755 [15] INFO INFOropert{BotName} - CallbackQuerry from 1271039837 end
2020-10-30 14:10:19,737 [15] INFO INFOropert{BotName} - On callback querry '2' from 1271039837
2020-10-30 14:10:19,737 [15] INFO INFOropert{BotName} - Answer '2' from 1271039837 on 202/24 was right!
2020-10-30 14:10:19,850 [15] INFO INFOropert{BotName} - Saving state for 1271039837
2020-10-30 14:10:19,850 [15] INFO INFOropert{BotName} - In executing mysql
2020-10-30 14:10:19,926 [15] INFO INFOropert{BotName} - Executing mysql end
2020-10-30 14:10:19,926 [15] INFO INFOropert{BotName} - State saved
2020-10-30 14:10:19,926 [15] INFO INFOropert{BotName} - CallbackQuerry from 1271039837 end
2020-10-30 14:10:35,262 [14] INFO INFOropert{BotName} - Checking for updates...
2020-10-30 14:10:35,336 [14] INFO INFOropert{BotName} - Updating users...
2020-10-30 14:10:35,474 [14] INFO INFOropert{BotName} - Users updated
2020-10-30 14:10:35,474 [14] INFO INFOropert{BotName} - Updates checked
2020-10-30 14:11:35,254 [8] INFO INFOropert{BotName} - Checking for updates...
2020-10-30 14:11:35,329 [8] INFO INFOropert{BotName} - Updating users...
2020-10-30 14:11:35,458 [8] INFO INFOropert{BotName} - Users updated
2020-10-30 14:11:35,458 [8] INFO INFOropert{BotName} - Updates checked
2020-10-30 14:11:51,561 [15] INFO INFOropert{BotName} - On message recieved 'А -1 , Б -3 , В - 2' from 1271039837
2020-10-30 14:11:51,561 [15] INFO INFOropert{BotName} - Answer 'А -1 , Б -3 , В - 2' from 1271039837 on 202/25 was right!
2020-10-30 14:11:51,674 [15] INFO INFOropert{BotName} - In executing mysql
2020-10-30 14:11:51,752 [15] INFO INFOropert{BotName} - Executing mysql end
2020-10-30 14:11:51,862 [15] INFO INFOropert{BotName} - Saving state for 1271039837
2020-10-30 14:11:51,862 [15] INFO INFOropert{BotName} - In executing mysql
2020-10-30 14:11:51,942 [15] INFO INFOropert{BotName} - Executing mysql end
2020-10-30 14:11:51,942 [15] INFO INFOropert{BotName} - State saved
2020-10-30 14:11:51,942 [15] INFO INFOropert{BotName} - On message from 1271039837 end
2020-10-30 14:12:35,255 [13] INFO INFOropert{BotName} - Checking for updates...
2020-10-30 14:12:35,329 [13] INFO INFOropert{BotName} - Updating users...
2020-10-30 14:12:35,463 [13] INFO INFOropert{BotName} - Users updated
2020-10-30 14:12:35,463 [13] INFO INFOropert{BotName} - Updates checked
2020-10-30 14:13:35,255 [10] INFO INFOropert{BotName} - Checking for updates...
2020-10-30 14:13:35,334 [10] INFO INFOropert{BotName} - Updates checked
2020-10-30 14:14:35,257 [14] INFO INFOropert{BotName} - Checking for updates...
2020-10-30 14:14:35,334 [14] INFO INFOropert{BotName} - Updates checked
2020-10-30 14:15:35,254 [9] INFO INFOropert{BotName} - Checking for updates...
2020-10-30 14:15:35,334 [9] INFO INFOropert{BotName} - Updating users...
2020-10-30 14:15:35,462 [9] INFO INFOropert{BotName} - Users updated
2020-10-30 14:15:35,462 [9] INFO INFOropert{BotName} - Updates checked
2020-10-30 14:16:35,255 [14] INFO INFOropert{BotName} - Checking for updates...
2020-10-30 14:16:35,331 [14] INFO INFOropert{BotName} - Updating users...
2020-10-30 14:16:35,465 [14] INFO INFOropert{BotName} - Users updated
2020-10-30 14:16:35,465 [14] INFO INFOropert{BotName} - Updates checked
2020-10-30 14:17:35,255 [4] INFO INFOropert{BotName} - Checking for updates...
2020-10-30 14:17:35,333 [4] INFO INFOropert{BotName} - Updating users...
2020-10-30 14:17:35,466 [4] INFO INFOropert{BotName} - Users updated
2020-10-30 14:17:35,466 [4] INFO INFOropert{BotName} - Updates checked
2020-10-30 14:18:35,258 [6] INFO INFOropert{BotName} - Checking for updates...
2020-10-30 14:18:35,336 [6] INFO INFOropert{BotName} - Updating users...
2020-10-30 14:18:35,469 [6] INFO INFOropert{BotName} - Users updated
2020-10-30 14:18:35,469 [6] INFO INFOropert{BotName} - Updates checked
2020-10-30 14:19:35,257 [17] INFO INFOropert{BotName} - Checking for updates...
2020-10-30 14:19:35,334 [17] INFO INFOropert{BotName} - Updates checked
2020-10-30 14:20:35,271 [18] INFO INFOropert{BotName} - Checking for updates...
2020-10-30 14:20:35,348 [18] INFO INFOropert{BotName} - Updates checked
2020-10-30 14:21:35,254 [20] INFO INFOropert{BotName} - Checking for updates...
2020-10-30 14:21:35,333 [20] INFO INFOropert{BotName} - Updates checked
2020-10-30 14:22:35,257 [22] INFO INFOropert{BotName} - Checking for updates...
2020-10-30 14:22:35,331 [22] INFO INFOropert{BotName} - Updates checked
2020-10-30 14:23:35,262 [24] INFO INFOropert{BotName} - Checking for updates...
2020-10-30 14:23:35,339 [24] INFO INFOropert{BotName} - Updating users...
2020-10-30 14:23:35,470 [24] INFO INFOropert{BotName} - Users updated
2020-10-30 14:23:35,470 [24] INFO INFOropert{BotName} - Updates checked
2020-10-30 14:24:35,257 [4] INFO INFOropert{BotName} - Checking for updates...
2020-10-30 14:24:35,331 [4] INFO INFOropert{BotName} - Updating users...
2020-10-30 14:24:35,465 [4] INFO INFOropert{BotName} - Users updated
2020-10-30 14:24:35,465 [4] INFO INFOropert{BotName} - Updates checked
2020-10-30 14:25:35,263 [22] INFO INFOropert{BotName} - Checking for updates...
2020-10-30 14:25:35,342 [22] INFO INFOropert{BotName} - Updating users...
2020-10-30 14:25:35,471 [22] INFO INFOropert{BotName} - Users updated
2020-10-30 14:25:35,471 [22] INFO INFOropert{BotName} - Updates checked
2020-10-30 14:26:35,261 [21] INFO INFOropert{BotName} - Checking for updates...
2020-10-30 14:26:35,337 [21] INFO INFOropert{BotName} - Updates checked
2020-10-30 14:27:35,255 [18] INFO INFOropert{BotName} - Checking for updates...
2020-10-30 14:27:35,333 [18] INFO INFOropert{BotName} - Updates checked
2020-10-30 14:28:35,262 [19] INFO INFOropert{BotName} - Checking for updates...
2020-10-30 14:28:35,344 [19] INFO INFOropert{BotName} - Updating users...
2020-10-30 14:28:35,485 [19] INFO INFOropert{BotName} - Users updated
2020-10-30 14:28:35,485 [19] INFO INFOropert{BotName} - Updates checked
2020-10-30 14:29:35,271 [6] INFO INFOropert{BotName} - Checking for updates...
2020-10-30 14:29:35,350 [6] INFO INFOropert{BotName} - Updating users...
2020-10-30 14:29:35,479 [6] INFO INFOropert{BotName} - Users updated
2020-10-30 14:29:35,479 [6] INFO INFOropert{BotName} - Updates checked
2020-10-30 14:30:35,255 [17] INFO INFOropert{BotName} - Checking for updates...
2020-10-30 14:30:35,336 [17] INFO INFOropert{BotName} - Updating users...
2020-10-30 14:30:35,472 [17] INFO INFOropert{BotName} - Users updated
2020-10-30 14:30:35,472 [17] INFO INFOropert{BotName} - Updates checked
2020-10-30 14:31:35,258 [19] INFO INFOropert{BotName} - Checking for updates...
2020-10-30 14:31:35,337 [19] INFO INFOropert{BotName} - Updating users...
2020-10-30 14:31:35,472 [19] INFO INFOropert{BotName} - Users updated
2020-10-30 14:31:35,473 [19] INFO INFOropert{BotName} - Updates checked
2020-10-30 14:32:35,255 [21] INFO INFOropert{BotName} - Checking for updates...
2020-10-30 14:32:35,329 [21] INFO INFOropert{BotName} - Updating users...
2020-10-30 14:32:35,461 [21] INFO INFOropert{BotName} - Users updated
2020-10-30 14:32:35,461 [21] INFO INFOropert{BotName} - Updates checked
2020-10-30 14:33:35,259 [18] INFO INFOropert{BotName} - Checking for updates...
2020-10-30 14:33:35,338 [18] INFO INFOropert{BotName} - Updating users...
2020-10-30 14:33:35,468 [18] INFO INFOropert{BotName} - Users updated
2020-10-30 14:33:35,468 [18] INFO INFOropert{BotName} - Updates checked
2020-10-30 14:34:35,256 [14] INFO INFOropert{BotName} - Checking for updates...
2020-10-30 14:34:35,334 [14] INFO INFOropert{BotName} - Updating users...
2020-10-30 14:34:35,481 [14] INFO INFOropert{BotName} - Users updated
2020-10-30 14:34:35,481 [14] INFO INFOropert{BotName} - Updates checked
2020-10-30 14:35:35,266 [4] INFO INFOropert{BotName} - Checking for updates...
2020-10-30 14:35:35,348 [4] INFO INFOropert{BotName} - Updating users...
2020-10-30 14:35:35,501 [4] INFO INFOropert{BotName} - Users updated
2020-10-30 14:35:35,501 [4] INFO INFOropert{BotName} - Updates checked
2020-10-30 14:36:35,254 [6] INFO INFOropert{BotName} - Checking for updates...
2020-10-30 14:36:35,330 [6] INFO INFOropert{BotName} - Updating users...
2020-10-30 14:36:35,463 [6] INFO INFOropert{BotName} - Users updated
2020-10-30 14:36:35,463 [6] INFO INFOropert{BotName} - Updates checked
2020-10-30 14:37:35,257 [22] INFO INFOropert{BotName} - Checking for updates...
2020-10-30 14:37:35,334 [22] INFO INFOropert{BotName} - Updating users...
2020-10-30 14:37:35,465 [22] INFO INFOropert{BotName} - Users updated
2020-10-30 14:37:35,466 [22] INFO INFOropert{BotName} - Updates checked
2020-10-30 14:38:35,255 [21] INFO INFOropert{BotName} - Checking for updates...
2020-10-30 14:38:35,330 [21] INFO INFOropert{BotName} - Updating users...
2020-10-30 14:38:35,468 [21] INFO INFOropert{BotName} - Users updated
2020-10-30 14:38:35,468 [21] INFO INFOropert{BotName} - Updates checked
2020-10-30 14:39:35,263 [4] INFO INFOropert{BotName} - Checking for updates...
2020-10-30 14:39:35,350 [4] INFO INFOropert{BotName} - Updating users...
2020-10-30 14:39:35,480 [4] INFO INFOropert{BotName} - Users updated
2020-10-30 14:39:35,480 [4] INFO INFOropert{BotName} - Updates checked
2020-10-30 14:40:35,260 [14] INFO INFOropert{BotName} - Checking for updates...
2020-10-30 14:40:35,338 [14] INFO INFOropert{BotName} - Updating users...
2020-10-30 14:40:35,475 [14] INFO INFOropert{BotName} - Users updated
2020-10-30 14:40:35,475 [14] INFO INFOropert{BotName} - Updates checked
2020-10-30 14:41:35,257 [22] INFO INFOropert{BotName} - Checking for updates...
2020-10-30 14:41:35,334 [22] INFO INFOropert{BotName} - Updating users...
2020-10-30 14:41:35,465 [22] INFO INFOropert{BotName} - Users updated
2020-10-30 14:41:35,465 [22] INFO INFOropert{BotName} - Updates checked
2020-10-30 14:42:35,256 [16] INFO INFOropert{BotName} - Checking for updates...
2020-10-30 14:42:35,333 [16] INFO INFOropert{BotName} - Updates checked
2020-10-30 14:43:35,259 [6] INFO INFOropert{BotName} - Checking for updates...
2020-10-30 14:43:35,337 [6] INFO INFOropert{BotName} - Updating users...
2020-10-30 14:43:35,471 [6] INFO INFOropert{BotName} - Users updated
2020-10-30 14:43:35,471 [6] INFO INFOropert{BotName} - Updates checked
2020-10-30 14:44:35,258 [17] INFO INFOropert{BotName} - Checking for updates...
2020-10-30 14:44:35,332 [17] INFO INFOropert{BotName} - Updating users...
2020-10-30 14:44:35,465 [17] INFO INFOropert{BotName} - Users updated
2020-10-30 14:44:35,465 [17] INFO INFOropert{BotName} - Updates checked
2020-10-30 14:45:35,255 [16] INFO INFOropert{BotName} - Checking for updates...
2020-10-30 14:45:35,333 [16] INFO INFOropert{BotName} - Updating users...
2020-10-30 14:45:35,463 [16] INFO INFOropert{BotName} - Users updated
2020-10-30 14:45:35,463 [16] INFO INFOropert{BotName} - Updates checked
2020-10-30 14:46:35,256 [12] INFO INFOropert{BotName} - Checking for updates...
2020-10-30 14:46:35,332 [12] INFO INFOropert{BotName} - Updates checked
2020-10-30 14:47:35,262 [10] INFO INFOropert{BotName} - Checking for updates...
2020-10-30 14:47:35,341 [10] INFO INFOropert{BotName} - Updates checked
2020-10-30 14:48:35,262 [13] INFO INFOropert{BotName} - Checking for updates...
2020-10-30 14:48:35,336 [13] INFO INFOropert{BotName} - Updating users...
2020-10-30 14:48:35,469 [13] INFO INFOropert{BotName} - Users updated
2020-10-30 14:48:35,469 [13] INFO INFOropert{BotName} - Updates checked
2020-10-30 14:49:35,261 [15] INFO INFOropert{BotName} - Checking for updates...
2020-10-30 14:49:35,338 [15] INFO INFOropert{BotName} - Updating users...
2020-10-30 14:49:35,467 [15] INFO INFOropert{BotName} - Users updated
2020-10-30 14:49:35,467 [15] INFO INFOropert{BotName} - Updates checked
2020-10-30 14:50:35,255 [17] INFO INFOropert{BotName} - Checking for updates...
2020-10-30 14:50:35,329 [17] INFO INFOropert{BotName} - Updating users...
2020-10-30 14:50:35,460 [17] INFO INFOropert{BotName} - Users updated
2020-10-30 14:50:35,460 [17] INFO INFOropert{BotName} - Updates checked
2020-10-30 14:51:35,255 [6] INFO INFOropert{BotName} - Checking for updates...
2020-10-30 14:51:35,333 [6] INFO INFOropert{BotName} - Updating users...
2020-10-30 14:51:35,464 [6] INFO INFOropert{BotName} - Users updated
2020-10-30 14:51:35,465 [6] INFO INFOropert{BotName} - Updates checked
2020-10-30 14:52:35,255 [13] INFO INFOropert{BotName} - Checking for updates...
2020-10-30 14:52:35,329 [13] INFO INFOropert{BotName} - Updating users...
2020-10-30 14:52:35,460 [13] INFO INFOropert{BotName} - Users updated
2020-10-30 14:52:35,460 [13] INFO INFOropert{BotName} - Updates checked
2020-10-30 14:53:35,254 [12] INFO INFOropert{BotName} - Checking for updates...
2020-10-30 14:53:35,334 [12] INFO INFOropert{BotName} - Updating users...
2020-10-30 14:53:35,462 [12] INFO INFOropert{BotName} - Users updated
2020-10-30 14:53:35,462 [12] INFO INFOropert{BotName} - Updates checked
2020-10-30 14:53:47,324 [10] INFO INFOropert{BotName} - On callback querry '3' from 673088106
2020-10-30 14:53:47,324 [10] INFO INFOropert{BotName} - Old callback. Callback from 673088106 end
2020-10-30 14:53:50,231 [10] INFO INFOropert{BotName} - On message recieved 'Повторити запитання з тесту 🔄' from 673088106
2020-10-30 14:53:50,232 [10] INFO INFOropert{BotName} - Creating inline KB...
2020-10-30 14:53:50,232 [10] INFO INFOropert{BotName} - KB created
2020-10-30 14:53:50,232 [10] INFO INFOropert{BotName} - On message from 673088106 end
2020-10-30 14:53:51,554 [15] INFO INFOropert{BotName} - On callback querry '3' from 673088106
2020-10-30 14:53:51,554 [15] INFO INFOropert{BotName} - Answer '3' from 673088106 on 202/1 was wrong!
2020-10-30 14:53:51,665 [15] INFO INFOropert{BotName} - Creating inline KB...
2020-10-30 14:53:51,665 [15] INFO INFOropert{BotName} - KB created
2020-10-30 14:53:51,665 [15] INFO INFOropert{BotName} - Saving state for 673088106
2020-10-30 14:53:51,666 [15] INFO INFOropert{BotName} - In executing mysql
2020-10-30 14:53:51,741 [15] INFO INFOropert{BotName} - Executing mysql end
2020-10-30 14:53:51,741 [15] INFO INFOropert{BotName} - State saved
2020-10-30 14:53:51,741 [15] INFO INFOropert{BotName} - CallbackQuerry from 673088106 end
2020-10-30 14:54:05,680 [15] INFO INFOropert{BotName} - On callback querry '2' from 673088106
2020-10-30 14:54:05,680 [15] INFO INFOropert{BotName} - Answer '2' from 673088106 on 202/2 was right!
2020-10-30 14:54:05,763 [15] INFO INFOropert{BotName} - Creating inline KB...
2020-10-30 14:54:05,763 [15] INFO INFOropert{BotName} - KB created
2020-10-30 14:54:05,763 [15] INFO INFOropert{BotName} - Saving state for 673088106
2020-10-30 14:54:05,763 [15] INFO INFOropert{BotName} - In executing mysql
2020-10-30 14:54:05,841 [15] INFO INFOropert{BotName} - Executing mysql end
2020-10-30 14:54:05,841 [15] INFO INFOropert{BotName} - State saved
2020-10-30 14:54:05,841 [15] INFO INFOropert{BotName} - CallbackQuerry from 673088106 end
2020-10-30 14:54:21,889 [15] INFO INFOropert{BotName} - On callback querry '3' from 673088106
2020-10-30 14:54:21,889 [15] INFO INFOropert{BotName} - Answer '3' from 673088106 on 202/3 was right!
2020-10-30 14:54:22,060 [15] INFO INFOropert{BotName} - Creating inline KB...
2020-10-30 14:54:22,060 [15] INFO INFOropert{BotName} - KB created
2020-10-30 14:54:22,061 [15] INFO INFOropert{BotName} - Saving state for 673088106
2020-10-30 14:54:22,061 [15] INFO INFOropert{BotName} - In executing mysql
2020-10-30 14:54:22,137 [15] INFO INFOropert{BotName} - Executing mysql end
2020-10-30 14:54:22,137 [15] INFO INFOropert{BotName} - State saved
2020-10-30 14:54:22,137 [15] INFO INFOropert{BotName} - CallbackQuerry from 673088106 end
2020-10-30 14:54:31,072 [15] INFO INFOropert{BotName} - On callback querry '3' from 673088106
2020-10-30 14:54:31,072 [15] INFO INFOropert{BotName} - Answer '3' from 673088106 on 202/4 was right!
2020-10-30 14:54:31,137 [15] INFO INFOropert{BotName} - Creating inline KB...
2020-10-30 14:54:31,137 [15] INFO INFOropert{BotName} - KB created
2020-10-30 14:54:31,138 [15] INFO INFOropert{BotName} - Saving state for 673088106
2020-10-30 14:54:31,138 [15] INFO INFOropert{BotName} - In executing mysql
2020-10-30 14:54:31,216 [15] INFO INFOropert{BotName} - Executing mysql end
2020-10-30 14:54:31,216 [15] INFO INFOropert{BotName} - State saved
2020-10-30 14:54:31,216 [15] INFO INFOropert{BotName} - CallbackQuerry from 673088106 end
2020-10-30 14:54:35,254 [12] INFO INFOropert{BotName} - Checking for updates...
2020-10-30 14:54:35,330 [12] INFO INFOropert{BotName} - Updating users...
2020-10-30 14:54:35,505 [12] INFO INFOropert{BotName} - Users updated
2020-10-30 14:54:35,505 [12] INFO INFOropert{BotName} - Updates checked
2020-10-30 14:55:27,008 [15] INFO INFOropert{BotName} - On callback querry '2' from 673088106
2020-10-30 14:55:27,009 [15] INFO INFOropert{BotName} - Answer '2' from 673088106 on 202/5 was right!
2020-10-30 14:55:27,105 [15] INFO INFOropert{BotName} - Creating inline KB...
2020-10-30 14:55:27,105 [15] INFO INFOropert{BotName} - KB created
2020-10-30 14:55:27,105 [15] INFO INFOropert{BotName} - Saving state for 673088106
2020-10-30 14:55:27,105 [15] INFO INFOropert{BotName} - In executing mysql
2020-10-30 14:55:27,183 [15] INFO INFOropert{BotName} - Executing mysql end
2020-10-30 14:55:27,184 [15] INFO INFOropert{BotName} - State saved
2020-10-30 14:55:27,184 [15] INFO INFOropert{BotName} - CallbackQuerry from 673088106 end
2020-10-30 14:55:35,255 [16] INFO INFOropert{BotName} - Checking for updates...
2020-10-30 14:55:35,310 [15] INFO INFOropert{BotName} - On callback querry '1' from 673088106
2020-10-30 14:55:35,310 [15] INFO INFOropert{BotName} - Answer '1' from 673088106 on 202/6 was wrong!
2020-10-30 14:55:35,331 [16] INFO INFOropert{BotName} - Updating users...
2020-10-30 14:55:35,385 [15] INFO INFOropert{BotName} - Creating inline KB...
2020-10-30 14:55:35,385 [15] INFO INFOropert{BotName} - KB created
2020-10-30 14:55:35,386 [15] INFO INFOropert{BotName} - Saving state for 673088106
2020-10-30 14:55:35,386 [15] INFO INFOropert{BotName} - In executing mysql
2020-10-30 14:55:35,464 [16] INFO INFOropert{BotName} - Users updated
2020-10-30 14:55:35,464 [16] INFO INFOropert{BotName} - Updates checked
2020-10-30 14:55:35,823 [15] INFO INFOropert{BotName} - Executing mysql end
2020-10-30 14:55:35,823 [15] INFO INFOropert{BotName} - State saved
2020-10-30 14:55:35,823 [15] INFO INFOropert{BotName} - CallbackQuerry from 673088106 end
2020-10-30 14:56:34,132 [15] INFO INFOropert{BotName} - On callback querry '2' from 673088106
2020-10-30 14:56:34,132 [15] INFO INFOropert{BotName} - Old callback. Callback from 673088106 end
2020-10-30 14:56:35,254 [18] INFO INFOropert{BotName} - Checking for updates...
2020-10-30 14:56:35,330 [18] INFO INFOropert{BotName} - Updating users...
2020-10-30 14:56:35,460 [18] INFO INFOropert{BotName} - Users updated
2020-10-30 14:56:35,460 [18] INFO INFOropert{BotName} - Updates checked
2020-10-30 14:56:38,612 [15] INFO INFOropert{BotName} - On callback querry '2' from 673088106
2020-10-30 14:56:38,612 [15] INFO INFOropert{BotName} - Old callback. Callback from 673088106 end
2020-10-30 14:56:39,930 [15] INFO INFOropert{BotName} - On callback querry '2' from 673088106
2020-10-30 14:56:39,930 [15] INFO INFOropert{BotName} - Old callback. Callback from 673088106 end
2020-10-30 14:56:48,915 [15] INFO INFOropert{BotName} - On callback querry '2' from 673088106
2020-10-30 14:56:48,915 [15] INFO INFOropert{BotName} - Old callback. Callback from 673088106 end
2020-10-30 14:56:49,711 [15] INFO INFOropert{BotName} - On callback querry '2' from 673088106
2020-10-30 14:56:49,711 [15] INFO INFOropert{BotName} - Old callback. Callback from 673088106 end
2020-10-30 14:56:50,172 [15] INFO INFOropert{BotName} - On callback querry '2' from 673088106
2020-10-30 14:56:50,172 [15] INFO INFOropert{BotName} - Old callback. Callback from 673088106 end
2020-10-30 14:56:50,381 [15] INFO INFOropert{BotName} - On callback querry '2' from 673088106
2020-10-30 14:56:50,381 [15] INFO INFOropert{BotName} - Old callback. Callback from 673088106 end
2020-10-30 14:56:51,693 [15] INFO INFOropert{BotName} - On callback querry '2' from 673088106
2020-10-30 14:56:51,693 [15] INFO INFOropert{BotName} - Old callback. Callback from 673088106 end
2020-10-30 14:57:00,242 [15] INFO INFOropert{BotName} - On callback querry '2' from 673088106
2020-10-30 14:57:00,242 [15] INFO INFOropert{BotName} - Old callback. Callback from 673088106 end
2020-10-30 14:57:06,022 [15] INFO INFOropert{BotName} - On message recieved 'Повторити запитання з тесту 🔄' from 673088106
2020-10-30 14:57:06,022 [15] INFO INFOropert{BotName} - Creating inline KB...
2020-10-30 14:57:06,022 [15] INFO INFOropert{BotName} - KB created
2020-10-30 14:57:06,022 [15] INFO INFOropert{BotName} - On message from 673088106 end
2020-10-30 14:57:09,988 [15] INFO INFOropert{BotName} - On callback querry '2' from 673088106
2020-10-30 14:57:09,988 [15] INFO INFOropert{BotName} - Answer '2' from 673088106 on 202/7 was right!
2020-10-30 14:57:10,102 [15] INFO INFOropert{BotName} - Creating inline KB...
2020-10-30 14:57:10,102 [15] INFO INFOropert{BotName} - KB created
2020-10-30 14:57:10,102 [15] INFO INFOropert{BotName} - Saving state for 673088106
2020-10-30 14:57:10,102 [15] INFO INFOropert{BotName} - In executing mysql
2020-10-30 14:57:10,183 [15] INFO INFOropert{BotName} - Executing mysql end
2020-10-30 14:57:10,183 [15] INFO INFOropert{BotName} - State saved
2020-10-30 14:57:10,183 [15] INFO INFOropert{BotName} - CallbackQuerry from 673088106 end
2020-10-30 14:57:20,675 [15] INFO INFOropert{BotName} - On callback querry '2' from 673088106
2020-10-30 14:57:20,675 [15] INFO INFOropert{BotName} - Answer '2' from 673088106 on 202/8 was right!
2020-10-30 14:57:20,819 [15] INFO INFOropert{BotName} - Creating inline KB...
2020-10-30 14:57:20,819 [15] INFO INFOropert{BotName} - KB created
2020-10-30 14:57:20,819 [15] INFO INFOropert{BotName} - Saving state for 673088106
2020-10-30 14:57:20,819 [15] INFO INFOropert{BotName} - In executing mysql
2020-10-30 14:57:20,894 [15] INFO INFOropert{BotName} - Executing mysql end
2020-10-30 14:57:20,894 [15] INFO INFOropert{BotName} - State saved
2020-10-30 14:57:20,894 [15] INFO INFOropert{BotName} - CallbackQuerry from 673088106 end
2020-10-30 14:57:25,987 [15] INFO INFOropert{BotName} - On callback querry '4' from 673088106
2020-10-30 14:57:25,988 [15] INFO INFOropert{BotName} - Answer '4' from 673088106 on 202/9 was right!
2020-10-30 14:57:26,066 [15] INFO INFOropert{BotName} - Creating inline KB...
2020-10-30 14:57:26,066 [15] INFO INFOropert{BotName} - KB created
2020-10-30 14:57:26,067 [15] INFO INFOropert{BotName} - Saving state for 673088106
2020-10-30 14:57:26,067 [15] INFO INFOropert{BotName} - In executing mysql
2020-10-30 14:57:26,146 [15] INFO INFOropert{BotName} - Executing mysql end
2020-10-30 14:57:26,146 [15] INFO INFOropert{BotName} - State saved
2020-10-30 14:57:26,146 [15] INFO INFOropert{BotName} - CallbackQuerry from 673088106 end
2020-10-30 14:57:35,255 [7] INFO INFOropert{BotName} - Checking for updates...
2020-10-30 14:57:35,334 [7] INFO INFOropert{BotName} - Updating users...
2020-10-30 14:57:35,464 [7] INFO INFOropert{BotName} - Users updated
2020-10-30 14:57:35,464 [7] INFO INFOropert{BotName} - Updates checked
2020-10-30 14:57:39,202 [15] INFO INFOropert{BotName} - On callback querry '4' from 673088106
2020-10-30 14:57:39,202 [15] INFO INFOropert{BotName} - Old callback. Callback from 673088106 end
2020-10-30 14:57:41,908 [15] INFO INFOropert{BotName} - On callback querry '4' from 673088106
2020-10-30 14:57:41,908 [15] INFO INFOropert{BotName} - Old callback. Callback from 673088106 end
2020-10-30 14:57:46,782 [15] INFO INFOropert{BotName} - On callback querry '1' from 673088106
2020-10-30 14:57:46,782 [15] INFO INFOropert{BotName} - Answer '1' from 673088106 on 202/10 was right!
2020-10-30 14:57:46,871 [15] INFO INFOropert{BotName} - Creating inline KB...
2020-10-30 14:57:46,871 [15] INFO INFOropert{BotName} - KB created
2020-10-30 14:57:46,871 [15] INFO INFOropert{BotName} - Saving state for 673088106
2020-10-30 14:57:46,871 [15] INFO INFOropert{BotName} - In executing mysql
2020-10-30 14:57:46,949 [15] INFO INFOropert{BotName} - Executing mysql end
2020-10-30 14:57:46,949 [15] INFO INFOropert{BotName} - State saved
2020-10-30 14:57:46,949 [15] INFO INFOropert{BotName} - CallbackQuerry from 673088106 end
2020-10-30 14:57:54,343 [15] INFO INFOropert{BotName} - On callback querry '3' from 673088106
2020-10-30 14:57:54,343 [15] INFO INFOropert{BotName} - Answer '3' from 673088106 on 202/11 was right!
2020-10-30 14:57:54,432 [15] INFO INFOropert{BotName} - Creating inline KB...
2020-10-30 14:57:54,432 [15] INFO INFOropert{BotName} - KB created
2020-10-30 14:57:54,432 [15] INFO INFOropert{BotName} - Saving state for 673088106
2020-10-30 14:57:54,432 [15] INFO INFOropert{BotName} - In executing mysql
2020-10-30 14:57:54,510 [15] INFO INFOropert{BotName} - Executing mysql end
2020-10-30 14:57:54,510 [15] INFO INFOropert{BotName} - State saved
2020-10-30 14:57:54,510 [15] INFO INFOropert{BotName} - CallbackQuerry from 673088106 end
2020-10-30 14:57:59,960 [15] INFO INFOropert{BotName} - On callback querry '1' from 673088106
2020-10-30 14:57:59,960 [15] INFO INFOropert{BotName} - Answer '1' from 673088106 on 202/12 was right!
2020-10-30 14:58:00,048 [15] INFO INFOropert{BotName} - Creating inline KB...
2020-10-30 14:58:00,048 [15] INFO INFOropert{BotName} - KB created
2020-10-30 14:58:00,049 [15] INFO INFOropert{BotName} - Saving state for 673088106
2020-10-30 14:58:00,049 [15] INFO INFOropert{BotName} - In executing mysql
2020-10-30 14:58:00,129 [15] INFO INFOropert{BotName} - Executing mysql end
2020-10-30 14:58:00,129 [15] INFO INFOropert{BotName} - State saved
2020-10-30 14:58:00,129 [15] INFO INFOropert{BotName} - CallbackQuerry from 673088106 end
2020-10-30 14:58:07,564 [15] INFO INFOropert{BotName} - On callback querry '4' from 673088106
2020-10-30 14:58:07,564 [15] INFO INFOropert{BotName} - Answer '4' from 673088106 on 202/13 was right!
2020-10-30 14:58:07,692 [15] INFO INFOropert{BotName} - Creating inline KB...
2020-10-30 14:58:07,692 [15] INFO INFOropert{BotName} - KB created
2020-10-30 14:58:07,692 [15] INFO INFOropert{BotName} - Saving state for 673088106
2020-10-30 14:58:07,692 [15] INFO INFOropert{BotName} - In executing mysql
2020-10-30 14:58:07,769 [15] INFO INFOropert{BotName} - Executing mysql end
2020-10-30 14:58:07,769 [15] INFO INFOropert{BotName} - State saved
2020-10-30 14:58:07,769 [15] INFO INFOropert{BotName} - CallbackQuerry from 673088106 end
2020-10-30 14:58:16,422 [15] INFO INFOropert{BotName} - On callback querry '1' from 673088106
2020-10-30 14:58:16,422 [15] INFO INFOropert{BotName} - Answer '1' from 673088106 on 202/14 was right!
2020-10-30 14:58:16,535 [15] INFO INFOropert{BotName} - Creating inline KB...
2020-10-30 14:58:16,535 [15] INFO INFOropert{BotName} - KB created
2020-10-30 14:58:16,536 [15] INFO INFOropert{BotName} - Saving state for 673088106
2020-10-30 14:58:16,536 [15] INFO INFOropert{BotName} - In executing mysql
2020-10-30 14:58:16,614 [15] INFO INFOropert{BotName} - Executing mysql end
2020-10-30 14:58:16,614 [15] INFO INFOropert{BotName} - State saved
2020-10-30 14:58:16,614 [15] INFO INFOropert{BotName} - CallbackQuerry from 673088106 end
2020-10-30 14:58:24,974 [15] INFO INFOropert{BotName} - On callback querry '2' from 673088106
2020-10-30 14:58:24,974 [15] INFO INFOropert{BotName} - Answer '2' from 673088106 on 202/15 was wrong!
2020-10-30 14:58:25,082 [15] INFO INFOropert{BotName} - Saving state for 673088106
2020-10-30 14:58:25,082 [15] INFO INFOropert{BotName} - In executing mysql
2020-10-30 14:58:25,163 [15] INFO INFOropert{BotName} - Executing mysql end
2020-10-30 14:58:25,164 [15] INFO INFOropert{BotName} - State saved
2020-10-30 14:58:25,164 [15] INFO INFOropert{BotName} - CallbackQuerry from 673088106 end
2020-10-30 14:58:35,256 [14] INFO INFOropert{BotName} - Checking for updates...
2020-10-30 14:58:35,334 [14] INFO INFOropert{BotName} - Updating users...
2020-10-30 14:58:35,469 [14] INFO INFOropert{BotName} - Users updated
2020-10-30 14:58:35,469 [14] INFO INFOropert{BotName} - Updates checked
2020-10-30 14:59:35,255 [9] INFO INFOropert{BotName} - Checking for updates...
2020-10-30 14:59:35,334 [9] INFO INFOropert{BotName} - Updating users...
2020-10-30 14:59:35,462 [9] INFO INFOropert{BotName} - Users updated
2020-10-30 14:59:35,462 [9] INFO INFOropert{BotName} - Updates checked
2020-10-30 15:00:35,255 [8] INFO INFOropert{BotName} - Checking for updates...
2020-10-30 15:00:35,331 [8] INFO INFOropert{BotName} - Updating users...
2020-10-30 15:00:35,462 [8] INFO INFOropert{BotName} - Users updated
2020-10-30 15:00:35,462 [8] INFO INFOropert{BotName} - Updates checked
2020-10-30 15:01:35,254 [16] INFO INFOropert{BotName} - Checking for updates...
2020-10-30 15:01:35,335 [16] INFO INFOropert{BotName} - Updating users...
2020-10-30 15:01:35,462 [16] INFO INFOropert{BotName} - Users updated
2020-10-30 15:01:35,462 [16] INFO INFOropert{BotName} - Updates checked
2020-10-30 15:02:01,490 [15] INFO INFOropert{BotName} - On message recieved '‘А-4,Б-2,Г-3,Д-1‘' from 673088106
2020-10-30 15:02:01,490 [15] INFO INFOropert{BotName} - Answer '‘А-4,Б-2,Г-3,Д-1‘' from 673088106 on 202/16 was right!
2020-10-30 15:02:01,588 [4] INFO INFOropert{BotName} - Creating inline KB...
2020-10-30 15:02:01,588 [4] INFO INFOropert{BotName} - KB created
2020-10-30 15:02:01,588 [4] INFO INFOropert{BotName} - Saving state for 673088106
2020-10-30 15:02:01,588 [4] INFO INFOropert{BotName} - In executing mysql
2020-10-30 15:02:01,666 [4] INFO INFOropert{BotName} - Executing mysql end
2020-10-30 15:02:01,666 [4] INFO INFOropert{BotName} - State saved
2020-10-30 15:02:01,666 [4] INFO INFOropert{BotName} - On message from 673088106 end
2020-10-30 15:02:35,255 [6] INFO INFOropert{BotName} - Checking for updates...
2020-10-30 15:02:35,329 [6] INFO INFOropert{BotName} - Updating users...
2020-10-30 15:02:35,467 [6] INFO INFOropert{BotName} - Users updated
2020-10-30 15:02:35,467 [6] INFO INFOropert{BotName} - Updates checked
2020-10-30 15:02:38,883 [4] INFO INFOropert{BotName} - On callback querry '2' from 673088106
2020-10-30 15:02:38,884 [4] INFO INFOropert{BotName} - Answer '2' from 673088106 on 202/17 was wrong!
2020-10-30 15:02:38,978 [4] INFO INFOropert{BotName} - Creating inline KB...
2020-10-30 15:02:38,978 [4] INFO INFOropert{BotName} - KB created
2020-10-30 15:02:38,978 [4] INFO INFOropert{BotName} - Saving state for 673088106
2020-10-30 15:02:38,978 [4] INFO INFOropert{BotName} - In executing mysql
2020-10-30 15:02:39,054 [4] INFO INFOropert{BotName} - Executing mysql end
2020-10-30 15:02:39,054 [4] INFO INFOropert{BotName} - State saved
2020-10-30 15:02:39,054 [4] INFO INFOropert{BotName} - CallbackQuerry from 673088106 end
2020-10-30 15:02:58,388 [4] INFO INFOropert{BotName} - On callback querry '2' from 673088106
2020-10-30 15:02:58,388 [4] INFO INFOropert{BotName} - Answer '2' from 673088106 on 202/18 was right!
2020-10-30 15:02:58,481 [4] INFO INFOropert{BotName} - Creating inline KB...
2020-10-30 15:02:58,481 [4] INFO INFOropert{BotName} - KB created
2020-10-30 15:02:58,481 [4] INFO INFOropert{BotName} - Saving state for 673088106
2020-10-30 15:02:58,481 [4] INFO INFOropert{BotName} - In executing mysql
2020-10-30 15:02:58,560 [4] INFO INFOropert{BotName} - Executing mysql end
2020-10-30 15:02:58,560 [4] INFO INFOropert{BotName} - State saved
2020-10-30 15:02:58,560 [4] INFO INFOropert{BotName} - CallbackQuerry from 673088106 end
2020-10-30 15:03:07,784 [4] INFO INFOropert{BotName} - On callback querry '4' from 673088106
2020-10-30 15:03:07,785 [4] INFO INFOropert{BotName} - Answer '4' from 673088106 on 202/19 was right!
2020-10-30 15:03:07,877 [4] INFO INFOropert{BotName} - Creating inline KB...
2020-10-30 15:03:07,877 [4] INFO INFOropert{BotName} - KB created
2020-10-30 15:03:07,878 [4] INFO INFOropert{BotName} - Saving state for 673088106
2020-10-30 15:03:07,878 [4] INFO INFOropert{BotName} - In executing mysql
2020-10-30 15:03:07,953 [4] INFO INFOropert{BotName} - Executing mysql end
2020-10-30 15:03:07,953 [4] INFO INFOropert{BotName} - State saved
2020-10-30 15:03:07,953 [4] INFO INFOropert{BotName} - CallbackQuerry from 673088106 end
2020-10-30 15:03:15,268 [4] INFO INFOropert{BotName} - On callback querry '2' from 673088106
2020-10-30 15:03:15,268 [4] INFO INFOropert{BotName} - Answer '2' from 673088106 on 202/20 was right!
2020-10-30 15:03:15,364 [4] INFO INFOropert{BotName} - Creating inline KB...
2020-10-30 15:03:15,364 [4] INFO INFOropert{BotName} - KB created
2020-10-30 15:03:15,365 [4] INFO INFOropert{BotName} - Saving state for 673088106
2020-10-30 15:03:15,365 [4] INFO INFOropert{BotName} - In executing mysql
2020-10-30 15:03:15,441 [4] INFO INFOropert{BotName} - Executing mysql end
2020-10-30 15:03:15,442 [4] INFO INFOropert{BotName} - State saved
2020-10-30 15:03:15,442 [4] INFO INFOropert{BotName} - CallbackQuerry from 673088106 end
2020-10-30 15:03:35,255 [14] INFO INFOropert{BotName} - Checking for updates...
2020-10-30 15:03:35,334 [14] INFO INFOropert{BotName} - Updating users...
2020-10-30 15:03:35,463 [14] INFO INFOropert{BotName} - Users updated
2020-10-30 15:03:35,463 [14] INFO INFOropert{BotName} - Updates checked
2020-10-30 15:03:58,326 [4] INFO INFOropert{BotName} - On callback querry '2' from 673088106
2020-10-30 15:03:58,326 [4] INFO INFOropert{BotName} - Answer '2' from 673088106 on 202/21 was right!
2020-10-30 15:03:58,400 [4] INFO INFOropert{BotName} - Creating inline KB...
2020-10-30 15:03:58,400 [4] INFO INFOropert{BotName} - KB created
2020-10-30 15:03:58,400 [4] INFO INFOropert{BotName} - Saving state for 673088106
2020-10-30 15:03:58,400 [4] INFO INFOropert{BotName} - In executing mysql
2020-10-30 15:03:58,476 [4] INFO INFOropert{BotName} - Executing mysql end
2020-10-30 15:03:58,476 [4] INFO INFOropert{BotName} - State saved
2020-10-30 15:03:58,476 [4] INFO INFOropert{BotName} - CallbackQuerry from 673088106 end
2020-10-30 15:04:07,186 [4] INFO INFOropert{BotName} - On callback querry '3' from 673088106
2020-10-30 15:04:07,186 [4] INFO INFOropert{BotName} - Answer '3' from 673088106 on 202/22 was right!
2020-10-30 15:04:07,309 [4] INFO INFOropert{BotName} - Creating inline KB...
2020-10-30 15:04:07,309 [4] INFO INFOropert{BotName} - KB created
2020-10-30 15:04:07,310 [4] INFO INFOropert{BotName} - Saving state for 673088106
2020-10-30 15:04:07,310 [4] INFO INFOropert{BotName} - In executing mysql
2020-10-30 15:04:07,384 [4] INFO INFOropert{BotName} - Executing mysql end
2020-10-30 15:04:07,385 [4] INFO INFOropert{BotName} - State saved
2020-10-30 15:04:07,385 [4] INFO INFOropert{BotName} - CallbackQuerry from 673088106 end
2020-10-30 15:04:23,867 [4] INFO INFOropert{BotName} - On callback querry '2' from 673088106
2020-10-30 15:04:23,867 [4] INFO INFOropert{BotName} - Answer '2' from 673088106 on 202/23 was wrong!
2020-10-30 15:04:23,956 [4] INFO INFOropert{BotName} - Creating inline KB...
2020-10-30 15:04:23,956 [4] INFO INFOropert{BotName} - KB created
2020-10-30 15:04:23,956 [4] INFO INFOropert{BotName} - Saving state for 673088106
2020-10-30 15:04:23,956 [4] INFO INFOropert{BotName} - In executing mysql
2020-10-30 15:04:24,035 [4] INFO INFOropert{BotName} - Executing mysql end
2020-10-30 15:04:24,035 [4] INFO INFOropert{BotName} - State saved
2020-10-30 15:04:24,035 [4] INFO INFOropert{BotName} - CallbackQuerry from 673088106 end
2020-10-30 15:04:33,534 [4] INFO INFOropert{BotName} - On callback querry '2' from 673088106
2020-10-30 15:04:33,534 [4] INFO INFOropert{BotName} - Answer '2' from 673088106 on 202/24 was right!
2020-10-30 15:04:33,733 [4] INFO INFOropert{BotName} - Saving state for 673088106
2020-10-30 15:04:33,733 [4] INFO INFOropert{BotName} - In executing mysql
2020-10-30 15:04:33,813 [4] INFO INFOropert{BotName} - Executing mysql end
2020-10-30 15:04:33,813 [4] INFO INFOropert{BotName} - State saved
2020-10-30 15:04:33,813 [4] INFO INFOropert{BotName} - CallbackQuerry from 673088106 end
2020-10-30 15:04:35,255 [7] INFO INFOropert{BotName} - Checking for updates...
2020-10-30 15:04:35,331 [7] INFO INFOropert{BotName} - Updating users...
2020-10-30 15:04:35,467 [7] INFO INFOropert{BotName} - Users updated
2020-10-30 15:04:35,467 [7] INFO INFOropert{BotName} - Updates checked
2020-10-30 15:05:35,255 [17] INFO INFOropert{BotName} - Checking for updates...
2020-10-30 15:05:35,334 [17] INFO INFOropert{BotName} - Updating users...
2020-10-30 15:05:35,471 [17] INFO INFOropert{BotName} - Users updated
2020-10-30 15:05:35,472 [17] INFO INFOropert{BotName} - Updates checked
2020-10-30 15:05:35,751 [4] INFO INFOropert{BotName} - On message recieved '‘А-1,Б-3,В-2‘' from 673088106
2020-10-30 15:05:35,751 [4] INFO INFOropert{BotName} - Answer '‘А-1,Б-3,В-2‘' from 673088106 on 202/25 was right!
2020-10-30 15:05:35,844 [4] INFO INFOropert{BotName} - In executing mysql
2020-10-30 15:05:35,921 [4] INFO INFOropert{BotName} - Executing mysql end
2020-10-30 15:05:36,010 [4] INFO INFOropert{BotName} - Saving state for 673088106
2020-10-30 15:05:36,010 [4] INFO INFOropert{BotName} - In executing mysql
2020-10-30 15:05:36,090 [4] INFO INFOropert{BotName} - Executing mysql end
2020-10-30 15:05:36,090 [4] INFO INFOropert{BotName} - State saved
2020-10-30 15:05:36,090 [4] INFO INFOropert{BotName} - On message from 673088106 end
2020-10-30 15:06:35,255 [16] INFO INFOropert{BotName} - Checking for updates...
2020-10-30 15:06:35,331 [16] INFO INFOropert{BotName} - Updating users...
2020-10-30 15:06:35,460 [16] INFO INFOropert{BotName} - Users updated
2020-10-30 15:06:35,460 [16] INFO INFOropert{BotName} - Updates checked
2020-10-30 15:07:35,266 [14] INFO INFOropert{BotName} - Checking for updates...
2020-10-30 15:07:35,345 [14] INFO INFOropert{BotName} - Updating users...
2020-10-30 15:07:35,479 [14] INFO INFOropert{BotName} - Users updated
2020-10-30 15:07:35,479 [14] INFO INFOropert{BotName} - Updates checked
2020-10-30 15:08:35,257 [9] INFO INFOropert{BotName} - Checking for updates...
2020-10-30 15:08:35,333 [9] INFO INFOropert{BotName} - Updating users...
2020-10-30 15:08:35,462 [9] INFO INFOropert{BotName} - Users updated
2020-10-30 15:08:35,462 [9] INFO INFOropert{BotName} - Updates checked
2020-10-30 15:09:35,254 [7] INFO INFOropert{BotName} - Checking for updates...
2020-10-30 15:09:35,333 [7] INFO INFOropert{BotName} - Updating users...
2020-10-30 15:09:35,461 [7] INFO INFOropert{BotName} - Users updated
2020-10-30 15:09:35,461 [7] INFO INFOropert{BotName} - Updates checked
2020-10-30 15:10:35,255 [6] INFO INFOropert{BotName} - Checking for updates...
2020-10-30 15:10:35,331 [6] INFO INFOropert{BotName} - Updating users...
2020-10-30 15:10:35,459 [6] INFO INFOropert{BotName} - Users updated
2020-10-30 15:10:35,459 [6] INFO INFOropert{BotName} - Updates checked
2020-10-30 15:11:35,253 [16] INFO INFOropert{BotName} - Checking for updates...
2020-10-30 15:11:35,331 [16] INFO INFOropert{BotName} - Updating users...
2020-10-30 15:11:35,459 [16] INFO INFOropert{BotName} - Users updated
2020-10-30 15:11:35,459 [16] INFO INFOropert{BotName} - Updates checked
2020-10-30 15:12:35,255 [17] INFO INFOropert{BotName} - Checking for updates...
2020-10-30 15:12:35,331 [17] INFO INFOropert{BotName} - Updating users...
2020-10-30 15:12:35,459 [17] INFO INFOropert{BotName} - Users updated
2020-10-30 15:12:35,459 [17] INFO INFOropert{BotName} - Updates checked
2020-10-30 15:13:35,259 [18] INFO INFOropert{BotName} - Checking for updates...
2020-10-30 15:13:35,338 [18] INFO INFOropert{BotName} - Updating users...
2020-10-30 15:13:35,466 [18] INFO INFOropert{BotName} - Users updated
2020-10-30 15:13:35,466 [18] INFO INFOropert{BotName} - Updates checked
2020-10-30 15:14:35,256 [20] INFO INFOropert{BotName} - Checking for updates...
2020-10-30 15:14:35,331 [20] INFO INFOropert{BotName} - Updating users...
2020-10-30 15:14:35,460 [20] INFO INFOropert{BotName} - Users updated
2020-10-30 15:14:35,460 [20] INFO INFOropert{BotName} - Updates checked
2020-10-30 15:15:35,255 [18] INFO INFOropert{BotName} - Checking for updates...
2020-10-30 15:15:35,333 [18] INFO INFOropert{BotName} - Updating users...
2020-10-30 15:15:35,461 [18] INFO INFOropert{BotName} - Users updated
2020-10-30 15:15:35,461 [18] INFO INFOropert{BotName} - Updates checked
2020-10-30 15:16:35,256 [17] INFO INFOropert{BotName} - Checking for updates...
2020-10-30 15:16:35,333 [17] INFO INFOropert{BotName} - Updating users...
2020-10-30 15:16:35,461 [17] INFO INFOropert{BotName} - Users updated
2020-10-30 15:16:35,462 [17] INFO INFOropert{BotName} - Updates checked
2020-10-30 15:17:35,256 [6] INFO INFOropert{BotName} - Checking for updates...
2020-10-30 15:17:35,335 [6] INFO INFOropert{BotName} - Updating users...
2020-10-30 15:17:35,463 [6] INFO INFOropert{BotName} - Users updated
2020-10-30 15:17:35,463 [6] INFO INFOropert{BotName} - Updates checked
2020-10-30 15:18:35,255 [9] INFO INFOropert{BotName} - Checking for updates...
2020-10-30 15:18:35,331 [9] INFO INFOropert{BotName} - Updating users...
2020-10-30 15:18:35,461 [9] INFO INFOropert{BotName} - Users updated
2020-10-30 15:18:35,462 [9] INFO INFOropert{BotName} - Updating lessons...
2020-10-30 15:18:48,319 [19] INFO INFOropert{BotName} - On message recieved 'Записи уроків ▶' from 1023623731
2020-10-30 15:18:48,319 [19] INFO INFOropert{BotName} - In executing mysql
2020-10-30 15:18:48,393 [19] INFO INFOropert{BotName} - Executing mysql end
2020-10-30 15:18:48,396 [19] INFO INFOropert{BotName} - On message from 1023623731 end
2020-10-30 15:18:54,131 [9] INFO INFOropert{BotName} - In HMNotificationTimer
2020-10-30 15:18:54,131 [9] INFO INFOropert{BotName} - Get next lesson
2020-10-30 15:18:54,131 [9] INFO INFOropert{BotName} - Get next lesson end
2020-10-30 15:18:54,131 [9] INFO INFOropert{BotName} - No lesson found. HMNotification end
2020-10-30 15:18:54,131 [9] INFO INFOropert{BotName} - In WebinarNotificationTimer
2020-10-30 15:18:54,131 [9] INFO INFOropert{BotName} - Get next lesson
2020-10-30 15:18:54,131 [9] INFO INFOropert{BotName} - Get next lesson end
2020-10-30 15:18:54,131 [9] INFO INFOropert{BotName} - No lesson found. WebinarNotification end
2020-10-30 15:18:54,131 [9] INFO INFOropert{BotName} - In InitializeTestTimer
2020-10-30 15:18:54,131 [9] INFO INFOropert{BotName} - Get next lesson(hour)
2020-10-30 15:18:54,131 [9] INFO INFOropert{BotName} - Get next lesson(hour) end
2020-10-30 15:18:54,131 [9] INFO INFOropert{BotName} - No lesson found. InitializeTimer end
2020-10-30 15:18:54,131 [9] INFO INFOropert{BotName} - In InitializeStopTimer
2020-10-30 15:18:54,131 [9] INFO INFOropert{BotName} - Get next lesson(min,hour)
2020-10-30 15:18:54,131 [9] INFO INFOropert{BotName} - Get next lesson(min,hour) end
2020-10-30 15:18:54,131 [9] INFO INFOropert{BotName} - No lesson found. StopTimer end
2020-10-30 15:18:54,131 [9] INFO INFOropert{BotName} - In LinkSenderTimer
2020-10-30 15:18:54,131 [9] INFO INFOropert{BotName} - Get next lesson
2020-10-30 15:18:54,131 [9] INFO INFOropert{BotName} - Get next lesson end
2020-10-30 15:18:54,131 [9] INFO INFOropert{BotName} - No lesson found. LinkSender end
2020-10-30 15:18:54,131 [9] INFO INFOropert{BotName} - Lessons updated
2020-10-30 15:18:54,131 [9] INFO INFOropert{BotName} - Updates checked
2020-10-30 15:19:25,381 [17] INFO INFOropert{BotName} - On message recieved 'Розклад 📅' from 1023623731
2020-10-30 15:19:27,101 [17] INFO INFOropert{BotName} - On message from 1023623731 end
2020-10-30 15:19:35,256 [14] INFO INFOropert{BotName} - Checking for updates...
2020-10-30 15:19:35,334 [14] INFO INFOropert{BotName} - Updating users...
2020-10-30 15:19:35,468 [14] INFO INFOropert{BotName} - Users updated
2020-10-30 15:19:35,468 [14] INFO INFOropert{BotName} - Updates checked
2020-10-30 15:20:35,266 [7] INFO INFOropert{BotName} - Checking for updates...
2020-10-30 15:20:35,346 [7] INFO INFOropert{BotName} - Updating users...
2020-10-30 15:20:35,482 [7] INFO INFOropert{BotName} - Users updated
2020-10-30 15:20:35,482 [7] INFO INFOropert{BotName} - Updating lessons...
2020-10-30 15:20:49,485 [7] INFO INFOropert{BotName} - In HMNotificationTimer
2020-10-30 15:20:49,486 [7] INFO INFOropert{BotName} - Get next lesson
2020-10-30 15:20:49,486 [7] INFO INFOropert{BotName} - Get next lesson end
2020-10-30 15:20:49,486 [7] INFO INFOropert{BotName} - No lesson found. HMNotification end
2020-10-30 15:20:49,486 [7] INFO INFOropert{BotName} - In WebinarNotificationTimer
2020-10-30 15:20:49,486 [7] INFO INFOropert{BotName} - Get next lesson
2020-10-30 15:20:49,486 [7] INFO INFOropert{BotName} - Get next lesson end
2020-10-30 15:20:49,486 [7] INFO INFOropert{BotName} - No lesson found. WebinarNotification end
2020-10-30 15:20:49,486 [7] INFO INFOropert{BotName} - In InitializeTestTimer
2020-10-30 15:20:49,486 [7] INFO INFOropert{BotName} - Get next lesson(hour)
2020-10-30 15:20:49,487 [7] INFO INFOropert{BotName} - Get next lesson(hour) end
2020-10-30 15:20:49,487 [7] INFO INFOropert{BotName} - No lesson found. InitializeTimer end
2020-10-30 15:20:49,487 [7] INFO INFOropert{BotName} - In InitializeStopTimer
2020-10-30 15:20:49,487 [7] INFO INFOropert{BotName} - Get next lesson(min,hour)
2020-10-30 15:20:49,487 [7] INFO INFOropert{BotName} - Get next lesson(min,hour) end
2020-10-30 15:20:49,487 [7] INFO INFOropert{BotName} - No lesson found. StopTimer end
2020-10-30 15:20:49,487 [7] INFO INFOropert{BotName} - In LinkSenderTimer
2020-10-30 15:20:49,487 [7] INFO INFOropert{BotName} - Get next lesson
2020-10-30 15:20:49,487 [7] INFO INFOropert{BotName} - Get next lesson end
2020-10-30 15:20:49,487 [7] INFO INFOropert{BotName} - No lesson found. LinkSender end
2020-10-30 15:20:49,487 [7] INFO INFOropert{BotName} - Lessons updated
2020-10-30 15:20:49,487 [7] INFO INFOropert{BotName} - Updates checked
2020-10-30 15:21:35,255 [8] INFO INFOropert{BotName} - Checking for updates...
2020-10-30 15:21:35,334 [8] INFO INFOropert{BotName} - Updating users...
2020-10-30 15:21:35,467 [8] INFO INFOropert{BotName} - Users updated
2020-10-30 15:21:35,467 [8] INFO INFOropert{BotName} - Updating lessons...
2020-10-30 15:21:48,697 [8] INFO INFOropert{BotName} - In HMNotificationTimer
2020-10-30 15:21:48,697 [8] INFO INFOropert{BotName} - Get next lesson
2020-10-30 15:21:48,697 [8] INFO INFOropert{BotName} - Get next lesson end
2020-10-30 15:21:48,697 [8] INFO INFOropert{BotName} - No lesson found. HMNotification end
2020-10-30 15:21:48,697 [8] INFO INFOropert{BotName} - In WebinarNotificationTimer
2020-10-30 15:21:48,697 [8] INFO INFOropert{BotName} - Get next lesson
2020-10-30 15:21:48,697 [8] INFO INFOropert{BotName} - Get next lesson end
2020-10-30 15:21:48,697 [8] INFO INFOropert{BotName} - No lesson found. WebinarNotification end
2020-10-30 15:21:48,697 [8] INFO INFOropert{BotName} - In InitializeTestTimer
2020-10-30 15:21:48,697 [8] INFO INFOropert{BotName} - Get next lesson(hour)
2020-10-30 15:21:48,697 [8] INFO INFOropert{BotName} - Get next lesson(hour) end
2020-10-30 15:21:48,697 [8] INFO INFOropert{BotName} - No lesson found. InitializeTimer end
2020-10-30 15:21:48,697 [8] INFO INFOropert{BotName} - In InitializeStopTimer
2020-10-30 15:21:48,697 [8] INFO INFOropert{BotName} - Get next lesson(min,hour)
2020-10-30 15:21:48,698 [8] INFO INFOropert{BotName} - Get next lesson(min,hour) end
2020-10-30 15:21:48,698 [8] INFO INFOropert{BotName} - No lesson found. StopTimer end
2020-10-30 15:21:48,698 [8] INFO INFOropert{BotName} - In LinkSenderTimer
2020-10-30 15:21:48,698 [8] INFO INFOropert{BotName} - Get next lesson
2020-10-30 15:21:48,698 [8] INFO INFOropert{BotName} - Get next lesson end
2020-10-30 15:21:48,698 [8] INFO INFOropert{BotName} - No lesson found. LinkSender end
2020-10-30 15:21:48,698 [8] INFO INFOropert{BotName} - Lessons updated
2020-10-30 15:21:48,698 [8] INFO INFOropert{BotName} - Updates checked
2020-10-30 15:22:13,307 [18] INFO INFOropert{BotName} - On message recieved 'Мій акаунт 🧑🏼‍🎓' from 1023623731
2020-10-30 15:22:13,307 [18] INFO INFOropert{BotName} - In executing mysql
2020-10-30 15:22:13,383 [18] INFO INFOropert{BotName} - Executing mysql end
2020-10-30 15:22:13,385 [18] INFO INFOropert{BotName} - On message from 1023623731 end
2020-10-30 15:22:14,804 [18] INFO INFOropert{BotName} - On message recieved 'Мої життя ♥' from 1023623731
2020-10-30 15:22:14,806 [18] INFO INFOropert{BotName} - On message from 1023623731 end
2020-10-30 15:22:20,111 [18] INFO INFOropert{BotName} - On message recieved 'Головне меню ◀' from 1023623731
2020-10-30 15:22:20,113 [18] INFO INFOropert{BotName} - On message from 1023623731 end
2020-10-30 15:22:35,256 [14] INFO INFOropert{BotName} - Checking for updates...
2020-10-30 15:22:35,335 [14] INFO INFOropert{BotName} - Updating users...
2020-10-30 15:22:35,466 [14] INFO INFOropert{BotName} - Users updated
2020-10-30 15:22:35,466 [14] INFO INFOropert{BotName} - Updates checked
2020-10-30 15:23:35,254 [9] INFO INFOropert{BotName} - Checking for updates...
2020-10-30 15:23:35,331 [9] INFO INFOropert{BotName} - Updating users...
2020-10-30 15:23:35,468 [9] INFO INFOropert{BotName} - Users updated
2020-10-30 15:23:35,468 [9] INFO INFOropert{BotName} - Updates checked
2020-10-30 15:23:42,999 [1] INFO INFOropert{BotName} - Saving state for all users...
2020-10-30 15:23:42,999 [1] INFO INFOropert{BotName} - States saved
