2020-10-30 13:45:50,316 [1] INFO INFOropert{BotName} - Starting bot...
2020-10-30 13:45:50,336 [1] INFO INFOropert{BotName} - Loading from database...
2020-10-30 13:46:04,472 [1] INFO INFOropert{BotName} - Loading from database completed
2020-10-30 13:46:04,472 [1] INFO INFOropert{BotName} - Loaded
2020-10-30 13:46:04,473 [1] INFO INFOropert{BotName} - Adding all commands...
2020-10-30 13:46:04,474 [1] INFO INFOropert{BotName} - Commands added
2020-10-30 13:46:04,475 [1] INFO INFOropert{BotName} - Update DB timer
2020-10-30 13:46:04,475 [1] INFO INFOropert{BotName} - Update DB timer end
2020-10-30 13:46:04,476 [1] INFO INFOropert{BotName} - In HMNotificationTimer
2020-10-30 13:46:04,476 [1] INFO INFOropert{BotName} - Get next lesson
2020-10-30 13:46:04,479 [1] INFO INFOropert{BotName} - Get next lesson end
2020-10-30 13:46:04,479 [1] INFO INFOropert{BotName} - No lesson found. HMNotification end
2020-10-30 13:46:04,480 [1] INFO INFOropert{BotName} - In WebinarNotificationTimer
2020-10-30 13:46:04,480 [1] INFO INFOropert{BotName} - Get next lesson
2020-10-30 13:46:04,480 [1] INFO INFOropert{BotName} - Get next lesson end
2020-10-30 13:46:04,480 [1] INFO INFOropert{BotName} - No lesson found. WebinarNotification end
2020-10-30 13:46:04,480 [1] INFO INFOropert{BotName} - In InitializeTestTimer
2020-10-30 13:46:04,481 [1] INFO INFOropert{BotName} - Get next lesson(hour)
2020-10-30 13:46:04,481 [1] INFO INFOropert{BotName} - Get next lesson(hour) end
2020-10-30 13:46:04,481 [1] INFO INFOropert{BotName} - No lesson found. InitializeTimer end
2020-10-30 13:46:04,481 [1] INFO INFOropert{BotName} - In LinkSenderTimer
2020-10-30 13:46:04,481 [1] INFO INFOropert{BotName} - Get next lesson
2020-10-30 13:46:04,481 [1] INFO INFOropert{BotName} - Get next lesson end
2020-10-30 13:46:04,481 [1] INFO INFOropert{BotName} - No lesson found. LinkSender end
2020-10-30 13:46:05,111 [1] INFO INFOropert{BotName} - Creating menu...
2020-10-30 13:46:05,112 [1] INFO INFOropert{BotName} - Menu created
2020-10-30 13:46:05,112 [1] INFO INFOropert{BotName} - Bot started
2020-10-30 13:47:04,490 [8] INFO INFOropert{BotName} - Checking for updates...
2020-10-30 13:47:04,573 [8] INFO INFOropert{BotName} - Updating users...
2020-10-30 13:47:04,867 [8] INFO INFOropert{BotName} - Users updated
2020-10-30 13:47:04,869 [8] INFO INFOropert{BotName} - Updating lessons...
2020-10-30 13:47:17,914 [8] INFO INFOropert{BotName} - In HMNotificationTimer
2020-10-30 13:47:17,916 [8] INFO INFOropert{BotName} - Get next lesson
2020-10-30 13:47:17,919 [8] INFO INFOropert{BotName} - Get next lesson end
2020-10-30 13:47:17,920 [8] INFO INFOropert{BotName} - No lesson found. HMNotification end
2020-10-30 13:47:17,922 [8] INFO INFOropert{BotName} - In WebinarNotificationTimer
2020-10-30 13:47:17,922 [8] INFO INFOropert{BotName} - Get next lesson
2020-10-30 13:47:17,922 [8] INFO INFOropert{BotName} - Get next lesson end
2020-10-30 13:47:17,922 [8] INFO INFOropert{BotName} - No lesson found. WebinarNotification end
2020-10-30 13:47:17,922 [8] INFO INFOropert{BotName} - In InitializeTestTimer
2020-10-30 13:47:17,923 [8] INFO INFOropert{BotName} - Get next lesson(hour)
2020-10-30 13:47:17,923 [8] INFO INFOropert{BotName} - Get next lesson(hour) end
2020-10-30 13:47:17,924 [8] INFO INFOropert{BotName} - No lesson found. InitializeTimer end
2020-10-30 13:47:17,929 [8] INFO INFOropert{BotName} - In InitializeStopTimer
2020-10-30 13:47:17,931 [8] INFO INFOropert{BotName} - Get next lesson(min,hour)
2020-10-30 13:47:17,931 [8] INFO INFOropert{BotName} - Get next lesson(min,hour) end
2020-10-30 13:47:17,931 [8] INFO INFOropert{BotName} - No lesson found. StopTimer end
2020-10-30 13:47:17,931 [8] INFO INFOropert{BotName} - In LinkSenderTimer
2020-10-30 13:47:17,935 [8] INFO INFOropert{BotName} - Get next lesson
2020-10-30 13:47:17,936 [8] INFO INFOropert{BotName} - Get next lesson end
2020-10-30 13:47:17,936 [8] INFO INFOropert{BotName} - No lesson found. LinkSender end
2020-10-30 13:47:17,936 [8] INFO INFOropert{BotName} - Lessons updated
2020-10-30 13:47:17,937 [8] INFO INFOropert{BotName} - Updates checked
2020-10-30 13:48:04,477 [9] INFO INFOropert{BotName} - Checking for updates...
2020-10-30 13:48:04,553 [9] INFO INFOropert{BotName} - Updating users...
2020-10-30 13:48:04,685 [9] INFO INFOropert{BotName} - Users updated
2020-10-30 13:48:04,685 [9] INFO INFOropert{BotName} - Updates checked
2020-10-30 13:49:04,478 [4] INFO INFOropert{BotName} - Checking for updates...
2020-10-30 13:49:04,558 [4] INFO INFOropert{BotName} - Updating users...
2020-10-30 13:49:04,689 [4] INFO INFOropert{BotName} - Users updated
2020-10-30 13:49:04,690 [4] INFO INFOropert{BotName} - Updates checked
2020-10-30 13:50:04,477 [4] INFO INFOropert{BotName} - Checking for updates...
2020-10-30 13:50:04,555 [4] INFO INFOropert{BotName} - Updating users...
2020-10-30 13:50:04,688 [4] INFO INFOropert{BotName} - Users updated
2020-10-30 13:50:04,688 [4] INFO INFOropert{BotName} - Updates checked
2020-10-30 13:51:04,479 [7] INFO INFOropert{BotName} - Checking for updates...
2020-10-30 13:51:04,557 [7] INFO INFOropert{BotName} - Updating users...
2020-10-30 13:51:04,686 [7] INFO INFOropert{BotName} - Users updated
2020-10-30 13:51:04,686 [7] INFO INFOropert{BotName} - Updates checked
2020-10-30 13:52:04,477 [13] INFO INFOropert{BotName} - Checking for updates...
2020-10-30 13:52:04,551 [13] INFO INFOropert{BotName} - Updating users...
2020-10-30 13:52:04,685 [13] INFO INFOropert{BotName} - Users updated
2020-10-30 13:52:04,685 [13] INFO INFOropert{BotName} - Updates checked
2020-10-30 13:53:04,497 [8] INFO INFOropert{BotName} - Checking for updates...
2020-10-30 13:53:04,586 [8] INFO INFOropert{BotName} - Updating users...
2020-10-30 13:53:04,714 [8] INFO INFOropert{BotName} - Users updated
2020-10-30 13:53:04,714 [8] INFO INFOropert{BotName} - Updates checked
2020-10-30 13:54:04,490 [6] INFO INFOropert{BotName} - Checking for updates...
2020-10-30 13:54:04,565 [6] INFO INFOropert{BotName} - Updating users...
2020-10-30 13:54:04,699 [6] INFO INFOropert{BotName} - Users updated
2020-10-30 13:54:04,699 [6] INFO INFOropert{BotName} - Updates checked
2020-10-30 13:55:04,475 [9] INFO INFOropert{BotName} - Checking for updates...
2020-10-30 13:55:04,552 [9] INFO INFOropert{BotName} - Updating users...
2020-10-30 13:55:04,681 [9] INFO INFOropert{BotName} - Users updated
2020-10-30 13:55:04,681 [9] INFO INFOropert{BotName} - Updates checked
2020-10-30 13:56:04,475 [13] INFO INFOropert{BotName} - Checking for updates...
2020-10-30 13:56:04,550 [13] INFO INFOropert{BotName} - Updating users...
2020-10-30 13:56:04,682 [13] INFO INFOropert{BotName} - Users updated
2020-10-30 13:56:04,682 [13] INFO INFOropert{BotName} - Updates checked
2020-10-30 13:57:04,488 [7] INFO INFOropert{BotName} - Checking for updates...
2020-10-30 13:57:04,568 [7] INFO INFOropert{BotName} - Updating users...
2020-10-30 13:57:04,694 [7] INFO INFOropert{BotName} - Users updated
2020-10-30 13:57:04,694 [7] INFO INFOropert{BotName} - Updating lessons...
2020-10-30 13:57:17,642 [7] INFO INFOropert{BotName} - In HMNotificationTimer
2020-10-30 13:57:17,642 [7] INFO INFOropert{BotName} - Get next lesson
2020-10-30 13:57:17,642 [7] INFO INFOropert{BotName} - Get next lesson end
2020-10-30 13:57:17,642 [7] INFO INFOropert{BotName} - No lesson found. HMNotification end
2020-10-30 13:57:17,642 [7] INFO INFOropert{BotName} - In WebinarNotificationTimer
2020-10-30 13:57:17,642 [7] INFO INFOropert{BotName} - Get next lesson
2020-10-30 13:57:17,642 [7] INFO INFOropert{BotName} - Get next lesson end
2020-10-30 13:57:17,642 [7] INFO INFOropert{BotName} - No lesson found. WebinarNotification end
2020-10-30 13:57:17,642 [7] INFO INFOropert{BotName} - In InitializeTestTimer
2020-10-30 13:57:17,642 [7] INFO INFOropert{BotName} - Get next lesson(hour)
2020-10-30 13:57:17,642 [7] INFO INFOropert{BotName} - Get next lesson(hour) end
2020-10-30 13:57:17,642 [7] INFO INFOropert{BotName} - No lesson found. InitializeTimer end
2020-10-30 13:57:17,642 [7] INFO INFOropert{BotName} - In InitializeStopTimer
2020-10-30 13:57:17,642 [7] INFO INFOropert{BotName} - Get next lesson(min,hour)
2020-10-30 13:57:17,642 [7] INFO INFOropert{BotName} - Get next lesson(min,hour) end
2020-10-30 13:57:17,642 [7] INFO INFOropert{BotName} - No lesson found. StopTimer end
2020-10-30 13:57:17,642 [7] INFO INFOropert{BotName} - In LinkSenderTimer
2020-10-30 13:57:17,642 [7] INFO INFOropert{BotName} - Get next lesson
2020-10-30 13:57:17,642 [7] INFO INFOropert{BotName} - Get next lesson end
2020-10-30 13:57:17,642 [7] INFO INFOropert{BotName} - No lesson found. LinkSender end
2020-10-30 13:57:17,642 [7] INFO INFOropert{BotName} - Lessons updated
2020-10-30 13:57:17,642 [7] INFO INFOropert{BotName} - Updates checked
2020-10-30 13:58:04,475 [13] INFO INFOropert{BotName} - Checking for updates...
2020-10-30 13:58:04,549 [13] INFO INFOropert{BotName} - Updating users...
2020-10-30 13:58:04,680 [13] INFO INFOropert{BotName} - Users updated
2020-10-30 13:58:04,680 [13] INFO INFOropert{BotName} - Updates checked
2020-10-30 13:59:04,490 [6] INFO INFOropert{BotName} - Checking for updates...
2020-10-30 13:59:04,568 [6] INFO INFOropert{BotName} - Updating users...
2020-10-30 13:59:04,697 [6] INFO INFOropert{BotName} - Users updated
2020-10-30 13:59:04,697 [6] INFO INFOropert{BotName} - Updates checked
2020-10-30 14:00:04,488 [8] INFO INFOropert{BotName} - Checking for updates...
2020-10-30 14:00:04,564 [8] INFO INFOropert{BotName} - Updating users...
2020-10-30 14:00:04,701 [8] INFO INFOropert{BotName} - Users updated
2020-10-30 14:00:04,701 [8] INFO INFOropert{BotName} - Updates checked
2020-10-30 14:01:04,476 [9] INFO INFOropert{BotName} - Checking for updates...
2020-10-30 14:01:04,553 [9] INFO INFOropert{BotName} - Updating users...
2020-10-30 14:01:04,680 [9] INFO INFOropert{BotName} - Users updated
2020-10-30 14:01:04,680 [9] INFO INFOropert{BotName} - Updates checked
2020-10-30 14:02:04,479 [4] INFO INFOropert{BotName} - Checking for updates...
2020-10-30 14:02:04,555 [4] INFO INFOropert{BotName} - Updating users...
2020-10-30 14:02:04,689 [4] INFO INFOropert{BotName} - Users updated
2020-10-30 14:02:04,689 [4] INFO INFOropert{BotName} - Updates checked
2020-10-30 14:03:04,488 [6] INFO INFOropert{BotName} - Checking for updates...
2020-10-30 14:03:04,565 [6] INFO INFOropert{BotName} - Updating users...
2020-10-30 14:03:04,693 [6] INFO INFOropert{BotName} - Users updated
2020-10-30 14:03:04,693 [6] INFO INFOropert{BotName} - Updates checked
2020-10-30 14:04:04,476 [13] INFO INFOropert{BotName} - Checking for updates...
2020-10-30 14:04:04,551 [13] INFO INFOropert{BotName} - Updating users...
2020-10-30 14:04:04,687 [13] INFO INFOropert{BotName} - Users updated
2020-10-30 14:04:04,687 [13] INFO INFOropert{BotName} - Updates checked
2020-10-30 14:05:04,476 [7] INFO INFOropert{BotName} - Checking for updates...
2020-10-30 14:05:04,558 [7] INFO INFOropert{BotName} - Updating users...
2020-10-30 14:05:04,687 [7] INFO INFOropert{BotName} - Users updated
2020-10-30 14:05:04,687 [7] INFO INFOropert{BotName} - Updates checked
2020-10-30 14:06:04,477 [6] INFO INFOropert{BotName} - Checking for updates...
2020-10-30 14:06:04,554 [6] INFO INFOropert{BotName} - Updating users...
2020-10-30 14:06:04,692 [6] INFO INFOropert{BotName} - Users updated
2020-10-30 14:06:04,692 [6] INFO INFOropert{BotName} - Updates checked
2020-10-30 14:07:04,475 [8] INFO INFOropert{BotName} - Checking for updates...
2020-10-30 14:07:04,554 [8] INFO INFOropert{BotName} - Updating users...
2020-10-30 14:07:04,688 [8] INFO INFOropert{BotName} - Users updated
2020-10-30 14:07:04,688 [8] INFO INFOropert{BotName} - Updates checked
2020-10-30 14:08:04,488 [4] INFO INFOropert{BotName} - Checking for updates...
2020-10-30 14:08:04,562 [4] INFO INFOropert{BotName} - Updating users...
2020-10-30 14:08:04,697 [4] INFO INFOropert{BotName} - Users updated
2020-10-30 14:08:04,697 [4] INFO INFOropert{BotName} - Updates checked
2020-10-30 14:09:04,476 [8] INFO INFOropert{BotName} - Checking for updates...
2020-10-30 14:09:04,556 [8] INFO INFOropert{BotName} - Updating users...
2020-10-30 14:09:04,686 [8] INFO INFOropert{BotName} - Users updated
2020-10-30 14:09:04,686 [8] INFO INFOropert{BotName} - Updates checked
2020-10-30 14:10:04,475 [6] INFO INFOropert{BotName} - Checking for updates...
2020-10-30 14:10:04,551 [6] INFO INFOropert{BotName} - Updating users...
2020-10-30 14:10:04,684 [6] INFO INFOropert{BotName} - Users updated
2020-10-30 14:10:04,684 [6] INFO INFOropert{BotName} - Updates checked
2020-10-30 14:11:04,476 [10] INFO INFOropert{BotName} - Checking for updates...
2020-10-30 14:11:04,555 [10] INFO INFOropert{BotName} - Updating users...
2020-10-30 14:11:04,685 [10] INFO INFOropert{BotName} - Users updated
2020-10-30 14:11:04,685 [10] INFO INFOropert{BotName} - Updates checked
2020-10-30 14:12:04,489 [13] INFO INFOropert{BotName} - Checking for updates...
2020-10-30 14:12:04,563 [13] INFO INFOropert{BotName} - Updating users...
2020-10-30 14:12:04,696 [13] INFO INFOropert{BotName} - Users updated
2020-10-30 14:12:04,696 [13] INFO INFOropert{BotName} - Updates checked
2020-10-30 14:13:04,475 [11] INFO INFOropert{BotName} - Checking for updates...
2020-10-30 14:13:04,551 [11] INFO INFOropert{BotName} - Updates checked
2020-10-30 14:14:04,486 [6] INFO INFOropert{BotName} - Checking for updates...
2020-10-30 14:14:04,561 [6] INFO INFOropert{BotName} - Updates checked
2020-10-30 14:15:04,476 [8] INFO INFOropert{BotName} - Checking for updates...
2020-10-30 14:15:04,554 [8] INFO INFOropert{BotName} - Updating users...
2020-10-30 14:15:04,683 [8] INFO INFOropert{BotName} - Users updated
2020-10-30 14:15:04,683 [8] INFO INFOropert{BotName} - Updates checked
2020-10-30 14:16:04,476 [6] INFO INFOropert{BotName} - Checking for updates...
2020-10-30 14:16:04,550 [6] INFO INFOropert{BotName} - Updating users...
2020-10-30 14:16:04,685 [6] INFO INFOropert{BotName} - Users updated
2020-10-30 14:16:04,685 [6] INFO INFOropert{BotName} - Updates checked
2020-10-30 14:17:04,477 [13] INFO INFOropert{BotName} - Checking for updates...
2020-10-30 14:17:04,555 [13] INFO INFOropert{BotName} - Updating users...
2020-10-30 14:17:04,683 [13] INFO INFOropert{BotName} - Users updated
2020-10-30 14:17:04,684 [13] INFO INFOropert{BotName} - Updates checked
2020-10-30 14:18:04,475 [9] INFO INFOropert{BotName} - Checking for updates...
2020-10-30 14:18:04,550 [9] INFO INFOropert{BotName} - Updating users...
2020-10-30 14:18:04,684 [9] INFO INFOropert{BotName} - Users updated
2020-10-30 14:18:04,684 [9] INFO INFOropert{BotName} - Updates checked
2020-10-30 14:19:04,476 [10] INFO INFOropert{BotName} - Checking for updates...
2020-10-30 14:19:04,553 [10] INFO INFOropert{BotName} - Updating users...
2020-10-30 14:19:04,682 [10] INFO INFOropert{BotName} - Users updated
2020-10-30 14:19:04,682 [10] INFO INFOropert{BotName} - Updates checked
2020-10-30 14:20:04,479 [14] INFO INFOropert{BotName} - Checking for updates...
2020-10-30 14:20:04,559 [14] INFO INFOropert{BotName} - Updates checked
2020-10-30 14:21:04,476 [16] INFO INFOropert{BotName} - Checking for updates...
2020-10-30 14:21:04,555 [16] INFO INFOropert{BotName} - Updates checked
2020-10-30 14:22:04,475 [6] INFO INFOropert{BotName} - Checking for updates...
2020-10-30 14:22:04,551 [6] INFO INFOropert{BotName} - Updates checked
2020-10-30 14:23:04,489 [11] INFO INFOropert{BotName} - Checking for updates...
2020-10-30 14:23:04,565 [11] INFO INFOropert{BotName} - Updating users...
2020-10-30 14:23:04,694 [11] INFO INFOropert{BotName} - Users updated
2020-10-30 14:23:04,694 [11] INFO INFOropert{BotName} - Updates checked
2020-10-30 14:24:04,484 [18] INFO INFOropert{BotName} - Checking for updates...
2020-10-30 14:24:04,557 [18] INFO INFOropert{BotName} - Updating users...
2020-10-30 14:24:04,698 [18] INFO INFOropert{BotName} - Users updated
2020-10-30 14:24:04,699 [18] INFO INFOropert{BotName} - Updates checked
2020-10-30 14:25:04,477 [14] INFO INFOropert{BotName} - Checking for updates...
2020-10-30 14:25:04,556 [14] INFO INFOropert{BotName} - Updates checked
2020-10-30 14:26:04,485 [9] INFO INFOropert{BotName} - Checking for updates...
2020-10-30 14:26:04,559 [9] INFO INFOropert{BotName} - Updating users...
2020-10-30 14:26:04,695 [9] INFO INFOropert{BotName} - Users updated
2020-10-30 14:26:04,695 [9] INFO INFOropert{BotName} - Updates checked
2020-10-30 14:27:04,477 [20] INFO INFOropert{BotName} - Checking for updates...
2020-10-30 14:27:04,555 [20] INFO INFOropert{BotName} - Updates checked
2020-10-30 14:28:04,487 [23] INFO INFOropert{BotName} - Checking for updates...
2020-10-30 14:28:04,562 [23] INFO INFOropert{BotName} - Updating users...
2020-10-30 14:28:04,698 [23] INFO INFOropert{BotName} - Users updated
2020-10-30 14:28:04,698 [23] INFO INFOropert{BotName} - Updates checked
2020-10-30 14:29:04,488 [6] INFO INFOropert{BotName} - Checking for updates...
2020-10-30 14:29:04,564 [6] INFO INFOropert{BotName} - Updating users...
2020-10-30 14:29:04,692 [6] INFO INFOropert{BotName} - Users updated
2020-10-30 14:29:04,692 [6] INFO INFOropert{BotName} - Updates checked
2020-10-30 14:30:04,528 [11] INFO INFOropert{BotName} - Checking for updates...
2020-10-30 14:30:04,618 [11] INFO INFOropert{BotName} - Updating users...
2020-10-30 14:30:04,758 [11] INFO INFOropert{BotName} - Users updated
2020-10-30 14:30:04,758 [11] INFO INFOropert{BotName} - Updates checked
2020-10-30 14:31:04,476 [23] INFO INFOropert{BotName} - Checking for updates...
2020-10-30 14:31:04,564 [23] INFO INFOropert{BotName} - Updating users...
2020-10-30 14:31:04,715 [23] INFO INFOropert{BotName} - Users updated
2020-10-30 14:31:04,715 [23] INFO INFOropert{BotName} - Updates checked
2020-10-30 14:32:04,478 [9] INFO INFOropert{BotName} - Checking for updates...
2020-10-30 14:32:04,564 [9] INFO INFOropert{BotName} - Updating users...
2020-10-30 14:32:04,710 [9] INFO INFOropert{BotName} - Users updated
2020-10-30 14:32:04,710 [9] INFO INFOropert{BotName} - Updates checked
2020-10-30 14:33:04,489 [6] INFO INFOropert{BotName} - Checking for updates...
2020-10-30 14:33:04,567 [6] INFO INFOropert{BotName} - Updating users...
2020-10-30 14:33:04,696 [6] INFO INFOropert{BotName} - Users updated
2020-10-30 14:33:04,696 [6] INFO INFOropert{BotName} - Updates checked
2020-10-30 14:34:04,504 [19] INFO INFOropert{BotName} - Checking for updates...
2020-10-30 14:34:04,581 [19] INFO INFOropert{BotName} - Updating users...
2020-10-30 14:34:04,741 [19] INFO INFOropert{BotName} - Users updated
2020-10-30 14:34:04,741 [19] INFO INFOropert{BotName} - Updates checked
2020-10-30 14:35:04,476 [10] INFO INFOropert{BotName} - Checking for updates...
2020-10-30 14:35:04,561 [10] INFO INFOropert{BotName} - Updating users...
2020-10-30 14:35:04,699 [10] INFO INFOropert{BotName} - Users updated
2020-10-30 14:35:04,699 [10] INFO INFOropert{BotName} - Updates checked
2020-10-30 14:36:04,497 [20] INFO INFOropert{BotName} - Checking for updates...
2020-10-30 14:36:04,575 [20] INFO INFOropert{BotName} - Updating users...
2020-10-30 14:36:04,715 [20] INFO INFOropert{BotName} - Users updated
2020-10-30 14:36:04,715 [20] INFO INFOropert{BotName} - Updates checked
2020-10-30 14:37:04,476 [17] INFO INFOropert{BotName} - Checking for updates...
2020-10-30 14:37:04,555 [17] INFO INFOropert{BotName} - Updating users...
2020-10-30 14:37:04,687 [17] INFO INFOropert{BotName} - Users updated
2020-10-30 14:37:04,687 [17] INFO INFOropert{BotName} - Updates checked
2020-10-30 14:38:04,489 [19] INFO INFOropert{BotName} - Checking for updates...
2020-10-30 14:38:04,566 [19] INFO INFOropert{BotName} - Updating users...
2020-10-30 14:38:04,706 [19] INFO INFOropert{BotName} - Users updated
2020-10-30 14:38:04,706 [19] INFO INFOropert{BotName} - Updates checked
2020-10-30 14:39:04,490 [7] INFO INFOropert{BotName} - Checking for updates...
2020-10-30 14:39:04,568 [7] INFO INFOropert{BotName} - Updating users...
2020-10-30 14:39:04,699 [7] INFO INFOropert{BotName} - Users updated
2020-10-30 14:39:04,699 [7] INFO INFOropert{BotName} - Updates checked
2020-10-30 14:40:04,488 [14] INFO INFOropert{BotName} - Checking for updates...
2020-10-30 14:40:04,567 [14] INFO INFOropert{BotName} - Updating users...
2020-10-30 14:40:04,707 [14] INFO INFOropert{BotName} - Users updated
2020-10-30 14:40:04,707 [14] INFO INFOropert{BotName} - Updates checked
2020-10-30 14:40:51,365 [10] INFO INFOropert{BotName} - On message recieved 'Мій акаунт 🧑🏼‍🎓' from 1095782268
2020-10-30 14:40:51,366 [10] INFO INFOropert{BotName} - In executing mysql
2020-10-30 14:40:51,448 [10] INFO INFOropert{BotName} - Executing mysql end
2020-10-30 14:40:51,562 [10] INFO INFOropert{BotName} - On message from 1095782268 end
2020-10-30 14:40:57,008 [10] INFO INFOropert{BotName} - On message recieved 'Мій рейтинг 📈' from 1095782268
2020-10-30 14:40:57,035 [10] INFO INFOropert{BotName} - On message from 1095782268 end
2020-10-30 14:41:04,482 [14] INFO INFOropert{BotName} - Checking for updates...
2020-10-30 14:41:04,564 [14] INFO INFOropert{BotName} - Updating users...
2020-10-30 14:41:04,709 [14] INFO INFOropert{BotName} - Users updated
2020-10-30 14:41:04,709 [14] INFO INFOropert{BotName} - Updates checked
2020-10-30 14:41:18,129 [10] INFO INFOropert{BotName} - On message recieved 'Головне меню ◀' from 1095782268
2020-10-30 14:41:18,129 [10] INFO INFOropert{BotName} - In executing mysql
2020-10-30 14:41:18,208 [10] INFO INFOropert{BotName} - Executing mysql end
2020-10-30 14:41:18,211 [10] INFO INFOropert{BotName} - On message from 1095782268 end
2020-10-30 14:42:04,492 [6] INFO INFOropert{BotName} - Checking for updates...
2020-10-30 14:42:04,567 [6] INFO INFOropert{BotName} - Updating users...
2020-10-30 14:42:04,702 [6] INFO INFOropert{BotName} - Users updated
2020-10-30 14:42:04,703 [6] INFO INFOropert{BotName} - Updates checked
2020-10-30 14:43:04,476 [11] INFO INFOropert{BotName} - Checking for updates...
2020-10-30 14:43:04,554 [11] INFO INFOropert{BotName} - Updating users...
2020-10-30 14:43:04,731 [11] INFO INFOropert{BotName} - Users updated
2020-10-30 14:43:04,731 [11] INFO INFOropert{BotName} - Updates checked
2020-10-30 14:44:04,491 [8] INFO INFOropert{BotName} - Checking for updates...
2020-10-30 14:44:04,567 [8] INFO INFOropert{BotName} - Updating users...
2020-10-30 14:44:04,701 [8] INFO INFOropert{BotName} - Users updated
2020-10-30 14:44:04,701 [8] INFO INFOropert{BotName} - Updates checked
2020-10-30 14:45:04,476 [9] INFO INFOropert{BotName} - Checking for updates...
2020-10-30 14:45:04,554 [9] INFO INFOropert{BotName} - Updating users...
2020-10-30 14:45:04,684 [9] INFO INFOropert{BotName} - Users updated
2020-10-30 14:45:04,684 [9] INFO INFOropert{BotName} - Updates checked
2020-10-30 14:46:04,476 [6] INFO INFOropert{BotName} - Checking for updates...
2020-10-30 14:46:04,549 [6] INFO INFOropert{BotName} - Updating users...
2020-10-30 14:46:04,682 [6] INFO INFOropert{BotName} - Users updated
2020-10-30 14:46:04,682 [6] INFO INFOropert{BotName} - Updates checked
2020-10-30 14:47:04,476 [4] INFO INFOropert{BotName} - Checking for updates...
2020-10-30 14:47:04,553 [4] INFO INFOropert{BotName} - Updates checked
2020-10-30 14:48:04,498 [5] INFO INFOropert{BotName} - Checking for updates...
2020-10-30 14:48:04,576 [5] INFO INFOropert{BotName} - Updating users...
2020-10-30 14:48:04,715 [5] INFO INFOropert{BotName} - Users updated
2020-10-30 14:48:04,715 [5] INFO INFOropert{BotName} - Updates checked
2020-10-30 14:49:04,479 [16] INFO INFOropert{BotName} - Checking for updates...
2020-10-30 14:49:04,558 [16] INFO INFOropert{BotName} - Updating users...
2020-10-30 14:49:04,687 [16] INFO INFOropert{BotName} - Users updated
2020-10-30 14:49:04,687 [16] INFO INFOropert{BotName} - Updates checked
2020-10-30 14:50:04,489 [8] INFO INFOropert{BotName} - Checking for updates...
2020-10-30 14:50:04,563 [8] INFO INFOropert{BotName} - Updating users...
2020-10-30 14:50:04,696 [8] INFO INFOropert{BotName} - Users updated
2020-10-30 14:50:04,696 [8] INFO INFOropert{BotName} - Updates checked
2020-10-30 14:51:04,476 [6] INFO INFOropert{BotName} - Checking for updates...
2020-10-30 14:51:04,552 [6] INFO INFOropert{BotName} - Updating users...
2020-10-30 14:51:04,679 [6] INFO INFOropert{BotName} - Users updated
2020-10-30 14:51:04,679 [6] INFO INFOropert{BotName} - Updates checked
2020-10-30 14:52:04,491 [4] INFO INFOropert{BotName} - Checking for updates...
2020-10-30 14:52:04,566 [4] INFO INFOropert{BotName} - Updating users...
2020-10-30 14:52:04,697 [4] INFO INFOropert{BotName} - Users updated
2020-10-30 14:52:04,697 [4] INFO INFOropert{BotName} - Updates checked
2020-10-30 14:53:04,479 [13] INFO INFOropert{BotName} - Checking for updates...
2020-10-30 14:53:04,556 [13] INFO INFOropert{BotName} - Updating users...
2020-10-30 14:53:04,685 [13] INFO INFOropert{BotName} - Users updated
2020-10-30 14:53:04,685 [13] INFO INFOropert{BotName} - Updates checked
2020-10-30 14:54:04,478 [18] INFO INFOropert{BotName} - Checking for updates...
2020-10-30 14:54:04,557 [18] INFO INFOropert{BotName} - Updating users...
2020-10-30 14:54:04,691 [18] INFO INFOropert{BotName} - Users updated
2020-10-30 14:54:04,692 [18] INFO INFOropert{BotName} - Updates checked
2020-10-30 14:55:04,476 [10] INFO INFOropert{BotName} - Checking for updates...
2020-10-30 14:55:04,552 [10] INFO INFOropert{BotName} - Updating users...
2020-10-30 14:55:04,681 [10] INFO INFOropert{BotName} - Users updated
2020-10-30 14:55:04,681 [10] INFO INFOropert{BotName} - Updates checked
2020-10-30 14:56:04,476 [6] INFO INFOropert{BotName} - Checking for updates...
2020-10-30 14:56:04,549 [6] INFO INFOropert{BotName} - Updating users...
2020-10-30 14:56:04,681 [6] INFO INFOropert{BotName} - Users updated
2020-10-30 14:56:04,682 [6] INFO INFOropert{BotName} - Updates checked
2020-10-30 14:57:04,476 [13] INFO INFOropert{BotName} - Checking for updates...
2020-10-30 14:57:04,554 [13] INFO INFOropert{BotName} - Updating users...
2020-10-30 14:57:04,681 [13] INFO INFOropert{BotName} - Users updated
2020-10-30 14:57:04,681 [13] INFO INFOropert{BotName} - Updates checked
2020-10-30 14:58:04,490 [20] INFO INFOropert{BotName} - Checking for updates...
2020-10-30 14:58:04,565 [20] INFO INFOropert{BotName} - Updating users...
2020-10-30 14:58:04,699 [20] INFO INFOropert{BotName} - Users updated
2020-10-30 14:58:04,699 [20] INFO INFOropert{BotName} - Updates checked
2020-10-30 14:59:04,475 [22] INFO INFOropert{BotName} - Checking for updates...
2020-10-30 14:59:04,554 [22] INFO INFOropert{BotName} - Updating users...
2020-10-30 14:59:04,681 [22] INFO INFOropert{BotName} - Users updated
2020-10-30 14:59:04,681 [22] INFO INFOropert{BotName} - Updates checked
2020-10-30 15:00:04,475 [10] INFO INFOropert{BotName} - Checking for updates...
2020-10-30 15:00:04,557 [10] INFO INFOropert{BotName} - Updating users...
2020-10-30 15:00:04,692 [10] INFO INFOropert{BotName} - Users updated
2020-10-30 15:00:04,692 [10] INFO INFOropert{BotName} - Updates checked
2020-10-30 15:01:04,476 [19] INFO INFOropert{BotName} - Checking for updates...
2020-10-30 15:01:04,552 [19] INFO INFOropert{BotName} - Updating users...
2020-10-30 15:01:04,679 [19] INFO INFOropert{BotName} - Users updated
2020-10-30 15:01:04,679 [19] INFO INFOropert{BotName} - Updates checked
2020-10-30 15:02:04,475 [24] INFO INFOropert{BotName} - Checking for updates...
2020-10-30 15:02:04,548 [24] INFO INFOropert{BotName} - Updating users...
2020-10-30 15:02:04,680 [24] INFO INFOropert{BotName} - Users updated
2020-10-30 15:02:04,680 [24] INFO INFOropert{BotName} - Updates checked
2020-10-30 15:03:04,489 [22] INFO INFOropert{BotName} - Checking for updates...
2020-10-30 15:03:04,566 [22] INFO INFOropert{BotName} - Updating users...
2020-10-30 15:03:04,694 [22] INFO INFOropert{BotName} - Users updated
2020-10-30 15:03:04,694 [22] INFO INFOropert{BotName} - Updates checked
2020-10-30 15:04:04,489 [26] INFO INFOropert{BotName} - Checking for updates...
2020-10-30 15:04:04,564 [26] INFO INFOropert{BotName} - Updating users...
2020-10-30 15:04:04,695 [26] INFO INFOropert{BotName} - Users updated
2020-10-30 15:04:04,695 [26] INFO INFOropert{BotName} - Updates checked
2020-10-30 15:05:04,488 [27] INFO INFOropert{BotName} - Checking for updates...
2020-10-30 15:05:04,565 [27] INFO INFOropert{BotName} - Updating users...
2020-10-30 15:05:04,692 [27] INFO INFOropert{BotName} - Users updated
2020-10-30 15:05:04,692 [27] INFO INFOropert{BotName} - Updates checked
2020-10-30 15:06:04,488 [19] INFO INFOropert{BotName} - Checking for updates...
2020-10-30 15:06:04,562 [19] INFO INFOropert{BotName} - Updating users...
2020-10-30 15:06:04,694 [19] INFO INFOropert{BotName} - Users updated
2020-10-30 15:06:04,694 [19] INFO INFOropert{BotName} - Updates checked
2020-10-30 15:07:04,488 [13] INFO INFOropert{BotName} - Checking for updates...
2020-10-30 15:07:04,565 [13] INFO INFOropert{BotName} - Updating users...
2020-10-30 15:07:04,691 [13] INFO INFOropert{BotName} - Users updated
2020-10-30 15:07:04,691 [13] INFO INFOropert{BotName} - Updates checked
2020-10-30 15:08:04,481 [22] INFO INFOropert{BotName} - Checking for updates...
2020-10-30 15:08:04,555 [22] INFO INFOropert{BotName} - Updating users...
2020-10-30 15:08:04,687 [22] INFO INFOropert{BotName} - Users updated
2020-10-30 15:08:04,687 [22] INFO INFOropert{BotName} - Updates checked
2020-10-30 15:09:04,476 [28] INFO INFOropert{BotName} - Checking for updates...
2020-10-30 15:09:04,553 [28] INFO INFOropert{BotName} - Updating users...
2020-10-30 15:09:04,679 [28] INFO INFOropert{BotName} - Users updated
2020-10-30 15:09:04,679 [28] INFO INFOropert{BotName} - Updates checked
2020-10-30 15:10:04,490 [19] INFO INFOropert{BotName} - Checking for updates...
2020-10-30 15:10:04,564 [19] INFO INFOropert{BotName} - Updating users...
2020-10-30 15:10:04,694 [19] INFO INFOropert{BotName} - Users updated
2020-10-30 15:10:04,695 [19] INFO INFOropert{BotName} - Updates checked
2020-10-30 15:11:04,488 [29] INFO INFOropert{BotName} - Checking for updates...
2020-10-30 15:11:04,565 [29] INFO INFOropert{BotName} - Updating users...
2020-10-30 15:11:04,692 [29] INFO INFOropert{BotName} - Users updated
2020-10-30 15:11:04,692 [29] INFO INFOropert{BotName} - Updates checked
2020-10-30 15:12:04,476 [13] INFO INFOropert{BotName} - Checking for updates...
2020-10-30 15:12:04,549 [13] INFO INFOropert{BotName} - Updating users...
2020-10-30 15:12:04,680 [13] INFO INFOropert{BotName} - Users updated
2020-10-30 15:12:04,680 [13] INFO INFOropert{BotName} - Updates checked
2020-10-30 15:13:04,489 [23] INFO INFOropert{BotName} - Checking for updates...
2020-10-30 15:13:04,565 [23] INFO INFOropert{BotName} - Updating users...
2020-10-30 15:13:04,691 [23] INFO INFOropert{BotName} - Users updated
2020-10-30 15:13:04,691 [23] INFO INFOropert{BotName} - Updates checked
2020-10-30 15:14:04,475 [24] INFO INFOropert{BotName} - Checking for updates...
2020-10-30 15:14:04,549 [24] INFO INFOropert{BotName} - Updating users...
2020-10-30 15:14:04,682 [24] INFO INFOropert{BotName} - Users updated
2020-10-30 15:14:04,682 [24] INFO INFOropert{BotName} - Updates checked
2020-10-30 15:15:04,489 [19] INFO INFOropert{BotName} - Checking for updates...
2020-10-30 15:15:04,565 [19] INFO INFOropert{BotName} - Updating users...
2020-10-30 15:15:04,693 [19] INFO INFOropert{BotName} - Users updated
2020-10-30 15:15:04,693 [19] INFO INFOropert{BotName} - Updates checked
2020-10-30 15:16:04,475 [27] INFO INFOropert{BotName} - Checking for updates...
2020-10-30 15:16:04,548 [27] INFO INFOropert{BotName} - Updating users...
2020-10-30 15:16:04,679 [27] INFO INFOropert{BotName} - Users updated
2020-10-30 15:16:04,679 [27] INFO INFOropert{BotName} - Updates checked
2020-10-30 15:17:04,488 [13] INFO INFOropert{BotName} - Checking for updates...
2020-10-30 15:17:04,564 [13] INFO INFOropert{BotName} - Updating users...
2020-10-30 15:17:04,690 [13] INFO INFOropert{BotName} - Users updated
2020-10-30 15:17:04,690 [13] INFO INFOropert{BotName} - Updates checked
2020-10-30 15:18:04,476 [25] INFO INFOropert{BotName} - Checking for updates...
2020-10-30 15:18:04,549 [25] INFO INFOropert{BotName} - Updating users...
2020-10-30 15:18:04,680 [25] INFO INFOropert{BotName} - Users updated
2020-10-30 15:18:04,680 [25] INFO INFOropert{BotName} - Updates checked
2020-10-30 15:19:04,475 [20] INFO INFOropert{BotName} - Checking for updates...
2020-10-30 15:19:04,551 [20] INFO INFOropert{BotName} - Updating users...
2020-10-30 15:19:04,678 [20] INFO INFOropert{BotName} - Users updated
2020-10-30 15:19:04,678 [20] INFO INFOropert{BotName} - Updating lessons...
2020-10-30 15:19:17,633 [20] INFO INFOropert{BotName} - In HMNotificationTimer
2020-10-30 15:19:17,633 [20] INFO INFOropert{BotName} - Get next lesson
2020-10-30 15:19:17,633 [20] INFO INFOropert{BotName} - Get next lesson end
2020-10-30 15:19:17,633 [20] INFO INFOropert{BotName} - No lesson found. HMNotification end
2020-10-30 15:19:17,633 [20] INFO INFOropert{BotName} - In WebinarNotificationTimer
2020-10-30 15:19:17,633 [20] INFO INFOropert{BotName} - Get next lesson
2020-10-30 15:19:17,633 [20] INFO INFOropert{BotName} - Get next lesson end
2020-10-30 15:19:17,633 [20] INFO INFOropert{BotName} - No lesson found. WebinarNotification end
2020-10-30 15:19:17,633 [20] INFO INFOropert{BotName} - In InitializeTestTimer
2020-10-30 15:19:17,633 [20] INFO INFOropert{BotName} - Get next lesson(hour)
2020-10-30 15:19:17,633 [20] INFO INFOropert{BotName} - Get next lesson(hour) end
2020-10-30 15:19:17,633 [20] INFO INFOropert{BotName} - No lesson found. InitializeTimer end
2020-10-30 15:19:17,633 [20] INFO INFOropert{BotName} - In InitializeStopTimer
2020-10-30 15:19:17,633 [20] INFO INFOropert{BotName} - Get next lesson(min,hour)
2020-10-30 15:19:17,633 [20] INFO INFOropert{BotName} - Get next lesson(min,hour) end
2020-10-30 15:19:17,633 [20] INFO INFOropert{BotName} - No lesson found. StopTimer end
2020-10-30 15:19:17,633 [20] INFO INFOropert{BotName} - In LinkSenderTimer
2020-10-30 15:19:17,633 [20] INFO INFOropert{BotName} - Get next lesson
2020-10-30 15:19:17,633 [20] INFO INFOropert{BotName} - Get next lesson end
2020-10-30 15:19:17,633 [20] INFO INFOropert{BotName} - No lesson found. LinkSender end
2020-10-30 15:19:17,633 [20] INFO INFOropert{BotName} - Lessons updated
2020-10-30 15:19:17,633 [20] INFO INFOropert{BotName} - Updates checked
2020-10-30 15:20:04,475 [21] INFO INFOropert{BotName} - Checking for updates...
2020-10-30 15:20:04,548 [21] INFO INFOropert{BotName} - Updating users...
2020-10-30 15:20:04,678 [21] INFO INFOropert{BotName} - Users updated
2020-10-30 15:20:04,678 [21] INFO INFOropert{BotName} - Updating lessons...
2020-10-30 15:20:18,125 [21] INFO INFOropert{BotName} - In HMNotificationTimer
2020-10-30 15:20:18,125 [21] INFO INFOropert{BotName} - Get next lesson
2020-10-30 15:20:18,125 [21] INFO INFOropert{BotName} - Get next lesson end
2020-10-30 15:20:18,125 [21] INFO INFOropert{BotName} - No lesson found. HMNotification end
2020-10-30 15:20:18,125 [21] INFO INFOropert{BotName} - In WebinarNotificationTimer
2020-10-30 15:20:18,125 [21] INFO INFOropert{BotName} - Get next lesson
2020-10-30 15:20:18,126 [21] INFO INFOropert{BotName} - Get next lesson end
2020-10-30 15:20:18,126 [21] INFO INFOropert{BotName} - No lesson found. WebinarNotification end
2020-10-30 15:20:18,126 [21] INFO INFOropert{BotName} - In InitializeTestTimer
2020-10-30 15:20:18,126 [21] INFO INFOropert{BotName} - Get next lesson(hour)
2020-10-30 15:20:18,126 [21] INFO INFOropert{BotName} - Get next lesson(hour) end
2020-10-30 15:20:18,126 [21] INFO INFOropert{BotName} - No lesson found. InitializeTimer end
2020-10-30 15:20:18,126 [21] INFO INFOropert{BotName} - In InitializeStopTimer
2020-10-30 15:20:18,126 [21] INFO INFOropert{BotName} - Get next lesson(min,hour)
2020-10-30 15:20:18,126 [21] INFO INFOropert{BotName} - Get next lesson(min,hour) end
2020-10-30 15:20:18,126 [21] INFO INFOropert{BotName} - No lesson found. StopTimer end
2020-10-30 15:20:18,126 [21] INFO INFOropert{BotName} - In LinkSenderTimer
2020-10-30 15:20:18,126 [21] INFO INFOropert{BotName} - Get next lesson
2020-10-30 15:20:18,126 [21] INFO INFOropert{BotName} - Get next lesson end
2020-10-30 15:20:18,126 [21] INFO INFOropert{BotName} - No lesson found. LinkSender end
2020-10-30 15:20:18,126 [21] INFO INFOropert{BotName} - Lessons updated
2020-10-30 15:20:18,126 [21] INFO INFOropert{BotName} - Updates checked
2020-10-30 15:21:04,488 [13] INFO INFOropert{BotName} - Checking for updates...
2020-10-30 15:21:04,564 [13] INFO INFOropert{BotName} - Updating users...
2020-10-30 15:21:04,689 [13] INFO INFOropert{BotName} - Users updated
2020-10-30 15:21:04,689 [13] INFO INFOropert{BotName} - Updates checked
2020-10-30 15:21:49,925 [1] INFO INFOropert{BotName} - Saving state for all users...
2020-10-30 15:21:49,926 [1] INFO INFOropert{BotName} - States saved
