2020-10-30 13:45:30,292 [1] INFO INFOropert{BotName} - Starting bot...
2020-10-30 13:45:30,310 [1] INFO INFOropert{BotName} - Loading from database...
2020-10-30 13:45:44,852 [1] INFO INFOropert{BotName} - Loading from database completed
2020-10-30 13:45:44,853 [1] INFO INFOropert{BotName} - Loaded
2020-10-30 13:45:44,853 [1] INFO INFOropert{BotName} - Adding all commands...
2020-10-30 13:45:44,855 [1] INFO INFOropert{BotName} - Commands added
2020-10-30 13:45:44,855 [1] INFO INFOropert{BotName} - Update DB timer
2020-10-30 13:45:44,856 [1] INFO INFOropert{BotName} - Update DB timer end
2020-10-30 13:45:44,856 [1] INFO INFOropert{BotName} - In HMNotificationTimer
2020-10-30 13:45:44,857 [1] INFO INFOropert{BotName} - Get next lesson
2020-10-30 13:45:44,859 [1] INFO INFOropert{BotName} - Get next lesson end
2020-10-30 13:45:44,859 [1] INFO INFOropert{BotName} - No lesson found. HMNotification end
2020-10-30 13:45:44,859 [1] INFO INFOropert{BotName} - In WebinarNotificationTimer
2020-10-30 13:45:44,859 [1] INFO INFOropert{BotName} - Get next lesson
2020-10-30 13:45:44,859 [1] INFO INFOropert{BotName} - Get next lesson end
2020-10-30 13:45:44,859 [1] INFO INFOropert{BotName} - No lesson found. WebinarNotification end
2020-10-30 13:45:44,860 [1] INFO INFOropert{BotName} - In InitializeTestTimer
2020-10-30 13:45:44,860 [1] INFO INFOropert{BotName} - Get next lesson(hour)
2020-10-30 13:45:44,860 [1] INFO INFOropert{BotName} - Get next lesson(hour) end
2020-10-30 13:45:44,860 [1] INFO INFOropert{BotName} - No lesson found. InitializeTimer end
2020-10-30 13:45:44,860 [1] INFO INFOropert{BotName} - In LinkSenderTimer
2020-10-30 13:45:44,860 [1] INFO INFOropert{BotName} - Get next lesson
2020-10-30 13:45:44,860 [1] INFO INFOropert{BotName} - Get next lesson end
2020-10-30 13:45:44,860 [1] INFO INFOropert{BotName} - No lesson found. LinkSender end
2020-10-30 13:45:45,609 [1] INFO INFOropert{BotName} - Creating menu...
2020-10-30 13:45:45,610 [1] INFO INFOropert{BotName} - Menu created
2020-10-30 13:45:45,610 [1] INFO INFOropert{BotName} - Bot started
2020-10-30 13:46:44,906 [13] INFO INFOropert{BotName} - Checking for updates...
2020-10-30 13:46:44,996 [13] INFO INFOropert{BotName} - Updating users...
2020-10-30 13:46:45,325 [13] INFO INFOropert{BotName} - Users updated
2020-10-30 13:46:45,327 [13] INFO INFOropert{BotName} - Updating lessons...
2020-10-30 13:46:58,887 [13] INFO INFOropert{BotName} - In HMNotificationTimer
2020-10-30 13:46:58,887 [13] INFO INFOropert{BotName} - Get next lesson
2020-10-30 13:46:58,888 [13] INFO INFOropert{BotName} - Get next lesson end
2020-10-30 13:46:58,889 [13] INFO INFOropert{BotName} - No lesson found. HMNotification end
2020-10-30 13:46:58,889 [13] INFO INFOropert{BotName} - In WebinarNotificationTimer
2020-10-30 13:46:58,889 [13] INFO INFOropert{BotName} - Get next lesson
2020-10-30 13:46:58,889 [13] INFO INFOropert{BotName} - Get next lesson end
2020-10-30 13:46:58,890 [13] INFO INFOropert{BotName} - No lesson found. WebinarNotification end
2020-10-30 13:46:58,890 [13] INFO INFOropert{BotName} - In InitializeTestTimer
2020-10-30 13:46:58,890 [13] INFO INFOropert{BotName} - Get next lesson(hour)
2020-10-30 13:46:58,890 [13] INFO INFOropert{BotName} - Get next lesson(hour) end
2020-10-30 13:46:58,890 [13] INFO INFOropert{BotName} - No lesson found. InitializeTimer end
2020-10-30 13:46:58,891 [13] INFO INFOropert{BotName} - In InitializeStopTimer
2020-10-30 13:46:58,892 [13] INFO INFOropert{BotName} - Get next lesson(min,hour)
2020-10-30 13:46:58,892 [13] INFO INFOropert{BotName} - Get next lesson(min,hour) end
2020-10-30 13:46:58,893 [13] INFO INFOropert{BotName} - No lesson found. StopTimer end
2020-10-30 13:46:58,893 [13] INFO INFOropert{BotName} - In LinkSenderTimer
2020-10-30 13:46:58,893 [13] INFO INFOropert{BotName} - Get next lesson
2020-10-30 13:46:58,893 [13] INFO INFOropert{BotName} - Get next lesson end
2020-10-30 13:46:58,893 [13] INFO INFOropert{BotName} - No lesson found. LinkSender end
2020-10-30 13:46:58,894 [13] INFO INFOropert{BotName} - Lessons updated
2020-10-30 13:46:58,895 [13] INFO INFOropert{BotName} - Updates checked
2020-10-30 13:47:44,864 [13] INFO INFOropert{BotName} - Checking for updates...
2020-10-30 13:47:44,948 [13] INFO INFOropert{BotName} - Updating users...
2020-10-30 13:47:45,094 [13] INFO INFOropert{BotName} - Users updated
2020-10-30 13:47:45,094 [13] INFO INFOropert{BotName} - Updates checked
2020-10-30 13:48:44,870 [4] INFO INFOropert{BotName} - Checking for updates...
2020-10-30 13:48:44,954 [4] INFO INFOropert{BotName} - Updating users...
2020-10-30 13:48:45,092 [4] INFO INFOropert{BotName} - Users updated
2020-10-30 13:48:45,092 [4] INFO INFOropert{BotName} - Updates checked
2020-10-30 13:49:44,871 [9] INFO INFOropert{BotName} - Checking for updates...
2020-10-30 13:49:44,954 [9] INFO INFOropert{BotName} - Updating users...
2020-10-30 13:49:45,102 [9] INFO INFOropert{BotName} - Users updated
2020-10-30 13:49:45,103 [9] INFO INFOropert{BotName} - Updates checked
2020-10-30 13:50:44,856 [6] INFO INFOropert{BotName} - Checking for updates...
2020-10-30 13:50:44,940 [6] INFO INFOropert{BotName} - Updating users...
2020-10-30 13:50:45,081 [6] INFO INFOropert{BotName} - Users updated
2020-10-30 13:50:45,081 [6] INFO INFOropert{BotName} - Updates checked
2020-10-30 13:51:44,864 [16] INFO INFOropert{BotName} - Checking for updates...
2020-10-30 13:51:44,944 [16] INFO INFOropert{BotName} - Updating users...
2020-10-30 13:51:45,086 [16] INFO INFOropert{BotName} - Users updated
2020-10-30 13:51:45,086 [16] INFO INFOropert{BotName} - Updates checked
2020-10-30 13:52:44,864 [15] INFO INFOropert{BotName} - Checking for updates...
2020-10-30 13:52:44,954 [15] INFO INFOropert{BotName} - Updating users...
2020-10-30 13:52:45,095 [15] INFO INFOropert{BotName} - Users updated
2020-10-30 13:52:45,095 [15] INFO INFOropert{BotName} - Updates checked
2020-10-30 13:53:44,866 [11] INFO INFOropert{BotName} - Checking for updates...
2020-10-30 13:53:44,945 [11] INFO INFOropert{BotName} - Updating users...
2020-10-30 13:53:45,086 [11] INFO INFOropert{BotName} - Users updated
2020-10-30 13:53:45,086 [11] INFO INFOropert{BotName} - Updates checked
2020-10-30 13:54:44,863 [10] INFO INFOropert{BotName} - Checking for updates...
2020-10-30 13:54:44,945 [10] INFO INFOropert{BotName} - Updating users...
2020-10-30 13:54:45,083 [10] INFO INFOropert{BotName} - Users updated
2020-10-30 13:54:45,084 [10] INFO INFOropert{BotName} - Updates checked
2020-10-30 13:55:44,866 [14] INFO INFOropert{BotName} - Checking for updates...
2020-10-30 13:55:44,945 [14] INFO INFOropert{BotName} - Updating users...
2020-10-30 13:55:45,083 [14] INFO INFOropert{BotName} - Users updated
2020-10-30 13:55:45,084 [14] INFO INFOropert{BotName} - Updates checked
2020-10-30 13:56:44,864 [16] INFO INFOropert{BotName} - Checking for updates...
2020-10-30 13:56:44,946 [16] INFO INFOropert{BotName} - Updating users...
2020-10-30 13:56:45,086 [16] INFO INFOropert{BotName} - Users updated
2020-10-30 13:56:45,086 [16] INFO INFOropert{BotName} - Updating lessons...
2020-10-30 13:56:58,770 [16] INFO INFOropert{BotName} - In HMNotificationTimer
2020-10-30 13:56:58,771 [16] INFO INFOropert{BotName} - Get next lesson
2020-10-30 13:56:58,771 [16] INFO INFOropert{BotName} - Get next lesson end
2020-10-30 13:56:58,771 [16] INFO INFOropert{BotName} - No lesson found. HMNotification end
2020-10-30 13:56:58,771 [16] INFO INFOropert{BotName} - In WebinarNotificationTimer
2020-10-30 13:56:58,771 [16] INFO INFOropert{BotName} - Get next lesson
2020-10-30 13:56:58,771 [16] INFO INFOropert{BotName} - Get next lesson end
2020-10-30 13:56:58,771 [16] INFO INFOropert{BotName} - No lesson found. WebinarNotification end
2020-10-30 13:56:58,771 [16] INFO INFOropert{BotName} - In InitializeTestTimer
2020-10-30 13:56:58,771 [16] INFO INFOropert{BotName} - Get next lesson(hour)
2020-10-30 13:56:58,771 [16] INFO INFOropert{BotName} - Get next lesson(hour) end
2020-10-30 13:56:58,771 [16] INFO INFOropert{BotName} - No lesson found. InitializeTimer end
2020-10-30 13:56:58,771 [16] INFO INFOropert{BotName} - In InitializeStopTimer
2020-10-30 13:56:58,771 [16] INFO INFOropert{BotName} - Get next lesson(min,hour)
2020-10-30 13:56:58,771 [16] INFO INFOropert{BotName} - Get next lesson(min,hour) end
2020-10-30 13:56:58,771 [16] INFO INFOropert{BotName} - No lesson found. StopTimer end
2020-10-30 13:56:58,771 [16] INFO INFOropert{BotName} - In LinkSenderTimer
2020-10-30 13:56:58,771 [16] INFO INFOropert{BotName} - Get next lesson
2020-10-30 13:56:58,771 [16] INFO INFOropert{BotName} - Get next lesson end
2020-10-30 13:56:58,771 [16] INFO INFOropert{BotName} - No lesson found. LinkSender end
2020-10-30 13:56:58,771 [16] INFO INFOropert{BotName} - Lessons updated
2020-10-30 13:56:58,771 [16] INFO INFOropert{BotName} - Updates checked
2020-10-30 13:57:44,868 [16] INFO INFOropert{BotName} - Checking for updates...
2020-10-30 13:57:44,946 [16] INFO INFOropert{BotName} - Updating users...
2020-10-30 13:57:45,088 [16] INFO INFOropert{BotName} - Users updated
2020-10-30 13:57:45,088 [16] INFO INFOropert{BotName} - Updates checked
2020-10-30 13:58:44,863 [6] INFO INFOropert{BotName} - Checking for updates...
2020-10-30 13:58:44,946 [6] INFO INFOropert{BotName} - Updates checked
2020-10-30 13:59:44,864 [9] INFO INFOropert{BotName} - Checking for updates...
2020-10-30 13:59:44,945 [9] INFO INFOropert{BotName} - Updating users...
2020-10-30 13:59:45,084 [9] INFO INFOropert{BotName} - Users updated
2020-10-30 13:59:45,084 [9] INFO INFOropert{BotName} - Updates checked
2020-10-30 14:00:44,864 [10] INFO INFOropert{BotName} - Checking for updates...
2020-10-30 14:00:44,946 [10] INFO INFOropert{BotName} - Updating users...
2020-10-30 14:00:45,081 [10] INFO INFOropert{BotName} - Users updated
2020-10-30 14:00:45,081 [10] INFO INFOropert{BotName} - Updates checked
2020-10-30 14:01:44,888 [4] INFO INFOropert{BotName} - Checking for updates...
2020-10-30 14:01:44,969 [4] INFO INFOropert{BotName} - Updating users...
2020-10-30 14:01:45,110 [4] INFO INFOropert{BotName} - Users updated
2020-10-30 14:01:45,110 [4] INFO INFOropert{BotName} - Updates checked
2020-10-30 14:02:44,867 [6] INFO INFOropert{BotName} - Checking for updates...
2020-10-30 14:02:44,949 [6] INFO INFOropert{BotName} - Updating users...
2020-10-30 14:02:45,087 [6] INFO INFOropert{BotName} - Users updated
2020-10-30 14:02:45,087 [6] INFO INFOropert{BotName} - Updates checked
2020-10-30 14:03:44,864 [14] INFO INFOropert{BotName} - Checking for updates...
2020-10-30 14:03:44,946 [14] INFO INFOropert{BotName} - Updating users...
2020-10-30 14:03:45,086 [14] INFO INFOropert{BotName} - Users updated
2020-10-30 14:03:45,086 [14] INFO INFOropert{BotName} - Updates checked
2020-10-30 14:04:44,868 [13] INFO INFOropert{BotName} - Checking for updates...
2020-10-30 14:04:44,952 [13] INFO INFOropert{BotName} - Updating users...
2020-10-30 14:04:45,093 [13] INFO INFOropert{BotName} - Users updated
2020-10-30 14:04:45,093 [13] INFO INFOropert{BotName} - Updates checked
2020-10-30 14:05:44,857 [6] INFO INFOropert{BotName} - Checking for updates...
2020-10-30 14:05:44,937 [6] INFO INFOropert{BotName} - Updating users...
2020-10-30 14:05:45,078 [6] INFO INFOropert{BotName} - Users updated
2020-10-30 14:05:45,079 [6] INFO INFOropert{BotName} - Updates checked
2020-10-30 14:06:44,868 [11] INFO INFOropert{BotName} - Checking for updates...
2020-10-30 14:06:44,950 [11] INFO INFOropert{BotName} - Updating users...
2020-10-30 14:06:45,087 [11] INFO INFOropert{BotName} - Users updated
2020-10-30 14:06:45,087 [11] INFO INFOropert{BotName} - Updates checked
2020-10-30 14:07:44,863 [10] INFO INFOropert{BotName} - Checking for updates...
2020-10-30 14:07:44,942 [10] INFO INFOropert{BotName} - Updating users...
2020-10-30 14:07:45,081 [10] INFO INFOropert{BotName} - Users updated
2020-10-30 14:07:45,081 [10] INFO INFOropert{BotName} - Updates checked
2020-10-30 14:08:44,865 [13] INFO INFOropert{BotName} - Checking for updates...
2020-10-30 14:08:44,946 [13] INFO INFOropert{BotName} - Updating users...
2020-10-30 14:08:45,081 [13] INFO INFOropert{BotName} - Users updated
2020-10-30 14:08:45,081 [13] INFO INFOropert{BotName} - Updates checked
2020-10-30 14:09:44,864 [11] INFO INFOropert{BotName} - Checking for updates...
2020-10-30 14:09:44,945 [11] INFO INFOropert{BotName} - Updating users...
2020-10-30 14:09:45,086 [11] INFO INFOropert{BotName} - Users updated
2020-10-30 14:09:45,087 [11] INFO INFOropert{BotName} - Updates checked
2020-10-30 14:10:44,865 [8] INFO INFOropert{BotName} - Checking for updates...
2020-10-30 14:10:44,947 [8] INFO INFOropert{BotName} - Updating users...
2020-10-30 14:10:45,085 [8] INFO INFOropert{BotName} - Users updated
2020-10-30 14:10:45,085 [8] INFO INFOropert{BotName} - Updates checked
2020-10-30 14:11:44,864 [12] INFO INFOropert{BotName} - Checking for updates...
2020-10-30 14:11:44,944 [12] INFO INFOropert{BotName} - Updating users...
2020-10-30 14:11:45,085 [12] INFO INFOropert{BotName} - Users updated
2020-10-30 14:11:45,085 [12] INFO INFOropert{BotName} - Updates checked
2020-10-30 14:12:44,871 [5] INFO INFOropert{BotName} - Checking for updates...
2020-10-30 14:12:44,953 [5] INFO INFOropert{BotName} - Updating users...
2020-10-30 14:12:45,092 [5] INFO INFOropert{BotName} - Users updated
2020-10-30 14:12:45,092 [5] INFO INFOropert{BotName} - Updates checked
2020-10-30 14:13:44,866 [13] INFO INFOropert{BotName} - Checking for updates...
2020-10-30 14:13:44,944 [13] INFO INFOropert{BotName} - Updates checked
2020-10-30 14:14:44,864 [13] INFO INFOropert{BotName} - Checking for updates...
2020-10-30 14:14:44,946 [13] INFO INFOropert{BotName} - Updates checked
2020-10-30 14:15:44,856 [11] INFO INFOropert{BotName} - Checking for updates...
2020-10-30 14:15:44,934 [11] INFO INFOropert{BotName} - Updating users...
2020-10-30 14:15:45,074 [11] INFO INFOropert{BotName} - Users updated
2020-10-30 14:15:45,074 [11] INFO INFOropert{BotName} - Updates checked
2020-10-30 14:16:44,859 [13] INFO INFOropert{BotName} - Checking for updates...
2020-10-30 14:16:44,942 [13] INFO INFOropert{BotName} - Updating users...
2020-10-30 14:16:45,080 [13] INFO INFOropert{BotName} - Users updated
2020-10-30 14:16:45,080 [13] INFO INFOropert{BotName} - Updates checked
2020-10-30 14:17:44,867 [9] INFO INFOropert{BotName} - Checking for updates...
2020-10-30 14:17:45,000 [9] INFO INFOropert{BotName} - Updating users...
2020-10-30 14:17:45,139 [9] INFO INFOropert{BotName} - Users updated
2020-10-30 14:17:45,139 [9] INFO INFOropert{BotName} - Updates checked
2020-10-30 14:18:44,855 [6] INFO INFOropert{BotName} - Checking for updates...
2020-10-30 14:18:44,937 [6] INFO INFOropert{BotName} - Updating users...
2020-10-30 14:18:45,074 [6] INFO INFOropert{BotName} - Users updated
2020-10-30 14:18:45,074 [6] INFO INFOropert{BotName} - Updates checked
2020-10-30 14:19:44,866 [4] INFO INFOropert{BotName} - Checking for updates...
2020-10-30 14:19:44,947 [4] INFO INFOropert{BotName} - Updates checked
2020-10-30 14:20:44,866 [15] INFO INFOropert{BotName} - Checking for updates...
2020-10-30 14:20:44,948 [15] INFO INFOropert{BotName} - Updates checked
2020-10-30 14:21:44,864 [16] INFO INFOropert{BotName} - Checking for updates...
2020-10-30 14:21:44,943 [16] INFO INFOropert{BotName} - Updates checked
2020-10-30 14:22:44,865 [17] INFO INFOropert{BotName} - Checking for updates...
2020-10-30 14:22:44,946 [17] INFO INFOropert{BotName} - Updates checked
2020-10-30 14:23:44,856 [18] INFO INFOropert{BotName} - Checking for updates...
2020-10-30 14:23:44,936 [18] INFO INFOropert{BotName} - Updating users...
2020-10-30 14:23:45,077 [18] INFO INFOropert{BotName} - Users updated
2020-10-30 14:23:45,077 [18] INFO INFOropert{BotName} - Updates checked
2020-10-30 14:24:44,865 [13] INFO INFOropert{BotName} - Checking for updates...
2020-10-30 14:24:44,947 [13] INFO INFOropert{BotName} - Updating users...
2020-10-30 14:24:45,085 [13] INFO INFOropert{BotName} - Users updated
2020-10-30 14:24:45,085 [13] INFO INFOropert{BotName} - Updates checked
2020-10-30 14:25:44,866 [9] INFO INFOropert{BotName} - Checking for updates...
2020-10-30 14:25:44,945 [9] INFO INFOropert{BotName} - Updating users...
2020-10-30 14:25:45,088 [9] INFO INFOropert{BotName} - Users updated
2020-10-30 14:25:45,088 [9] INFO INFOropert{BotName} - Updates checked
2020-10-30 14:26:44,894 [15] INFO INFOropert{BotName} - Checking for updates...
2020-10-30 14:26:44,980 [15] INFO INFOropert{BotName} - Updates checked
2020-10-30 14:27:44,872 [4] INFO INFOropert{BotName} - Checking for updates...
2020-10-30 14:27:44,953 [4] INFO INFOropert{BotName} - Updating users...
2020-10-30 14:27:45,093 [4] INFO INFOropert{BotName} - Users updated
2020-10-30 14:27:45,094 [4] INFO INFOropert{BotName} - Updates checked
2020-10-30 14:28:44,866 [6] INFO INFOropert{BotName} - Checking for updates...
2020-10-30 14:28:44,948 [6] INFO INFOropert{BotName} - Updating users...
2020-10-30 14:28:45,087 [6] INFO INFOropert{BotName} - Users updated
2020-10-30 14:28:45,087 [6] INFO INFOropert{BotName} - Updates checked
2020-10-30 14:29:44,866 [4] INFO INFOropert{BotName} - Checking for updates...
2020-10-30 14:29:44,958 [4] INFO INFOropert{BotName} - Updating users...
2020-10-30 14:29:45,102 [4] INFO INFOropert{BotName} - Users updated
2020-10-30 14:29:45,102 [4] INFO INFOropert{BotName} - Updates checked
2020-10-30 14:30:44,866 [6] INFO INFOropert{BotName} - Checking for updates...
2020-10-30 14:30:44,950 [6] INFO INFOropert{BotName} - Updating users...
2020-10-30 14:30:45,097 [6] INFO INFOropert{BotName} - Users updated
2020-10-30 14:30:45,097 [6] INFO INFOropert{BotName} - Updates checked
2020-10-30 14:31:44,855 [15] INFO INFOropert{BotName} - Checking for updates...
2020-10-30 14:31:44,937 [15] INFO INFOropert{BotName} - Updating users...
2020-10-30 14:31:45,079 [15] INFO INFOropert{BotName} - Users updated
2020-10-30 14:31:45,079 [15] INFO INFOropert{BotName} - Updates checked
2020-10-30 14:32:44,862 [14] INFO INFOropert{BotName} - Checking for updates...
2020-10-30 14:32:44,947 [14] INFO INFOropert{BotName} - Updating users...
2020-10-30 14:32:45,085 [14] INFO INFOropert{BotName} - Users updated
2020-10-30 14:32:45,085 [14] INFO INFOropert{BotName} - Updates checked
2020-10-30 14:33:44,858 [13] INFO INFOropert{BotName} - Checking for updates...
2020-10-30 14:33:44,941 [13] INFO INFOropert{BotName} - Updating users...
2020-10-30 14:33:45,103 [13] INFO INFOropert{BotName} - Users updated
2020-10-30 14:33:45,105 [13] INFO INFOropert{BotName} - Updates checked
2020-10-30 14:34:44,865 [8] INFO INFOropert{BotName} - Checking for updates...
2020-10-30 14:34:44,949 [8] INFO INFOropert{BotName} - Updating users...
2020-10-30 14:34:45,098 [8] INFO INFOropert{BotName} - Users updated
2020-10-30 14:34:45,099 [8] INFO INFOropert{BotName} - Updates checked
2020-10-30 14:35:44,875 [16] INFO INFOropert{BotName} - Checking for updates...
2020-10-30 14:35:44,964 [16] INFO INFOropert{BotName} - Updating users...
2020-10-30 14:35:45,115 [16] INFO INFOropert{BotName} - Users updated
2020-10-30 14:35:45,115 [16] INFO INFOropert{BotName} - Updates checked
2020-10-30 14:36:44,867 [15] INFO INFOropert{BotName} - Checking for updates...
2020-10-30 14:36:44,948 [15] INFO INFOropert{BotName} - Updating users...
2020-10-30 14:36:45,085 [15] INFO INFOropert{BotName} - Users updated
2020-10-30 14:36:45,085 [15] INFO INFOropert{BotName} - Updates checked
2020-10-30 14:37:44,865 [13] INFO INFOropert{BotName} - Checking for updates...
2020-10-30 14:37:44,945 [13] INFO INFOropert{BotName} - Updating users...
2020-10-30 14:37:45,085 [13] INFO INFOropert{BotName} - Users updated
2020-10-30 14:37:45,086 [13] INFO INFOropert{BotName} - Updates checked
2020-10-30 14:38:44,864 [8] INFO INFOropert{BotName} - Checking for updates...
2020-10-30 14:38:44,952 [8] INFO INFOropert{BotName} - Updating users...
2020-10-30 14:38:45,091 [8] INFO INFOropert{BotName} - Users updated
2020-10-30 14:38:45,091 [8] INFO INFOropert{BotName} - Updates checked
2020-10-30 14:39:44,876 [6] INFO INFOropert{BotName} - Checking for updates...
2020-10-30 14:39:44,958 [6] INFO INFOropert{BotName} - Updating users...
2020-10-30 14:39:45,099 [6] INFO INFOropert{BotName} - Users updated
2020-10-30 14:39:45,099 [6] INFO INFOropert{BotName} - Updates checked
2020-10-30 14:40:44,873 [4] INFO INFOropert{BotName} - Checking for updates...
2020-10-30 14:40:44,958 [4] INFO INFOropert{BotName} - Updating users...
2020-10-30 14:40:45,097 [4] INFO INFOropert{BotName} - Users updated
2020-10-30 14:40:45,097 [4] INFO INFOropert{BotName} - Updates checked
2020-10-30 14:41:44,868 [11] INFO INFOropert{BotName} - Checking for updates...
2020-10-30 14:41:44,948 [11] INFO INFOropert{BotName} - Updating users...
2020-10-30 14:41:45,090 [11] INFO INFOropert{BotName} - Users updated
2020-10-30 14:41:45,090 [11] INFO INFOropert{BotName} - Updates checked
2020-10-30 14:42:44,869 [10] INFO INFOropert{BotName} - Checking for updates...
2020-10-30 14:42:44,951 [10] INFO INFOropert{BotName} - Updating users...
2020-10-30 14:42:45,087 [10] INFO INFOropert{BotName} - Users updated
2020-10-30 14:42:45,088 [10] INFO INFOropert{BotName} - Updates checked
2020-10-30 14:43:44,860 [6] INFO INFOropert{BotName} - Checking for updates...
2020-10-30 14:43:44,941 [6] INFO INFOropert{BotName} - Updating users...
2020-10-30 14:43:45,082 [6] INFO INFOropert{BotName} - Users updated
2020-10-30 14:43:45,082 [6] INFO INFOropert{BotName} - Updates checked
2020-10-30 14:44:14,733 [8] INFO INFOropert{BotName} - On callback querry '2' from 1000034035
2020-10-30 14:44:14,733 [8] INFO INFOropert{BotName} - Old callback. Callback from 1000034035 end
2020-10-30 14:44:25,114 [8] INFO INFOropert{BotName} - On message recieved 'Повторити запитання з тесту 🔄' from 1000034035
2020-10-30 14:44:25,146 [8] INFO INFOropert{BotName} - In executing mysql
2020-10-30 14:44:25,230 [8] INFO INFOropert{BotName} - Executing mysql end
2020-10-30 14:44:25,273 [8] INFO INFOropert{BotName} - Creating inline KB...
2020-10-30 14:44:25,275 [8] INFO INFOropert{BotName} - KB created
2020-10-30 14:44:25,343 [8] INFO INFOropert{BotName} - On message from 1000034035 end
2020-10-30 14:44:26,910 [18] INFO INFOropert{BotName} - On callback querry '2' from 1000034035
2020-10-30 14:44:27,244 [18] INFO INFOropert{BotName} - Answer '2' from 1000034035 on 206/1 was right!
2020-10-30 14:44:27,323 [18] INFO INFOropert{BotName} - Creating inline KB...
2020-10-30 14:44:27,323 [18] INFO INFOropert{BotName} - KB created
2020-10-30 14:44:27,324 [18] INFO INFOropert{BotName} - Saving state for 1000034035
2020-10-30 14:44:27,324 [18] INFO INFOropert{BotName} - In executing mysql
2020-10-30 14:44:27,404 [18] INFO INFOropert{BotName} - Executing mysql end
2020-10-30 14:44:27,404 [18] INFO INFOropert{BotName} - State saved
2020-10-30 14:44:27,404 [18] INFO INFOropert{BotName} - CallbackQuerry from 1000034035 end
2020-10-30 14:44:44,868 [11] INFO INFOropert{BotName} - Checking for updates...
2020-10-30 14:44:44,949 [11] INFO INFOropert{BotName} - Updating users...
2020-10-30 14:44:45,086 [11] INFO INFOropert{BotName} - Users updated
2020-10-30 14:44:45,086 [11] INFO INFOropert{BotName} - Updates checked
2020-10-30 14:45:44,863 [6] INFO INFOropert{BotName} - Checking for updates...
2020-10-30 14:45:44,945 [6] INFO INFOropert{BotName} - Updating users...
2020-10-30 14:45:45,095 [6] INFO INFOropert{BotName} - Users updated
2020-10-30 14:45:45,095 [6] INFO INFOropert{BotName} - Updates checked
2020-10-30 14:46:44,865 [15] INFO INFOropert{BotName} - Checking for updates...
2020-10-30 14:46:44,949 [15] INFO INFOropert{BotName} - Updates checked
2020-10-30 14:47:40,399 [17] INFO INFOropert{BotName} - On callback querry '3' from 1000034035
2020-10-30 14:47:40,399 [17] INFO INFOropert{BotName} - Answer '3' from 1000034035 on 206/2 was wrong!
2020-10-30 14:47:40,616 [9] INFO INFOropert{BotName} - Creating inline KB...
2020-10-30 14:47:40,616 [9] INFO INFOropert{BotName} - KB created
2020-10-30 14:47:40,617 [9] INFO INFOropert{BotName} - Saving state for 1000034035
2020-10-30 14:47:40,617 [9] INFO INFOropert{BotName} - In executing mysql
2020-10-30 14:47:40,697 [9] INFO INFOropert{BotName} - Executing mysql end
2020-10-30 14:47:40,697 [9] INFO INFOropert{BotName} - State saved
2020-10-30 14:47:40,697 [9] INFO INFOropert{BotName} - CallbackQuerry from 1000034035 end
2020-10-30 14:47:44,868 [14] INFO INFOropert{BotName} - Checking for updates...
2020-10-30 14:47:44,949 [14] INFO INFOropert{BotName} - Updating users...
2020-10-30 14:47:45,085 [14] INFO INFOropert{BotName} - Users updated
2020-10-30 14:47:45,085 [14] INFO INFOropert{BotName} - Updates checked
2020-10-30 14:47:58,640 [17] INFO INFOropert{BotName} - On callback querry '1' from 1000034035
2020-10-30 14:47:58,640 [17] INFO INFOropert{BotName} - Answer '1' from 1000034035 on 206/3 was right!
2020-10-30 14:47:58,718 [17] INFO INFOropert{BotName} - Creating inline KB...
2020-10-30 14:47:58,718 [17] INFO INFOropert{BotName} - KB created
2020-10-30 14:47:58,719 [17] INFO INFOropert{BotName} - Saving state for 1000034035
2020-10-30 14:47:58,719 [17] INFO INFOropert{BotName} - In executing mysql
2020-10-30 14:47:58,800 [17] INFO INFOropert{BotName} - Executing mysql end
2020-10-30 14:47:58,800 [17] INFO INFOropert{BotName} - State saved
2020-10-30 14:47:58,800 [17] INFO INFOropert{BotName} - CallbackQuerry from 1000034035 end
2020-10-30 14:48:44,864 [12] INFO INFOropert{BotName} - Checking for updates...
2020-10-30 14:48:44,945 [12] INFO INFOropert{BotName} - Updating users...
2020-10-30 14:48:45,083 [12] INFO INFOropert{BotName} - Users updated
2020-10-30 14:48:45,083 [12] INFO INFOropert{BotName} - Updates checked
2020-10-30 14:48:57,750 [17] INFO INFOropert{BotName} - On callback querry '3' from 1000034035
2020-10-30 14:48:57,750 [17] INFO INFOropert{BotName} - Answer '3' from 1000034035 on 206/4 was right!
2020-10-30 14:48:57,852 [17] INFO INFOropert{BotName} - Saving state for 1000034035
2020-10-30 14:48:57,852 [17] INFO INFOropert{BotName} - In executing mysql
2020-10-30 14:48:57,934 [17] INFO INFOropert{BotName} - Executing mysql end
2020-10-30 14:48:57,934 [17] INFO INFOropert{BotName} - State saved
2020-10-30 14:48:57,934 [17] INFO INFOropert{BotName} - CallbackQuerry from 1000034035 end
2020-10-30 14:49:44,865 [7] INFO INFOropert{BotName} - Checking for updates...
2020-10-30 14:49:44,948 [7] INFO INFOropert{BotName} - Updating users...
2020-10-30 14:49:45,091 [7] INFO INFOropert{BotName} - Users updated
2020-10-30 14:49:45,091 [7] INFO INFOropert{BotName} - Updates checked
2020-10-30 14:50:44,870 [18] INFO INFOropert{BotName} - Checking for updates...
2020-10-30 14:50:44,952 [18] INFO INFOropert{BotName} - Updating users...
2020-10-30 14:50:45,091 [18] INFO INFOropert{BotName} - Users updated
2020-10-30 14:50:45,091 [18] INFO INFOropert{BotName} - Updates checked
2020-10-30 14:51:34,410 [11] INFO INFOropert{BotName} - On message recieved '3,5,6' from 1000034035
2020-10-30 14:51:34,411 [11] INFO INFOropert{BotName} - In executing mysql
2020-10-30 14:51:34,493 [11] INFO INFOropert{BotName} - Executing mysql end
2020-10-30 14:51:34,543 [11] INFO INFOropert{BotName} - Answer '3,5,6' from 1000034035 on 206/5 was right!
2020-10-30 14:51:34,619 [11] INFO INFOropert{BotName} - Creating inline KB...
2020-10-30 14:51:34,619 [11] INFO INFOropert{BotName} - KB created
2020-10-30 14:51:34,619 [11] INFO INFOropert{BotName} - Saving state for 1000034035
2020-10-30 14:51:34,619 [11] INFO INFOropert{BotName} - In executing mysql
2020-10-30 14:51:34,698 [11] INFO INFOropert{BotName} - Executing mysql end
2020-10-30 14:51:34,699 [11] INFO INFOropert{BotName} - State saved
2020-10-30 14:51:34,699 [11] INFO INFOropert{BotName} - On message from 1000034035 end
2020-10-30 14:51:44,863 [14] INFO INFOropert{BotName} - Checking for updates...
2020-10-30 14:51:44,945 [14] INFO INFOropert{BotName} - Updating users...
2020-10-30 14:51:45,081 [14] INFO INFOropert{BotName} - Users updated
2020-10-30 14:51:45,081 [14] INFO INFOropert{BotName} - Updates checked
2020-10-30 14:52:16,049 [13] INFO INFOropert{BotName} - On callback querry '2' from 1000034035
2020-10-30 14:52:16,049 [13] INFO INFOropert{BotName} - Answer '2' from 1000034035 on 206/6 was right!
2020-10-30 14:52:16,130 [13] INFO INFOropert{BotName} - Creating inline KB...
2020-10-30 14:52:16,130 [13] INFO INFOropert{BotName} - KB created
2020-10-30 14:52:16,131 [13] INFO INFOropert{BotName} - Saving state for 1000034035
2020-10-30 14:52:16,131 [13] INFO INFOropert{BotName} - In executing mysql
2020-10-30 14:52:16,210 [13] INFO INFOropert{BotName} - Executing mysql end
2020-10-30 14:52:16,210 [13] INFO INFOropert{BotName} - State saved
2020-10-30 14:52:16,210 [13] INFO INFOropert{BotName} - CallbackQuerry from 1000034035 end
2020-10-30 14:52:44,869 [6] INFO INFOropert{BotName} - Checking for updates...
2020-10-30 14:52:44,950 [6] INFO INFOropert{BotName} - Updating users...
2020-10-30 14:52:45,087 [6] INFO INFOropert{BotName} - Users updated
2020-10-30 14:52:45,087 [6] INFO INFOropert{BotName} - Updates checked
2020-10-30 14:53:44,856 [8] INFO INFOropert{BotName} - Checking for updates...
2020-10-30 14:53:44,935 [8] INFO INFOropert{BotName} - Updating users...
2020-10-30 14:53:45,076 [8] INFO INFOropert{BotName} - Users updated
2020-10-30 14:53:45,076 [8] INFO INFOropert{BotName} - Updates checked
2020-10-30 14:54:44,863 [15] INFO INFOropert{BotName} - Checking for updates...
2020-10-30 14:54:44,947 [15] INFO INFOropert{BotName} - Updating users...
2020-10-30 14:54:45,085 [15] INFO INFOropert{BotName} - Users updated
2020-10-30 14:54:45,085 [15] INFO INFOropert{BotName} - Updates checked
2020-10-30 14:55:40,966 [20] INFO INFOropert{BotName} - On callback querry '3' from 1000034035
2020-10-30 14:55:40,966 [20] INFO INFOropert{BotName} - Answer '3' from 1000034035 on 206/7 was right!
2020-10-30 14:55:41,051 [20] INFO INFOropert{BotName} - Creating inline KB...
2020-10-30 14:55:41,051 [20] INFO INFOropert{BotName} - KB created
2020-10-30 14:55:41,052 [20] INFO INFOropert{BotName} - Saving state for 1000034035
2020-10-30 14:55:41,052 [20] INFO INFOropert{BotName} - In executing mysql
2020-10-30 14:55:41,131 [20] INFO INFOropert{BotName} - Executing mysql end
2020-10-30 14:55:41,131 [20] INFO INFOropert{BotName} - State saved
2020-10-30 14:55:41,131 [20] INFO INFOropert{BotName} - CallbackQuerry from 1000034035 end
2020-10-30 14:55:44,865 [22] INFO INFOropert{BotName} - Checking for updates...
2020-10-30 14:55:44,948 [22] INFO INFOropert{BotName} - Updating users...
2020-10-30 14:55:45,088 [22] INFO INFOropert{BotName} - Users updated
2020-10-30 14:55:45,089 [22] INFO INFOropert{BotName} - Updates checked
2020-10-30 14:56:44,865 [7] INFO INFOropert{BotName} - Checking for updates...
2020-10-30 14:56:44,944 [7] INFO INFOropert{BotName} - Updating users...
2020-10-30 14:56:45,083 [7] INFO INFOropert{BotName} - Users updated
2020-10-30 14:56:45,083 [7] INFO INFOropert{BotName} - Updates checked
2020-10-30 14:56:51,347 [23] INFO INFOropert{BotName} - On callback querry '2' from 1000034035
2020-10-30 14:56:51,348 [23] INFO INFOropert{BotName} - Answer '2' from 1000034035 on 206/8 was right!
2020-10-30 14:56:51,566 [23] INFO INFOropert{BotName} - Saving state for 1000034035
2020-10-30 14:56:51,566 [23] INFO INFOropert{BotName} - In executing mysql
2020-10-30 14:56:51,648 [23] INFO INFOropert{BotName} - Executing mysql end
2020-10-30 14:56:51,648 [23] INFO INFOropert{BotName} - State saved
2020-10-30 14:56:51,648 [23] INFO INFOropert{BotName} - CallbackQuerry from 1000034035 end
2020-10-30 14:57:44,864 [6] INFO INFOropert{BotName} - Checking for updates...
2020-10-30 14:57:44,946 [6] INFO INFOropert{BotName} - Updating users...
2020-10-30 14:57:45,084 [6] INFO INFOropert{BotName} - Users updated
2020-10-30 14:57:45,085 [6] INFO INFOropert{BotName} - Updates checked
2020-10-30 14:58:44,856 [24] INFO INFOropert{BotName} - Checking for updates...
2020-10-30 14:58:44,938 [24] INFO INFOropert{BotName} - Updating users...
2020-10-30 14:58:45,073 [24] INFO INFOropert{BotName} - Users updated
2020-10-30 14:58:45,073 [24] INFO INFOropert{BotName} - Updates checked
2020-10-30 14:59:44,863 [10] INFO INFOropert{BotName} - Checking for updates...
2020-10-30 14:59:44,943 [10] INFO INFOropert{BotName} - Updating users...
2020-10-30 14:59:45,082 [10] INFO INFOropert{BotName} - Users updated
2020-10-30 14:59:45,082 [10] INFO INFOropert{BotName} - Updates checked
2020-10-30 15:00:44,866 [7] INFO INFOropert{BotName} - Checking for updates...
2020-10-30 15:00:44,947 [7] INFO INFOropert{BotName} - Updating users...
2020-10-30 15:00:45,085 [7] INFO INFOropert{BotName} - Users updated
2020-10-30 15:00:45,085 [7] INFO INFOropert{BotName} - Updates checked
2020-10-30 15:01:44,865 [26] INFO INFOropert{BotName} - Checking for updates...
2020-10-30 15:01:44,944 [26] INFO INFOropert{BotName} - Updating users...
2020-10-30 15:01:45,083 [26] INFO INFOropert{BotName} - Users updated
2020-10-30 15:01:45,083 [26] INFO INFOropert{BotName} - Updates checked
2020-10-30 15:02:01,355 [25] INFO INFOropert{BotName} - On message recieved '1,3,4' from 1000034035
2020-10-30 15:02:01,355 [25] INFO INFOropert{BotName} - In executing mysql
2020-10-30 15:02:01,437 [25] INFO INFOropert{BotName} - Executing mysql end
2020-10-30 15:02:01,437 [25] INFO INFOropert{BotName} - Answer '1,3,4' from 1000034035 on 206/9 was wrong! Right answer is 1;2;4
2020-10-30 15:02:01,536 [25] INFO INFOropert{BotName} - Creating inline KB...
2020-10-30 15:02:01,536 [25] INFO INFOropert{BotName} - KB created
2020-10-30 15:02:01,536 [25] INFO INFOropert{BotName} - Saving state for 1000034035
2020-10-30 15:02:01,536 [25] INFO INFOropert{BotName} - In executing mysql
2020-10-30 15:02:01,616 [25] INFO INFOropert{BotName} - Executing mysql end
2020-10-30 15:02:01,616 [25] INFO INFOropert{BotName} - State saved
2020-10-30 15:02:01,616 [25] INFO INFOropert{BotName} - On message from 1000034035 end
2020-10-30 15:02:44,863 [29] INFO INFOropert{BotName} - Checking for updates...
2020-10-30 15:02:44,944 [29] INFO INFOropert{BotName} - Updating users...
2020-10-30 15:02:45,081 [29] INFO INFOropert{BotName} - Users updated
2020-10-30 15:02:45,081 [29] INFO INFOropert{BotName} - Updates checked
2020-10-30 15:02:50,937 [25] INFO INFOropert{BotName} - On callback querry '2' from 1000034035
2020-10-30 15:02:50,938 [25] INFO INFOropert{BotName} - Answer '2' from 1000034035 on 206/10 was right!
2020-10-30 15:02:51,032 [25] INFO INFOropert{BotName} - Creating inline KB...
2020-10-30 15:02:51,032 [25] INFO INFOropert{BotName} - KB created
2020-10-30 15:02:51,033 [25] INFO INFOropert{BotName} - Saving state for 1000034035
2020-10-30 15:02:51,033 [25] INFO INFOropert{BotName} - In executing mysql
2020-10-30 15:02:51,112 [25] INFO INFOropert{BotName} - Executing mysql end
2020-10-30 15:02:51,112 [25] INFO INFOropert{BotName} - State saved
2020-10-30 15:02:51,112 [25] INFO INFOropert{BotName} - CallbackQuerry from 1000034035 end
2020-10-30 15:03:44,867 [30] INFO INFOropert{BotName} - Checking for updates...
2020-10-30 15:03:44,949 [30] INFO INFOropert{BotName} - Updating users...
2020-10-30 15:03:45,093 [30] INFO INFOropert{BotName} - Users updated
2020-10-30 15:03:45,093 [30] INFO INFOropert{BotName} - Updates checked
2020-10-30 15:04:06,036 [25] INFO INFOropert{BotName} - On callback querry '4' from 1000034035
2020-10-30 15:04:06,037 [25] INFO INFOropert{BotName} - Answer '4' from 1000034035 on 206/11 was wrong!
2020-10-30 15:04:06,119 [25] INFO INFOropert{BotName} - Creating inline KB...
2020-10-30 15:04:06,119 [25] INFO INFOropert{BotName} - KB created
2020-10-30 15:04:06,120 [25] INFO INFOropert{BotName} - Saving state for 1000034035
2020-10-30 15:04:06,120 [25] INFO INFOropert{BotName} - In executing mysql
2020-10-30 15:04:06,199 [25] INFO INFOropert{BotName} - Executing mysql end
2020-10-30 15:04:06,199 [25] INFO INFOropert{BotName} - State saved
2020-10-30 15:04:06,199 [25] INFO INFOropert{BotName} - CallbackQuerry from 1000034035 end
2020-10-30 15:04:44,865 [7] INFO INFOropert{BotName} - Checking for updates...
2020-10-30 15:04:44,946 [7] INFO INFOropert{BotName} - Updating users...
2020-10-30 15:04:45,081 [7] INFO INFOropert{BotName} - Users updated
2020-10-30 15:04:45,081 [7] INFO INFOropert{BotName} - Updates checked
2020-10-30 15:04:53,298 [25] INFO INFOropert{BotName} - On callback querry '4' from 1000034035
2020-10-30 15:04:53,298 [25] INFO INFOropert{BotName} - Answer '4' from 1000034035 on 206/12 was right!
2020-10-30 15:04:53,391 [25] INFO INFOropert{BotName} - Creating inline KB...
2020-10-30 15:04:53,391 [25] INFO INFOropert{BotName} - KB created
2020-10-30 15:04:53,391 [25] INFO INFOropert{BotName} - Saving state for 1000034035
2020-10-30 15:04:53,391 [25] INFO INFOropert{BotName} - In executing mysql
2020-10-30 15:04:53,507 [25] INFO INFOropert{BotName} - Executing mysql end
2020-10-30 15:04:53,507 [25] INFO INFOropert{BotName} - State saved
2020-10-30 15:04:53,507 [25] INFO INFOropert{BotName} - CallbackQuerry from 1000034035 end
2020-10-30 15:05:44,863 [29] INFO INFOropert{BotName} - Checking for updates...
2020-10-30 15:05:44,944 [29] INFO INFOropert{BotName} - Updating users...
2020-10-30 15:05:45,079 [29] INFO INFOropert{BotName} - Users updated
2020-10-30 15:05:45,079 [29] INFO INFOropert{BotName} - Updates checked
2020-10-30 15:06:44,863 [31] INFO INFOropert{BotName} - Checking for updates...
2020-10-30 15:06:44,942 [31] INFO INFOropert{BotName} - Updating users...
2020-10-30 15:06:45,081 [31] INFO INFOropert{BotName} - Users updated
2020-10-30 15:06:45,081 [31] INFO INFOropert{BotName} - Updates checked
2020-10-30 15:07:44,863 [24] INFO INFOropert{BotName} - Checking for updates...
2020-10-30 15:07:44,944 [24] INFO INFOropert{BotName} - Updating users...
2020-10-30 15:07:45,080 [24] INFO INFOropert{BotName} - Users updated
2020-10-30 15:07:45,080 [24] INFO INFOropert{BotName} - Updates checked
2020-10-30 15:08:26,405 [15] INFO INFOropert{BotName} - On callback querry '1' from 1000034035
2020-10-30 15:08:26,405 [15] INFO INFOropert{BotName} - Answer '1' from 1000034035 on 206/13 was wrong!
2020-10-30 15:08:26,501 [15] INFO INFOropert{BotName} - Creating inline KB...
2020-10-30 15:08:26,501 [15] INFO INFOropert{BotName} - KB created
2020-10-30 15:08:26,502 [15] INFO INFOropert{BotName} - Saving state for 1000034035
2020-10-30 15:08:26,502 [15] INFO INFOropert{BotName} - In executing mysql
2020-10-30 15:08:26,581 [15] INFO INFOropert{BotName} - Executing mysql end
2020-10-30 15:08:26,581 [15] INFO INFOropert{BotName} - State saved
2020-10-30 15:08:26,581 [15] INFO INFOropert{BotName} - CallbackQuerry from 1000034035 end
2020-10-30 15:08:44,866 [34] INFO INFOropert{BotName} - Checking for updates...
2020-10-30 15:08:44,947 [34] INFO INFOropert{BotName} - Updating users...
2020-10-30 15:08:45,084 [34] INFO INFOropert{BotName} - Users updated
2020-10-30 15:08:45,084 [34] INFO INFOropert{BotName} - Updates checked
2020-10-30 15:09:20,599 [15] INFO INFOropert{BotName} - On callback querry '3' from 1000034035
2020-10-30 15:09:20,599 [15] INFO INFOropert{BotName} - Answer '3' from 1000034035 on 206/14 was wrong!
2020-10-30 15:09:20,677 [15] INFO INFOropert{BotName} - Creating inline KB...
2020-10-30 15:09:20,678 [15] INFO INFOropert{BotName} - KB created
2020-10-30 15:09:20,678 [15] INFO INFOropert{BotName} - Saving state for 1000034035
2020-10-30 15:09:20,678 [15] INFO INFOropert{BotName} - In executing mysql
2020-10-30 15:09:20,758 [15] INFO INFOropert{BotName} - Executing mysql end
2020-10-30 15:09:20,758 [15] INFO INFOropert{BotName} - State saved
2020-10-30 15:09:20,758 [15] INFO INFOropert{BotName} - CallbackQuerry from 1000034035 end
2020-10-30 15:09:44,863 [34] INFO INFOropert{BotName} - Checking for updates...
2020-10-30 15:09:44,947 [34] INFO INFOropert{BotName} - Updating users...
2020-10-30 15:09:45,090 [34] INFO INFOropert{BotName} - Users updated
2020-10-30 15:09:45,090 [34] INFO INFOropert{BotName} - Updates checked
2020-10-30 15:10:23,531 [15] INFO INFOropert{BotName} - On callback querry '1' from 1000034035
2020-10-30 15:10:23,531 [15] INFO INFOropert{BotName} - Answer '1' from 1000034035 on 206/15 was right!
2020-10-30 15:10:23,624 [15] INFO INFOropert{BotName} - Creating inline KB...
2020-10-30 15:10:23,624 [15] INFO INFOropert{BotName} - KB created
2020-10-30 15:10:23,624 [15] INFO INFOropert{BotName} - Saving state for 1000034035
2020-10-30 15:10:23,624 [15] INFO INFOropert{BotName} - In executing mysql
2020-10-30 15:10:23,704 [15] INFO INFOropert{BotName} - Executing mysql end
2020-10-30 15:10:23,704 [15] INFO INFOropert{BotName} - State saved
2020-10-30 15:10:23,704 [15] INFO INFOropert{BotName} - CallbackQuerry from 1000034035 end
2020-10-30 15:10:32,936 [15] INFO INFOropert{BotName} - On callback querry '2' from 1000034035
2020-10-30 15:10:32,936 [15] INFO INFOropert{BotName} - Answer '2' from 1000034035 on 206/16 was right!
2020-10-30 15:10:33,008 [15] INFO INFOropert{BotName} - Creating inline KB...
2020-10-30 15:10:33,008 [15] INFO INFOropert{BotName} - KB created
2020-10-30 15:10:33,009 [15] INFO INFOropert{BotName} - Saving state for 1000034035
2020-10-30 15:10:33,009 [15] INFO INFOropert{BotName} - In executing mysql
2020-10-30 15:10:33,091 [15] INFO INFOropert{BotName} - Executing mysql end
2020-10-30 15:10:33,091 [15] INFO INFOropert{BotName} - State saved
2020-10-30 15:10:33,091 [15] INFO INFOropert{BotName} - CallbackQuerry from 1000034035 end
2020-10-30 15:10:44,864 [31] INFO INFOropert{BotName} - Checking for updates...
2020-10-30 15:10:44,942 [31] INFO INFOropert{BotName} - Updating users...
2020-10-30 15:10:45,080 [31] INFO INFOropert{BotName} - Users updated
2020-10-30 15:10:45,080 [31] INFO INFOropert{BotName} - Updates checked
2020-10-30 15:11:08,371 [15] INFO INFOropert{BotName} - On callback querry '2' from 1000034035
2020-10-30 15:11:08,371 [15] INFO INFOropert{BotName} - Answer '2' from 1000034035 on 206/17 was right!
2020-10-30 15:11:08,496 [15] INFO INFOropert{BotName} - Creating inline KB...
2020-10-30 15:11:08,496 [15] INFO INFOropert{BotName} - KB created
2020-10-30 15:11:08,497 [15] INFO INFOropert{BotName} - Saving state for 1000034035
2020-10-30 15:11:08,497 [15] INFO INFOropert{BotName} - In executing mysql
2020-10-30 15:11:08,578 [15] INFO INFOropert{BotName} - Executing mysql end
2020-10-30 15:11:08,578 [15] INFO INFOropert{BotName} - State saved
2020-10-30 15:11:08,578 [15] INFO INFOropert{BotName} - CallbackQuerry from 1000034035 end
2020-10-30 15:11:44,868 [32] INFO INFOropert{BotName} - Checking for updates...
2020-10-30 15:11:44,950 [32] INFO INFOropert{BotName} - Updating users...
2020-10-30 15:11:45,090 [32] INFO INFOropert{BotName} - Users updated
2020-10-30 15:11:45,090 [32] INFO INFOropert{BotName} - Updates checked
2020-10-30 15:11:51,989 [15] INFO INFOropert{BotName} - On message recieved 'Допомога 💬' from 1000034035
2020-10-30 15:11:51,989 [15] INFO INFOropert{BotName} - In executing mysql
2020-10-30 15:11:52,074 [15] INFO INFOropert{BotName} - Executing mysql end
2020-10-30 15:11:52,077 [15] INFO INFOropert{BotName} - On message from 1000034035 end
2020-10-30 15:11:58,462 [15] INFO INFOropert{BotName} - On message recieved 'Повторити запитання з тесту 🔄' from 1000034035
2020-10-30 15:11:58,462 [15] INFO INFOropert{BotName} - Creating inline KB...
2020-10-30 15:11:58,462 [15] INFO INFOropert{BotName} - KB created
2020-10-30 15:11:58,462 [15] INFO INFOropert{BotName} - On message from 1000034035 end
2020-10-30 15:12:00,763 [15] INFO INFOropert{BotName} - On callback querry '1' from 1000034035
2020-10-30 15:12:00,763 [15] INFO INFOropert{BotName} - Answer '1' from 1000034035 on 206/18 was wrong!
2020-10-30 15:12:00,841 [15] INFO INFOropert{BotName} - Creating inline KB...
2020-10-30 15:12:00,841 [15] INFO INFOropert{BotName} - KB created
2020-10-30 15:12:00,842 [15] INFO INFOropert{BotName} - Saving state for 1000034035
2020-10-30 15:12:00,842 [15] INFO INFOropert{BotName} - In executing mysql
2020-10-30 15:12:00,924 [15] INFO INFOropert{BotName} - Executing mysql end
2020-10-30 15:12:00,924 [15] INFO INFOropert{BotName} - State saved
2020-10-30 15:12:00,924 [15] INFO INFOropert{BotName} - CallbackQuerry from 1000034035 end
2020-10-30 15:12:34,524 [15] INFO INFOropert{BotName} - On callback querry '1' from 1000034035
2020-10-30 15:12:34,525 [15] INFO INFOropert{BotName} - Answer '1' from 1000034035 on 206/19 was wrong!
2020-10-30 15:12:34,654 [15] INFO INFOropert{BotName} - Creating inline KB...
2020-10-30 15:12:34,654 [15] INFO INFOropert{BotName} - KB created
2020-10-30 15:12:34,655 [15] INFO INFOropert{BotName} - Saving state for 1000034035
2020-10-30 15:12:34,655 [15] INFO INFOropert{BotName} - In executing mysql
2020-10-30 15:12:34,737 [15] INFO INFOropert{BotName} - Executing mysql end
2020-10-30 15:12:34,737 [15] INFO INFOropert{BotName} - State saved
2020-10-30 15:12:34,737 [15] INFO INFOropert{BotName} - CallbackQuerry from 1000034035 end
2020-10-30 15:12:44,866 [27] INFO INFOropert{BotName} - Checking for updates...
2020-10-30 15:12:44,950 [27] INFO INFOropert{BotName} - Updating users...
2020-10-30 15:12:45,091 [27] INFO INFOropert{BotName} - Users updated
2020-10-30 15:12:45,091 [27] INFO INFOropert{BotName} - Updates checked
2020-10-30 15:13:06,124 [15] INFO INFOropert{BotName} - On callback querry '4' from 1000034035
2020-10-30 15:13:06,124 [15] INFO INFOropert{BotName} - Answer '4' from 1000034035 on 206/20 was wrong!
2020-10-30 15:13:06,270 [15] INFO INFOropert{BotName} - Creating inline KB...
2020-10-30 15:13:06,270 [15] INFO INFOropert{BotName} - KB created
2020-10-30 15:13:06,270 [15] INFO INFOropert{BotName} - Saving state for 1000034035
2020-10-30 15:13:06,270 [15] INFO INFOropert{BotName} - In executing mysql
2020-10-30 15:13:06,352 [15] INFO INFOropert{BotName} - Executing mysql end
2020-10-30 15:13:06,352 [15] INFO INFOropert{BotName} - State saved
2020-10-30 15:13:06,352 [15] INFO INFOropert{BotName} - CallbackQuerry from 1000034035 end
2020-10-30 15:13:44,867 [30] INFO INFOropert{BotName} - Checking for updates...
2020-10-30 15:13:44,946 [30] INFO INFOropert{BotName} - Updating users...
2020-10-30 15:13:45,088 [30] INFO INFOropert{BotName} - Users updated
2020-10-30 15:13:45,088 [30] INFO INFOropert{BotName} - Updates checked
2020-10-30 15:14:17,388 [15] INFO INFOropert{BotName} - On callback querry '4' from 1000034035
2020-10-30 15:14:17,388 [15] INFO INFOropert{BotName} - Answer '4' from 1000034035 on 206/21 was right!
2020-10-30 15:14:17,483 [15] INFO INFOropert{BotName} - Creating inline KB...
2020-10-30 15:14:17,483 [15] INFO INFOropert{BotName} - KB created
2020-10-30 15:14:17,484 [15] INFO INFOropert{BotName} - Saving state for 1000034035
2020-10-30 15:14:17,484 [15] INFO INFOropert{BotName} - In executing mysql
2020-10-30 15:14:17,567 [15] INFO INFOropert{BotName} - Executing mysql end
2020-10-30 15:14:17,567 [15] INFO INFOropert{BotName} - State saved
2020-10-30 15:14:17,567 [15] INFO INFOropert{BotName} - CallbackQuerry from 1000034035 end
2020-10-30 15:14:17,779 [15] INFO INFOropert{BotName} - On callback querry '4' from 1000034035
2020-10-30 15:14:17,779 [15] INFO INFOropert{BotName} - Old callback. Callback from 1000034035 end
2020-10-30 15:14:36,944 [15] INFO INFOropert{BotName} - On callback querry '3' from 1000034035
2020-10-30 15:14:36,944 [15] INFO INFOropert{BotName} - Answer '3' from 1000034035 on 206/22 was right!
2020-10-30 15:14:37,019 [15] INFO INFOropert{BotName} - Creating inline KB...
2020-10-30 15:14:37,019 [15] INFO INFOropert{BotName} - KB created
2020-10-30 15:14:37,020 [15] INFO INFOropert{BotName} - Saving state for 1000034035
2020-10-30 15:14:37,020 [15] INFO INFOropert{BotName} - In executing mysql
2020-10-30 15:14:37,099 [15] INFO INFOropert{BotName} - Executing mysql end
2020-10-30 15:14:37,099 [15] INFO INFOropert{BotName} - State saved
2020-10-30 15:14:37,099 [15] INFO INFOropert{BotName} - CallbackQuerry from 1000034035 end
2020-10-30 15:14:44,863 [24] INFO INFOropert{BotName} - Checking for updates...
2020-10-30 15:14:44,945 [24] INFO INFOropert{BotName} - Updating users...
2020-10-30 15:14:45,080 [24] INFO INFOropert{BotName} - Users updated
2020-10-30 15:14:45,080 [24] INFO INFOropert{BotName} - Updates checked
2020-10-30 15:14:49,917 [15] INFO INFOropert{BotName} - On callback querry '1' from 1000034035
2020-10-30 15:14:49,917 [15] INFO INFOropert{BotName} - Answer '1' from 1000034035 on 206/23 was right!
2020-10-30 15:14:49,994 [15] INFO INFOropert{BotName} - Creating inline KB...
2020-10-30 15:14:49,994 [15] INFO INFOropert{BotName} - KB created
2020-10-30 15:14:49,995 [15] INFO INFOropert{BotName} - Saving state for 1000034035
2020-10-30 15:14:49,995 [15] INFO INFOropert{BotName} - In executing mysql
2020-10-30 15:14:50,074 [15] INFO INFOropert{BotName} - Executing mysql end
2020-10-30 15:14:50,074 [15] INFO INFOropert{BotName} - State saved
2020-10-30 15:14:50,074 [15] INFO INFOropert{BotName} - CallbackQuerry from 1000034035 end
2020-10-30 15:15:40,449 [15] INFO INFOropert{BotName} - On callback querry '2' from 1000034035
2020-10-30 15:15:40,449 [15] INFO INFOropert{BotName} - Answer '2' from 1000034035 on 206/24 was right!
2020-10-30 15:15:40,563 [15] INFO INFOropert{BotName} - Creating inline KB...
2020-10-30 15:15:40,563 [15] INFO INFOropert{BotName} - KB created
2020-10-30 15:15:40,563 [15] INFO INFOropert{BotName} - Saving state for 1000034035
2020-10-30 15:15:40,563 [15] INFO INFOropert{BotName} - In executing mysql
2020-10-30 15:15:40,644 [15] INFO INFOropert{BotName} - Executing mysql end
2020-10-30 15:15:40,644 [15] INFO INFOropert{BotName} - State saved
2020-10-30 15:15:40,644 [15] INFO INFOropert{BotName} - CallbackQuerry from 1000034035 end
2020-10-30 15:15:44,868 [25] INFO INFOropert{BotName} - Checking for updates...
2020-10-30 15:15:44,947 [25] INFO INFOropert{BotName} - Updating users...
2020-10-30 15:15:45,086 [25] INFO INFOropert{BotName} - Users updated
2020-10-30 15:15:45,086 [25] INFO INFOropert{BotName} - Updates checked
2020-10-30 15:16:44,864 [27] INFO INFOropert{BotName} - Checking for updates...
2020-10-30 15:16:44,945 [27] INFO INFOropert{BotName} - Updating users...
2020-10-30 15:16:45,081 [27] INFO INFOropert{BotName} - Users updated
2020-10-30 15:16:45,081 [27] INFO INFOropert{BotName} - Updates checked
2020-10-30 15:17:44,866 [6] INFO INFOropert{BotName} - Checking for updates...
2020-10-30 15:17:44,944 [6] INFO INFOropert{BotName} - Updating users...
2020-10-30 15:17:45,083 [6] INFO INFOropert{BotName} - Users updated
2020-10-30 15:17:45,083 [6] INFO INFOropert{BotName} - Updates checked
2020-10-30 15:18:44,865 [10] INFO INFOropert{BotName} - Checking for updates...
2020-10-30 15:18:44,946 [10] INFO INFOropert{BotName} - Updating users...
2020-10-30 15:18:45,085 [10] INFO INFOropert{BotName} - Users updated
2020-10-30 15:18:45,085 [10] INFO INFOropert{BotName} - Updating lessons...
2020-10-30 15:18:45,371 [15] INFO INFOropert{BotName} - On callback querry '1' from 1000034035
2020-10-30 15:18:45,371 [15] INFO INFOropert{BotName} - Answer '1' from 1000034035 on 206/25 was wrong!
2020-10-30 15:18:45,511 [7] INFO INFOropert{BotName} - Creating inline KB...
2020-10-30 15:18:45,511 [7] INFO INFOropert{BotName} - KB created
2020-10-30 15:18:45,512 [7] INFO INFOropert{BotName} - Saving state for 1000034035
2020-10-30 15:18:45,512 [7] INFO INFOropert{BotName} - In executing mysql
2020-10-30 15:18:46,376 [7] INFO INFOropert{BotName} - Executing mysql end
2020-10-30 15:18:46,376 [7] INFO INFOropert{BotName} - State saved
2020-10-30 15:18:46,377 [7] INFO INFOropert{BotName} - CallbackQuerry from 1000034035 end
2020-10-30 15:19:03,032 [10] INFO INFOropert{BotName} - In HMNotificationTimer
2020-10-30 15:19:03,032 [10] INFO INFOropert{BotName} - Get next lesson
2020-10-30 15:19:03,032 [10] INFO INFOropert{BotName} - Get next lesson end
2020-10-30 15:19:03,032 [10] INFO INFOropert{BotName} - No lesson found. HMNotification end
2020-10-30 15:19:03,032 [10] INFO INFOropert{BotName} - In WebinarNotificationTimer
2020-10-30 15:19:03,032 [10] INFO INFOropert{BotName} - Get next lesson
2020-10-30 15:19:03,032 [10] INFO INFOropert{BotName} - Get next lesson end
2020-10-30 15:19:03,032 [10] INFO INFOropert{BotName} - No lesson found. WebinarNotification end
2020-10-30 15:19:03,032 [10] INFO INFOropert{BotName} - In InitializeTestTimer
2020-10-30 15:19:03,032 [10] INFO INFOropert{BotName} - Get next lesson(hour)
2020-10-30 15:19:03,032 [10] INFO INFOropert{BotName} - Get next lesson(hour) end
2020-10-30 15:19:03,032 [10] INFO INFOropert{BotName} - No lesson found. InitializeTimer end
2020-10-30 15:19:03,032 [10] INFO INFOropert{BotName} - In InitializeStopTimer
2020-10-30 15:19:03,032 [10] INFO INFOropert{BotName} - Get next lesson(min,hour)
2020-10-30 15:19:03,032 [10] INFO INFOropert{BotName} - Get next lesson(min,hour) end
2020-10-30 15:19:03,032 [10] INFO INFOropert{BotName} - No lesson found. StopTimer end
2020-10-30 15:19:03,032 [10] INFO INFOropert{BotName} - In LinkSenderTimer
2020-10-30 15:19:03,032 [10] INFO INFOropert{BotName} - Get next lesson
2020-10-30 15:19:03,032 [10] INFO INFOropert{BotName} - Get next lesson end
2020-10-30 15:19:03,032 [10] INFO INFOropert{BotName} - No lesson found. LinkSender end
2020-10-30 15:19:03,032 [10] INFO INFOropert{BotName} - Lessons updated
2020-10-30 15:19:03,032 [10] INFO INFOropert{BotName} - Updates checked
2020-10-30 15:19:08,831 [7] INFO INFOropert{BotName} - On callback querry '4' from 1000034035
2020-10-30 15:19:08,831 [7] INFO INFOropert{BotName} - Answer '4' from 1000034035 on 206/26 was right!
2020-10-30 15:19:08,911 [7] INFO INFOropert{BotName} - Creating inline KB...
2020-10-30 15:19:08,911 [7] INFO INFOropert{BotName} - KB created
2020-10-30 15:19:08,911 [7] INFO INFOropert{BotName} - Saving state for 1000034035
2020-10-30 15:19:08,911 [7] INFO INFOropert{BotName} - In executing mysql
2020-10-30 15:19:08,983 [7] INFO INFOropert{BotName} - Executing mysql end
2020-10-30 15:19:08,983 [7] INFO INFOropert{BotName} - State saved
2020-10-30 15:19:08,983 [7] INFO INFOropert{BotName} - CallbackQuerry from 1000034035 end
2020-10-30 15:19:20,706 [7] INFO INFOropert{BotName} - On callback querry '2' from 1000034035
2020-10-30 15:19:20,706 [7] INFO INFOropert{BotName} - Answer '2' from 1000034035 on 206/27 was right!
2020-10-30 15:19:20,857 [7] INFO INFOropert{BotName} - Creating inline KB...
2020-10-30 15:19:20,857 [7] INFO INFOropert{BotName} - KB created
2020-10-30 15:19:20,857 [7] INFO INFOropert{BotName} - Saving state for 1000034035
2020-10-30 15:19:20,857 [7] INFO INFOropert{BotName} - In executing mysql
2020-10-30 15:19:20,936 [7] INFO INFOropert{BotName} - Executing mysql end
2020-10-30 15:19:20,936 [7] INFO INFOropert{BotName} - State saved
2020-10-30 15:19:20,936 [7] INFO INFOropert{BotName} - CallbackQuerry from 1000034035 end
2020-10-30 15:19:35,864 [7] INFO INFOropert{BotName} - On callback querry '3' from 1000034035
2020-10-30 15:19:35,864 [7] INFO INFOropert{BotName} - Answer '3' from 1000034035 on 206/28 was right!
2020-10-30 15:19:36,004 [7] INFO INFOropert{BotName} - Creating inline KB...
2020-10-30 15:19:36,004 [7] INFO INFOropert{BotName} - KB created
2020-10-30 15:19:36,004 [7] INFO INFOropert{BotName} - Saving state for 1000034035
2020-10-30 15:19:36,004 [7] INFO INFOropert{BotName} - In executing mysql
2020-10-30 15:19:36,088 [7] INFO INFOropert{BotName} - Executing mysql end
2020-10-30 15:19:36,088 [7] INFO INFOropert{BotName} - State saved
2020-10-30 15:19:36,088 [7] INFO INFOropert{BotName} - CallbackQuerry from 1000034035 end
2020-10-30 15:19:44,865 [25] INFO INFOropert{BotName} - Checking for updates...
2020-10-30 15:19:44,935 [25] INFO INFOropert{BotName} - Updating users...
2020-10-30 15:19:45,068 [25] INFO INFOropert{BotName} - Users updated
2020-10-30 15:19:45,069 [25] INFO INFOropert{BotName} - Updates checked
2020-10-30 15:20:44,900 [30] INFO INFOropert{BotName} - Checking for updates...
2020-10-30 15:20:44,992 [30] INFO INFOropert{BotName} - Updating users...
2020-10-30 15:20:45,137 [30] INFO INFOropert{BotName} - Users updated
2020-10-30 15:20:45,137 [30] INFO INFOropert{BotName} - Updating lessons...
2020-10-30 15:20:53,523 [7] INFO INFOropert{BotName} - On callback querry '2' from 1000034035
2020-10-30 15:20:53,523 [7] INFO INFOropert{BotName} - Answer '2' from 1000034035 on 206/29 was right!
2020-10-30 15:20:53,607 [7] INFO INFOropert{BotName} - Creating inline KB...
2020-10-30 15:20:53,607 [7] INFO INFOropert{BotName} - KB created
2020-10-30 15:20:53,607 [7] INFO INFOropert{BotName} - Saving state for 1000034035
2020-10-30 15:20:53,607 [7] INFO INFOropert{BotName} - In executing mysql
2020-10-30 15:20:53,688 [7] INFO INFOropert{BotName} - Executing mysql end
2020-10-30 15:20:53,688 [7] INFO INFOropert{BotName} - State saved
2020-10-30 15:20:53,688 [7] INFO INFOropert{BotName} - CallbackQuerry from 1000034035 end
2020-10-30 15:20:57,481 [30] INFO INFOropert{BotName} - In HMNotificationTimer
2020-10-30 15:20:57,481 [30] INFO INFOropert{BotName} - Get next lesson
2020-10-30 15:20:57,481 [30] INFO INFOropert{BotName} - Get next lesson end
2020-10-30 15:20:57,481 [30] INFO INFOropert{BotName} - No lesson found. HMNotification end
2020-10-30 15:20:57,481 [30] INFO INFOropert{BotName} - In WebinarNotificationTimer
2020-10-30 15:20:57,481 [30] INFO INFOropert{BotName} - Get next lesson
2020-10-30 15:20:57,481 [30] INFO INFOropert{BotName} - Get next lesson end
2020-10-30 15:20:57,481 [30] INFO INFOropert{BotName} - No lesson found. WebinarNotification end
2020-10-30 15:20:57,481 [30] INFO INFOropert{BotName} - In InitializeTestTimer
2020-10-30 15:20:57,481 [30] INFO INFOropert{BotName} - Get next lesson(hour)
2020-10-30 15:20:57,481 [30] INFO INFOropert{BotName} - Get next lesson(hour) end
2020-10-30 15:20:57,481 [30] INFO INFOropert{BotName} - No lesson found. InitializeTimer end
2020-10-30 15:20:57,481 [30] INFO INFOropert{BotName} - In InitializeStopTimer
2020-10-30 15:20:57,481 [30] INFO INFOropert{BotName} - Get next lesson(min,hour)
2020-10-30 15:20:57,481 [30] INFO INFOropert{BotName} - Get next lesson(min,hour) end
2020-10-30 15:20:57,481 [30] INFO INFOropert{BotName} - No lesson found. StopTimer end
2020-10-30 15:20:57,481 [30] INFO INFOropert{BotName} - In LinkSenderTimer
2020-10-30 15:20:57,481 [30] INFO INFOropert{BotName} - Get next lesson
2020-10-30 15:20:57,481 [30] INFO INFOropert{BotName} - Get next lesson end
2020-10-30 15:20:57,481 [30] INFO INFOropert{BotName} - No lesson found. LinkSender end
2020-10-30 15:20:57,481 [30] INFO INFOropert{BotName} - Lessons updated
2020-10-30 15:20:57,482 [30] INFO INFOropert{BotName} - Updates checked
2020-10-30 15:21:17,280 [31] INFO INFOropert{BotName} - On callback querry '2' from 1000034035
2020-10-30 15:21:17,280 [31] INFO INFOropert{BotName} - Answer '2' from 1000034035 on 206/30 was right!
2020-10-30 15:21:17,367 [31] INFO INFOropert{BotName} - Creating inline KB...
2020-10-30 15:21:17,367 [31] INFO INFOropert{BotName} - KB created
2020-10-30 15:21:17,370 [31] INFO INFOropert{BotName} - Saving state for 1000034035
2020-10-30 15:21:17,370 [31] INFO INFOropert{BotName} - In executing mysql
2020-10-30 15:21:17,449 [31] INFO INFOropert{BotName} - Executing mysql end
2020-10-30 15:21:17,449 [31] INFO INFOropert{BotName} - State saved
2020-10-30 15:21:17,449 [31] INFO INFOropert{BotName} - CallbackQuerry from 1000034035 end
2020-10-30 15:21:44,866 [6] INFO INFOropert{BotName} - Checking for updates...
2020-10-30 15:21:44,937 [6] INFO INFOropert{BotName} - Updating users...
2020-10-30 15:21:45,077 [6] INFO INFOropert{BotName} - Users updated
2020-10-30 15:21:45,077 [6] INFO INFOropert{BotName} - Updating lessons...
2020-10-30 15:21:51,540 [1] INFO INFOropert{BotName} - Saving state for all users...
2020-10-30 15:21:51,540 [1] INFO INFOropert{BotName} - States saved
